[0.009s] Invoking command in '/home/cc/pg-ros/4_ROS2_Beginners/project_followerdolly_ws/build/dolly_follow': CMAKE_PREFIX_PATH=${CMAKE_PREFIX_PATH}:/home/cc/pg-ros/4_ROS2_Beginners/ros2nodes_ws/install/nodes_pkg:/home/cc/ros2_ws/install/my_py_pkg:/opt/ros/foxy /usr/bin/cmake --build /home/cc/pg-ros/4_ROS2_Beginners/project_followerdolly_ws/build/dolly_follow -- -j16 -l16
[0.047s] [100%] Built target dolly_follow
[0.055s] Invoked command in '/home/cc/pg-ros/4_ROS2_Beginners/project_followerdolly_ws/build/dolly_follow' returned '0': CMAKE_PREFIX_PATH=${CMAKE_PREFIX_PATH}:/home/cc/pg-ros/4_ROS2_Beginners/ros2nodes_ws/install/nodes_pkg:/home/cc/ros2_ws/install/my_py_pkg:/opt/ros/foxy /usr/bin/cmake --build /home/cc/pg-ros/4_ROS2_Beginners/project_followerdolly_ws/build/dolly_follow -- -j16 -l16
[0.076s] Invoking command in '/home/cc/pg-ros/4_ROS2_Beginners/project_followerdolly_ws/build/dolly_follow': CMAKE_PREFIX_PATH=${CMAKE_PREFIX_PATH}:/home/cc/pg-ros/4_ROS2_Beginners/ros2nodes_ws/install/nodes_pkg:/home/cc/ros2_ws/install/my_py_pkg:/opt/ros/foxy /usr/bin/cmake --install /home/cc/pg-ros/4_ROS2_Beginners/project_followerdolly_ws/build/dolly_follow
[0.081s] -- Install configuration: ""
[0.081s] -- Up-to-date: /home/cc/pg-ros/4_ROS2_Beginners/project_followerdolly_ws/install/dolly_follow/lib/dolly_follow/dolly_follow
[0.081s] -- Up-to-date: /home/cc/pg-ros/4_ROS2_Beginners/project_followerdolly_ws/install/dolly_follow/share/ament_index/resource_index/package_run_dependencies/dolly_follow
[0.082s] -- Up-to-date: /home/cc/pg-ros/4_ROS2_Beginners/project_followerdolly_ws/install/dolly_follow/share/ament_index/resource_index/parent_prefix_path/dolly_follow
[0.082s] -- Up-to-date: /home/cc/pg-ros/4_ROS2_Beginners/project_followerdolly_ws/install/dolly_follow/share/dolly_follow/environment/ament_prefix_path.sh
[0.082s] -- Up-to-date: /home/cc/pg-ros/4_ROS2_Beginners/project_followerdolly_ws/install/dolly_follow/share/dolly_follow/environment/ament_prefix_path.dsv
[0.082s] -- Up-to-date: /home/cc/pg-ros/4_ROS2_Beginners/project_followerdolly_ws/install/dolly_follow/share/dolly_follow/environment/path.sh
[0.082s] -- Up-to-date: /home/cc/pg-ros/4_ROS2_Beginners/project_followerdolly_ws/install/dolly_follow/share/dolly_follow/environment/path.dsv
[0.082s] -- Up-to-date: /home/cc/pg-ros/4_ROS2_Beginners/project_followerdolly_ws/install/dolly_follow/share/dolly_follow/local_setup.bash
[0.082s] -- Up-to-date: /home/cc/pg-ros/4_ROS2_Beginners/project_followerdolly_ws/install/dolly_follow/share/dolly_follow/local_setup.sh
[0.082s] -- Up-to-date: /home/cc/pg-ros/4_ROS2_Beginners/project_followerdolly_ws/install/dolly_follow/share/dolly_follow/local_setup.zsh
[0.082s] -- Up-to-date: /home/cc/pg-ros/4_ROS2_Beginners/project_followerdolly_ws/install/dolly_follow/share/dolly_follow/local_setup.dsv
[0.082s] -- Installing: /home/cc/pg-ros/4_ROS2_Beginners/project_followerdolly_ws/install/dolly_follow/share/dolly_follow/package.dsv
[0.082s] -- Up-to-date: /home/cc/pg-ros/4_ROS2_Beginners/project_followerdolly_ws/install/dolly_follow/share/ament_index/resource_index/packages/dolly_follow
[0.082s] -- Up-to-date: /home/cc/pg-ros/4_ROS2_Beginners/project_followerdolly_ws/install/dolly_follow/share/dolly_follow/cmake/dolly_followConfig.cmake
[0.082s] -- Up-to-date: /home/cc/pg-ros/4_ROS2_Beginners/project_followerdolly_ws/install/dolly_follow/share/dolly_follow/cmake/dolly_followConfig-version.cmake
[0.082s] -- Up-to-date: /home/cc/pg-ros/4_ROS2_Beginners/project_followerdolly_ws/install/dolly_follow/share/dolly_follow/package.xml
[0.083s] Invoked command in '/home/cc/pg-ros/4_ROS2_Beginners/project_followerdolly_ws/build/dolly_follow' returned '0': CMAKE_PREFIX_PATH=${CMAKE_PREFIX_PATH}:/home/cc/pg-ros/4_ROS2_Beginners/ros2nodes_ws/install/nodes_pkg:/home/cc/ros2_ws/install/my_py_pkg:/opt/ros/foxy /usr/bin/cmake --install /home/cc/pg-ros/4_ROS2_Beginners/project_followerdolly_ws/build/dolly_follow
