running egg_info
writing ../../build/services_pkg/services_pkg.egg-info/PKG-INFO
writing dependency_links to ../../build/services_pkg/services_pkg.egg-info/dependency_links.txt
writing entry points to ../../build/services_pkg/services_pkg.egg-info/entry_points.txt
writing requirements to ../../build/services_pkg/services_pkg.egg-info/requires.txt
writing top-level names to ../../build/services_pkg/services_pkg.egg-info/top_level.txt
reading manifest file '../../build/services_pkg/services_pkg.egg-info/SOURCES.txt'
writing manifest file '../../build/services_pkg/services_pkg.egg-info/SOURCES.txt'
running build
running build_py
copying services_pkg/add_two_ints_client_no_oop.py -> /home/cc/pg-ros/4_ROS2_Beginners/ros2services_ws/build/services_pkg/build/lib/services_pkg
copying services_pkg/smartphone.py -> /home/cc/pg-ros/4_ROS2_Beginners/ros2services_ws/build/services_pkg/build/lib/services_pkg
copying services_pkg/template_python_node.py -> /home/cc/pg-ros/4_ROS2_Beginners/ros2services_ws/build/services_pkg/build/lib/services_pkg
copying services_pkg/robot_news_station.py -> /home/cc/pg-ros/4_ROS2_Beginners/ros2services_ws/build/services_pkg/build/lib/services_pkg
copying services_pkg/add_two_ints_client.py -> /home/cc/pg-ros/4_ROS2_Beginners/ros2services_ws/build/services_pkg/build/lib/services_pkg
copying services_pkg/number_counter.py -> /home/cc/pg-ros/4_ROS2_Beginners/ros2services_ws/build/services_pkg/build/lib/services_pkg
copying services_pkg/number_publisher.py -> /home/cc/pg-ros/4_ROS2_Beginners/ros2services_ws/build/services_pkg/build/lib/services_pkg
copying services_pkg/add_two_ints_server.py -> /home/cc/pg-ros/4_ROS2_Beginners/ros2services_ws/build/services_pkg/build/lib/services_pkg
running install
running install_lib
copying /home/cc/pg-ros/4_ROS2_Beginners/ros2services_ws/build/services_pkg/build/lib/services_pkg/add_two_ints_client_no_oop.py -> /home/cc/pg-ros/4_ROS2_Beginners/ros2services_ws/install/services_pkg/lib/python3.8/site-packages/services_pkg
copying /home/cc/pg-ros/4_ROS2_Beginners/ros2services_ws/build/services_pkg/build/lib/services_pkg/smartphone.py -> /home/cc/pg-ros/4_ROS2_Beginners/ros2services_ws/install/services_pkg/lib/python3.8/site-packages/services_pkg
copying /home/cc/pg-ros/4_ROS2_Beginners/ros2services_ws/build/services_pkg/build/lib/services_pkg/template_python_node.py -> /home/cc/pg-ros/4_ROS2_Beginners/ros2services_ws/install/services_pkg/lib/python3.8/site-packages/services_pkg
copying /home/cc/pg-ros/4_ROS2_Beginners/ros2services_ws/build/services_pkg/build/lib/services_pkg/robot_news_station.py -> /home/cc/pg-ros/4_ROS2_Beginners/ros2services_ws/install/services_pkg/lib/python3.8/site-packages/services_pkg
copying /home/cc/pg-ros/4_ROS2_Beginners/ros2services_ws/build/services_pkg/build/lib/services_pkg/add_two_ints_client.py -> /home/cc/pg-ros/4_ROS2_Beginners/ros2services_ws/install/services_pkg/lib/python3.8/site-packages/services_pkg
copying /home/cc/pg-ros/4_ROS2_Beginners/ros2services_ws/build/services_pkg/build/lib/services_pkg/number_counter.py -> /home/cc/pg-ros/4_ROS2_Beginners/ros2services_ws/install/services_pkg/lib/python3.8/site-packages/services_pkg
copying /home/cc/pg-ros/4_ROS2_Beginners/ros2services_ws/build/services_pkg/build/lib/services_pkg/number_publisher.py -> /home/cc/pg-ros/4_ROS2_Beginners/ros2services_ws/install/services_pkg/lib/python3.8/site-packages/services_pkg
copying /home/cc/pg-ros/4_ROS2_Beginners/ros2services_ws/build/services_pkg/build/lib/services_pkg/add_two_ints_server.py -> /home/cc/pg-ros/4_ROS2_Beginners/ros2services_ws/install/services_pkg/lib/python3.8/site-packages/services_pkg
byte-compiling /home/cc/pg-ros/4_ROS2_Beginners/ros2services_ws/install/services_pkg/lib/python3.8/site-packages/services_pkg/add_two_ints_client_no_oop.py to add_two_ints_client_no_oop.cpython-38.pyc
byte-compiling /home/cc/pg-ros/4_ROS2_Beginners/ros2services_ws/install/services_pkg/lib/python3.8/site-packages/services_pkg/smartphone.py to smartphone.cpython-38.pyc
byte-compiling /home/cc/pg-ros/4_ROS2_Beginners/ros2services_ws/install/services_pkg/lib/python3.8/site-packages/services_pkg/template_python_node.py to template_python_node.cpython-38.pyc
byte-compiling /home/cc/pg-ros/4_ROS2_Beginners/ros2services_ws/install/services_pkg/lib/python3.8/site-packages/services_pkg/robot_news_station.py to robot_news_station.cpython-38.pyc
byte-compiling /home/cc/pg-ros/4_ROS2_Beginners/ros2services_ws/install/services_pkg/lib/python3.8/site-packages/services_pkg/add_two_ints_client.py to add_two_ints_client.cpython-38.pyc
byte-compiling /home/cc/pg-ros/4_ROS2_Beginners/ros2services_ws/install/services_pkg/lib/python3.8/site-packages/services_pkg/number_counter.py to number_counter.cpython-38.pyc
byte-compiling /home/cc/pg-ros/4_ROS2_Beginners/ros2services_ws/install/services_pkg/lib/python3.8/site-packages/services_pkg/number_publisher.py to number_publisher.cpython-38.pyc
byte-compiling /home/cc/pg-ros/4_ROS2_Beginners/ros2services_ws/install/services_pkg/lib/python3.8/site-packages/services_pkg/add_two_ints_server.py to add_two_ints_server.cpython-38.pyc
running install_data
copying package.xml -> /home/cc/pg-ros/4_ROS2_Beginners/ros2services_ws/install/services_pkg/share/services_pkg
running install_egg_info
removing '/home/cc/pg-ros/4_ROS2_Beginners/ros2services_ws/install/services_pkg/lib/python3.8/site-packages/services_pkg-0.0.0-py3.8.egg-info' (and everything under it)
Copying ../../build/services_pkg/services_pkg.egg-info to /home/cc/pg-ros/4_ROS2_Beginners/ros2services_ws/install/services_pkg/lib/python3.8/site-packages/services_pkg-0.0.0-py3.8.egg-info
running install_scripts
Installing listener_node script to /home/cc/pg-ros/4_ROS2_Beginners/ros2services_ws/install/services_pkg/lib/services_pkg
Installing py_node script to /home/cc/pg-ros/4_ROS2_Beginners/ros2services_ws/install/services_pkg/lib/services_pkg
Installing talker_node script to /home/cc/pg-ros/4_ROS2_Beginners/ros2services_ws/install/services_pkg/lib/services_pkg
writing list of installed files to '/home/cc/pg-ros/4_ROS2_Beginners/ros2services_ws/build/services_pkg/install.log'
