[1.008s] Invoking command in '/home/cc/pg-ros/4_ROS2_Beginners/ros2topics/src/topics_pkg': PYTHONPATH=/home/cc/pg-ros/4_ROS2_Beginners/ros2topics/install/topics_pkg/lib/python3.8/site-packages:${PYTHONPATH} /usr/bin/python3 setup.py egg_info --egg-base ../../build/topics_pkg build --build-base /home/cc/pg-ros/4_ROS2_Beginners/ros2topics/build/topics_pkg/build install --prefix /home/cc/pg-ros/4_ROS2_Beginners/ros2topics/install/topics_pkg --record /home/cc/pg-ros/4_ROS2_Beginners/ros2topics/build/topics_pkg/install.log --single-version-externally-managed
[1.155s] /home/cc/.local/lib/python3.8/site-packages/setuptools/dist.py:757: UserWarning: Usage of dash-separated 'script-dir' will not be supported in future versions. Please use the underscore name 'script_dir' instead
[1.155s]   warnings.warn(
[1.155s] /home/cc/.local/lib/python3.8/site-packages/setuptools/dist.py:757: UserWarning: Usage of dash-separated 'install-scripts' will not be supported in future versions. Please use the underscore name 'install_scripts' instead
[1.155s]   warnings.warn(
[1.482s] running egg_info
[1.483s] creating ../../build/topics_pkg/topics_pkg.egg-info
[1.518s] writing ../../build/topics_pkg/topics_pkg.egg-info/PKG-INFO
[1.545s] writing dependency_links to ../../build/topics_pkg/topics_pkg.egg-info/dependency_links.txt
[1.685s] writing requirements to ../../build/topics_pkg/topics_pkg.egg-info/requires.txt
[1.712s] writing top-level names to ../../build/topics_pkg/topics_pkg.egg-info/top_level.txt
[1.713s] writing manifest file '../../build/topics_pkg/topics_pkg.egg-info/SOURCES.txt'
[1.757s] reading manifest file '../../build/topics_pkg/topics_pkg.egg-info/SOURCES.txt'
[1.757s] writing manifest file '../../build/topics_pkg/topics_pkg.egg-info/SOURCES.txt'
[1.757s] running build
[1.757s] running build_py
[1.757s] creating /home/cc/pg-ros/4_ROS2_Beginners/ros2topics/build/topics_pkg/build
[1.757s] creating /home/cc/pg-ros/4_ROS2_Beginners/ros2topics/build/topics_pkg/build/lib
[1.757s] creating /home/cc/pg-ros/4_ROS2_Beginners/ros2topics/build/topics_pkg/build/lib/topics_pkg
[1.758s] copying topics_pkg/__init__.py -> /home/cc/pg-ros/4_ROS2_Beginners/ros2topics/build/topics_pkg/build/lib/topics_pkg
[1.758s] copying topics_pkg/my_first_node.py -> /home/cc/pg-ros/4_ROS2_Beginners/ros2topics/build/topics_pkg/build/lib/topics_pkg
[1.758s] running install
[1.758s] /home/cc/.local/lib/python3.8/site-packages/setuptools/command/install.py:34: SetuptoolsDeprecationWarning: setup.py install is deprecated. Use build and pip and other standards-based tools.
[1.758s]   warnings.warn(
[1.761s] running install_lib
[1.796s] creating /home/cc/pg-ros/4_ROS2_Beginners/ros2topics/install/topics_pkg/lib/python3.8/site-packages/topics_pkg
[1.796s] copying /home/cc/pg-ros/4_ROS2_Beginners/ros2topics/build/topics_pkg/build/lib/topics_pkg/__init__.py -> /home/cc/pg-ros/4_ROS2_Beginners/ros2topics/install/topics_pkg/lib/python3.8/site-packages/topics_pkg
[1.796s] copying /home/cc/pg-ros/4_ROS2_Beginners/ros2topics/build/topics_pkg/build/lib/topics_pkg/my_first_node.py -> /home/cc/pg-ros/4_ROS2_Beginners/ros2topics/install/topics_pkg/lib/python3.8/site-packages/topics_pkg
[1.796s] byte-compiling /home/cc/pg-ros/4_ROS2_Beginners/ros2topics/install/topics_pkg/lib/python3.8/site-packages/topics_pkg/__init__.py to __init__.cpython-38.pyc
[1.796s] byte-compiling /home/cc/pg-ros/4_ROS2_Beginners/ros2topics/install/topics_pkg/lib/python3.8/site-packages/topics_pkg/my_first_node.py to my_first_node.cpython-38.pyc
[1.796s] running install_data
[1.804s] creating /home/cc/pg-ros/4_ROS2_Beginners/ros2topics/install/topics_pkg/share/ament_index
[1.805s] creating /home/cc/pg-ros/4_ROS2_Beginners/ros2topics/install/topics_pkg/share/ament_index/resource_index
[1.805s] creating /home/cc/pg-ros/4_ROS2_Beginners/ros2topics/install/topics_pkg/share/ament_index/resource_index/packages
[1.805s] copying resource/topics_pkg -> /home/cc/pg-ros/4_ROS2_Beginners/ros2topics/install/topics_pkg/share/ament_index/resource_index/packages
[1.805s] copying package.xml -> /home/cc/pg-ros/4_ROS2_Beginners/ros2topics/install/topics_pkg/share/topics_pkg
[1.805s] running install_egg_info
[1.841s] Copying ../../build/topics_pkg/topics_pkg.egg-info to /home/cc/pg-ros/4_ROS2_Beginners/ros2topics/install/topics_pkg/lib/python3.8/site-packages/topics_pkg-0.0.0-py3.8.egg-info
[1.841s] running install_scripts
[1.913s] writing list of installed files to '/home/cc/pg-ros/4_ROS2_Beginners/ros2topics/build/topics_pkg/install.log'
[1.926s] Invoked command in '/home/cc/pg-ros/4_ROS2_Beginners/ros2topics/src/topics_pkg' returned '0': PYTHONPATH=/home/cc/pg-ros/4_ROS2_Beginners/ros2topics/install/topics_pkg/lib/python3.8/site-packages:${PYTHONPATH} /usr/bin/python3 setup.py egg_info --egg-base ../../build/topics_pkg build --build-base /home/cc/pg-ros/4_ROS2_Beginners/ros2topics/build/topics_pkg/build install --prefix /home/cc/pg-ros/4_ROS2_Beginners/ros2topics/install/topics_pkg --record /home/cc/pg-ros/4_ROS2_Beginners/ros2topics/build/topics_pkg/install.log --single-version-externally-managed
