/home/cc/.local/lib/python3.8/site-packages/setuptools/dist.py:772: UserWarning: Usage of dash-separated 'script-dir' will not be supported in future versions. Please use the underscore name 'script_dir' instead
  warnings.warn(
/home/cc/.local/lib/python3.8/site-packages/setuptools/dist.py:772: UserWarning: Usage of dash-separated 'install-scripts' will not be supported in future versions. Please use the underscore name 'install_scripts' instead
  warnings.warn(
running egg_info
creating ../../build/nodes_pkg/nodes_pkg.egg-info
writing ../../build/nodes_pkg/nodes_pkg.egg-info/PKG-INFO
writing dependency_links to ../../build/nodes_pkg/nodes_pkg.egg-info/dependency_links.txt
writing entry points to ../../build/nodes_pkg/nodes_pkg.egg-info/entry_points.txt
writing requirements to ../../build/nodes_pkg/nodes_pkg.egg-info/requires.txt
writing top-level names to ../../build/nodes_pkg/nodes_pkg.egg-info/top_level.txt
writing manifest file '../../build/nodes_pkg/nodes_pkg.egg-info/SOURCES.txt'
reading manifest file '../../build/nodes_pkg/nodes_pkg.egg-info/SOURCES.txt'
writing manifest file '../../build/nodes_pkg/nodes_pkg.egg-info/SOURCES.txt'
running build
running build_py
creating /home/cc/ros2beginners/ws/ros2nodes_ws/build/nodes_pkg/build
creating /home/cc/ros2beginners/ws/ros2nodes_ws/build/nodes_pkg/build/lib
creating /home/cc/ros2beginners/ws/ros2nodes_ws/build/nodes_pkg/build/lib/nodes_pkg
copying nodes_pkg/my_first_node.py -> /home/cc/ros2beginners/ws/ros2nodes_ws/build/nodes_pkg/build/lib/nodes_pkg
copying nodes_pkg/__init__.py -> /home/cc/ros2beginners/ws/ros2nodes_ws/build/nodes_pkg/build/lib/nodes_pkg
copying nodes_pkg/listener.py -> /home/cc/ros2beginners/ws/ros2nodes_ws/build/nodes_pkg/build/lib/nodes_pkg
copying nodes_pkg/talker.py -> /home/cc/ros2beginners/ws/ros2nodes_ws/build/nodes_pkg/build/lib/nodes_pkg
copying nodes_pkg/template_python_node.py -> /home/cc/ros2beginners/ws/ros2nodes_ws/build/nodes_pkg/build/lib/nodes_pkg
running install
/home/cc/.local/lib/python3.8/site-packages/setuptools/command/install.py:34: SetuptoolsDeprecationWarning: setup.py install is deprecated. Use build and pip and other standards-based tools.
  warnings.warn(
running install_lib
creating /home/cc/ros2beginners/ws/ros2nodes_ws/install/nodes_pkg/lib/python3.8/site-packages/nodes_pkg
copying /home/cc/ros2beginners/ws/ros2nodes_ws/build/nodes_pkg/build/lib/nodes_pkg/my_first_node.py -> /home/cc/ros2beginners/ws/ros2nodes_ws/install/nodes_pkg/lib/python3.8/site-packages/nodes_pkg
copying /home/cc/ros2beginners/ws/ros2nodes_ws/build/nodes_pkg/build/lib/nodes_pkg/__init__.py -> /home/cc/ros2beginners/ws/ros2nodes_ws/install/nodes_pkg/lib/python3.8/site-packages/nodes_pkg
copying /home/cc/ros2beginners/ws/ros2nodes_ws/build/nodes_pkg/build/lib/nodes_pkg/listener.py -> /home/cc/ros2beginners/ws/ros2nodes_ws/install/nodes_pkg/lib/python3.8/site-packages/nodes_pkg
copying /home/cc/ros2beginners/ws/ros2nodes_ws/build/nodes_pkg/build/lib/nodes_pkg/talker.py -> /home/cc/ros2beginners/ws/ros2nodes_ws/install/nodes_pkg/lib/python3.8/site-packages/nodes_pkg
copying /home/cc/ros2beginners/ws/ros2nodes_ws/build/nodes_pkg/build/lib/nodes_pkg/template_python_node.py -> /home/cc/ros2beginners/ws/ros2nodes_ws/install/nodes_pkg/lib/python3.8/site-packages/nodes_pkg
byte-compiling /home/cc/ros2beginners/ws/ros2nodes_ws/install/nodes_pkg/lib/python3.8/site-packages/nodes_pkg/my_first_node.py to my_first_node.cpython-38.pyc
byte-compiling /home/cc/ros2beginners/ws/ros2nodes_ws/install/nodes_pkg/lib/python3.8/site-packages/nodes_pkg/__init__.py to __init__.cpython-38.pyc
byte-compiling /home/cc/ros2beginners/ws/ros2nodes_ws/install/nodes_pkg/lib/python3.8/site-packages/nodes_pkg/listener.py to listener.cpython-38.pyc
byte-compiling /home/cc/ros2beginners/ws/ros2nodes_ws/install/nodes_pkg/lib/python3.8/site-packages/nodes_pkg/talker.py to talker.cpython-38.pyc
byte-compiling /home/cc/ros2beginners/ws/ros2nodes_ws/install/nodes_pkg/lib/python3.8/site-packages/nodes_pkg/template_python_node.py to template_python_node.cpython-38.pyc
running install_data
running install_egg_info
Copying ../../build/nodes_pkg/nodes_pkg.egg-info to /home/cc/ros2beginners/ws/ros2nodes_ws/install/nodes_pkg/lib/python3.8/site-packages/nodes_pkg-0.0.0-py3.8.egg-info
running install_scripts
Installing listener_node script to /home/cc/ros2beginners/ws/ros2nodes_ws/install/nodes_pkg/lib/nodes_pkg
Installing py_node script to /home/cc/ros2beginners/ws/ros2nodes_ws/install/nodes_pkg/lib/nodes_pkg
Installing talker_node script to /home/cc/ros2beginners/ws/ros2nodes_ws/install/nodes_pkg/lib/nodes_pkg
writing list of installed files to '/home/cc/ros2beginners/ws/ros2nodes_ws/build/nodes_pkg/install.log'
