[1.098s] Invoking command in '/home/cc/ros2beginners/ws/ros2nodes_ws/src/nodes_pkg': PYTHONPATH=/home/cc/ros2beginners/ws/ros2nodes_ws/install/nodes_pkg/lib/python3.8/site-packages:${PYTHONPATH} /usr/bin/python3 setup.py egg_info --egg-base ../../build/nodes_pkg build --build-base /home/cc/ros2beginners/ws/ros2nodes_ws/build/nodes_pkg/build install --prefix /home/cc/ros2beginners/ws/ros2nodes_ws/install/nodes_pkg --record /home/cc/ros2beginners/ws/ros2nodes_ws/build/nodes_pkg/install.log --single-version-externally-managed
[1.256s] /home/cc/.local/lib/python3.8/site-packages/setuptools/dist.py:772: UserWarning: Usage of dash-separated 'script-dir' will not be supported in future versions. Please use the underscore name 'script_dir' instead
[1.256s]   warnings.warn(
[1.256s] /home/cc/.local/lib/python3.8/site-packages/setuptools/dist.py:772: UserWarning: Usage of dash-separated 'install-scripts' will not be supported in future versions. Please use the underscore name 'install_scripts' instead
[1.256s]   warnings.warn(
[1.606s] running egg_info
[1.606s] creating ../../build/nodes_pkg/nodes_pkg.egg-info
[1.643s] writing ../../build/nodes_pkg/nodes_pkg.egg-info/PKG-INFO
[1.673s] writing dependency_links to ../../build/nodes_pkg/nodes_pkg.egg-info/dependency_links.txt
[1.763s] writing entry points to ../../build/nodes_pkg/nodes_pkg.egg-info/entry_points.txt
[1.823s] writing requirements to ../../build/nodes_pkg/nodes_pkg.egg-info/requires.txt
[1.852s] writing top-level names to ../../build/nodes_pkg/nodes_pkg.egg-info/top_level.txt
[1.859s] writing manifest file '../../build/nodes_pkg/nodes_pkg.egg-info/SOURCES.txt'
[1.904s] reading manifest file '../../build/nodes_pkg/nodes_pkg.egg-info/SOURCES.txt'
[1.904s] writing manifest file '../../build/nodes_pkg/nodes_pkg.egg-info/SOURCES.txt'
[1.904s] running build
[1.904s] running build_py
[1.905s] creating /home/cc/ros2beginners/ws/ros2nodes_ws/build/nodes_pkg/build
[1.905s] creating /home/cc/ros2beginners/ws/ros2nodes_ws/build/nodes_pkg/build/lib
[1.906s] creating /home/cc/ros2beginners/ws/ros2nodes_ws/build/nodes_pkg/build/lib/nodes_pkg
[1.906s] copying nodes_pkg/my_first_node.py -> /home/cc/ros2beginners/ws/ros2nodes_ws/build/nodes_pkg/build/lib/nodes_pkg
[1.906s] copying nodes_pkg/__init__.py -> /home/cc/ros2beginners/ws/ros2nodes_ws/build/nodes_pkg/build/lib/nodes_pkg
[1.906s] copying nodes_pkg/listener.py -> /home/cc/ros2beginners/ws/ros2nodes_ws/build/nodes_pkg/build/lib/nodes_pkg
[1.906s] copying nodes_pkg/talker.py -> /home/cc/ros2beginners/ws/ros2nodes_ws/build/nodes_pkg/build/lib/nodes_pkg
[1.906s] copying nodes_pkg/template_python_node.py -> /home/cc/ros2beginners/ws/ros2nodes_ws/build/nodes_pkg/build/lib/nodes_pkg
[1.906s] running install
[1.906s] /home/cc/.local/lib/python3.8/site-packages/setuptools/command/install.py:34: SetuptoolsDeprecationWarning: setup.py install is deprecated. Use build and pip and other standards-based tools.
[1.906s]   warnings.warn(
[1.909s] running install_lib
[1.952s] creating /home/cc/ros2beginners/ws/ros2nodes_ws/install/nodes_pkg/lib/python3.8/site-packages/nodes_pkg
[1.952s] copying /home/cc/ros2beginners/ws/ros2nodes_ws/build/nodes_pkg/build/lib/nodes_pkg/my_first_node.py -> /home/cc/ros2beginners/ws/ros2nodes_ws/install/nodes_pkg/lib/python3.8/site-packages/nodes_pkg
[1.952s] copying /home/cc/ros2beginners/ws/ros2nodes_ws/build/nodes_pkg/build/lib/nodes_pkg/__init__.py -> /home/cc/ros2beginners/ws/ros2nodes_ws/install/nodes_pkg/lib/python3.8/site-packages/nodes_pkg
[1.952s] copying /home/cc/ros2beginners/ws/ros2nodes_ws/build/nodes_pkg/build/lib/nodes_pkg/listener.py -> /home/cc/ros2beginners/ws/ros2nodes_ws/install/nodes_pkg/lib/python3.8/site-packages/nodes_pkg
[1.952s] copying /home/cc/ros2beginners/ws/ros2nodes_ws/build/nodes_pkg/build/lib/nodes_pkg/talker.py -> /home/cc/ros2beginners/ws/ros2nodes_ws/install/nodes_pkg/lib/python3.8/site-packages/nodes_pkg
[1.952s] copying /home/cc/ros2beginners/ws/ros2nodes_ws/build/nodes_pkg/build/lib/nodes_pkg/template_python_node.py -> /home/cc/ros2beginners/ws/ros2nodes_ws/install/nodes_pkg/lib/python3.8/site-packages/nodes_pkg
[1.953s] byte-compiling /home/cc/ros2beginners/ws/ros2nodes_ws/install/nodes_pkg/lib/python3.8/site-packages/nodes_pkg/my_first_node.py to my_first_node.cpython-38.pyc
[1.953s] byte-compiling /home/cc/ros2beginners/ws/ros2nodes_ws/install/nodes_pkg/lib/python3.8/site-packages/nodes_pkg/__init__.py to __init__.cpython-38.pyc
[1.953s] byte-compiling /home/cc/ros2beginners/ws/ros2nodes_ws/install/nodes_pkg/lib/python3.8/site-packages/nodes_pkg/listener.py to listener.cpython-38.pyc
[1.953s] byte-compiling /home/cc/ros2beginners/ws/ros2nodes_ws/install/nodes_pkg/lib/python3.8/site-packages/nodes_pkg/talker.py to talker.cpython-38.pyc
[1.953s] byte-compiling /home/cc/ros2beginners/ws/ros2nodes_ws/install/nodes_pkg/lib/python3.8/site-packages/nodes_pkg/template_python_node.py to template_python_node.cpython-38.pyc
[1.953s] running install_data
[1.962s] running install_egg_info
[2.000s] Copying ../../build/nodes_pkg/nodes_pkg.egg-info to /home/cc/ros2beginners/ws/ros2nodes_ws/install/nodes_pkg/lib/python3.8/site-packages/nodes_pkg-0.0.0-py3.8.egg-info
[2.000s] running install_scripts
[2.069s] Installing listener_node script to /home/cc/ros2beginners/ws/ros2nodes_ws/install/nodes_pkg/lib/nodes_pkg
[2.069s] Installing py_node script to /home/cc/ros2beginners/ws/ros2nodes_ws/install/nodes_pkg/lib/nodes_pkg
[2.069s] Installing talker_node script to /home/cc/ros2beginners/ws/ros2nodes_ws/install/nodes_pkg/lib/nodes_pkg
[2.069s] writing list of installed files to '/home/cc/ros2beginners/ws/ros2nodes_ws/build/nodes_pkg/install.log'
[2.088s] Invoked command in '/home/cc/ros2beginners/ws/ros2nodes_ws/src/nodes_pkg' returned '0': PYTHONPATH=/home/cc/ros2beginners/ws/ros2nodes_ws/install/nodes_pkg/lib/python3.8/site-packages:${PYTHONPATH} /usr/bin/python3 setup.py egg_info --egg-base ../../build/nodes_pkg build --build-base /home/cc/ros2beginners/ws/ros2nodes_ws/build/nodes_pkg/build install --prefix /home/cc/ros2beginners/ws/ros2nodes_ws/install/nodes_pkg --record /home/cc/ros2beginners/ws/ros2nodes_ws/build/nodes_pkg/install.log --single-version-externally-managed
