/home/cc/.local/lib/python3.8/site-packages/setuptools/dist.py:757: UserWarning: Usage of dash-separated 'script-dir' will not be supported in future versions. Please use the underscore name 'script_dir' instead
  warnings.warn(
/home/cc/.local/lib/python3.8/site-packages/setuptools/dist.py:757: UserWarning: Usage of dash-separated 'install-scripts' will not be supported in future versions. Please use the underscore name 'install_scripts' instead
  warnings.warn(
running egg_info
writing ../../build/services_pkg/services_pkg.egg-info/PKG-INFO
writing dependency_links to ../../build/services_pkg/services_pkg.egg-info/dependency_links.txt
writing entry points to ../../build/services_pkg/services_pkg.egg-info/entry_points.txt
writing requirements to ../../build/services_pkg/services_pkg.egg-info/requires.txt
writing top-level names to ../../build/services_pkg/services_pkg.egg-info/top_level.txt
reading manifest file '../../build/services_pkg/services_pkg.egg-info/SOURCES.txt'
writing manifest file '../../build/services_pkg/services_pkg.egg-info/SOURCES.txt'
running build
running build_py
copying services_pkg/my_first_node.py -> /home/cc/pg-ros/4_ROS2_Beginners/ros2services_ws/build/services_pkg/build/lib/services_pkg
/home/cc/.local/lib/python3.8/site-packages/setuptools/command/install.py:34: SetuptoolsDeprecationWarning: setup.py install is deprecated. Use build and pip and other standards-based tools.
  warnings.warn(
running install
running install_lib
copying /home/cc/pg-ros/4_ROS2_Beginners/ros2services_ws/build/services_pkg/build/lib/services_pkg/my_first_node.py -> /home/cc/pg-ros/4_ROS2_Beginners/ros2services_ws/install/services_pkg/lib/python3.8/site-packages/services_pkg
byte-compiling /home/cc/pg-ros/4_ROS2_Beginners/ros2services_ws/install/services_pkg/lib/python3.8/site-packages/services_pkg/my_first_node.py to my_first_node.cpython-38.pyc
running install_data
running install_egg_info
removing '/home/cc/pg-ros/4_ROS2_Beginners/ros2services_ws/install/services_pkg/lib/python3.8/site-packages/services_pkg-0.0.0-py3.8.egg-info' (and everything under it)
Copying ../../build/services_pkg/services_pkg.egg-info to /home/cc/pg-ros/4_ROS2_Beginners/ros2services_ws/install/services_pkg/lib/python3.8/site-packages/services_pkg-0.0.0-py3.8.egg-info
running install_scripts
Installing listener_node script to /home/cc/pg-ros/4_ROS2_Beginners/ros2services_ws/install/services_pkg/lib/services_pkg
Installing py_node script to /home/cc/pg-ros/4_ROS2_Beginners/ros2services_ws/install/services_pkg/lib/services_pkg
Installing talker_node script to /home/cc/pg-ros/4_ROS2_Beginners/ros2services_ws/install/services_pkg/lib/services_pkg
writing list of installed files to '/home/cc/pg-ros/4_ROS2_Beginners/ros2services_ws/build/services_pkg/install.log'
