/home/cc/ros2beginners/ws/ros2nodes_ws/install/nodes_pkg/lib/python3.8/site-packages/nodes_pkg/my_first_node.py
/home/cc/ros2beginners/ws/ros2nodes_ws/install/nodes_pkg/lib/python3.8/site-packages/nodes_pkg/__init__.py
/home/cc/ros2beginners/ws/ros2nodes_ws/install/nodes_pkg/lib/python3.8/site-packages/nodes_pkg/listener.py
/home/cc/ros2beginners/ws/ros2nodes_ws/install/nodes_pkg/lib/python3.8/site-packages/nodes_pkg/talker.py
/home/cc/ros2beginners/ws/ros2nodes_ws/install/nodes_pkg/lib/python3.8/site-packages/nodes_pkg/template_python_node.py
/home/cc/ros2beginners/ws/ros2nodes_ws/install/nodes_pkg/lib/python3.8/site-packages/nodes_pkg/__pycache__/my_first_node.cpython-38.pyc
/home/cc/ros2beginners/ws/ros2nodes_ws/install/nodes_pkg/lib/python3.8/site-packages/nodes_pkg/__pycache__/__init__.cpython-38.pyc
/home/cc/ros2beginners/ws/ros2nodes_ws/install/nodes_pkg/lib/python3.8/site-packages/nodes_pkg/__pycache__/listener.cpython-38.pyc
/home/cc/ros2beginners/ws/ros2nodes_ws/install/nodes_pkg/lib/python3.8/site-packages/nodes_pkg/__pycache__/talker.cpython-38.pyc
/home/cc/ros2beginners/ws/ros2nodes_ws/install/nodes_pkg/lib/python3.8/site-packages/nodes_pkg/__pycache__/template_python_node.cpython-38.pyc
/home/cc/ros2beginners/ws/ros2nodes_ws/install/nodes_pkg/share/ament_index/resource_index/packages/nodes_pkg
/home/cc/ros2beginners/ws/ros2nodes_ws/install/nodes_pkg/share/nodes_pkg/package.xml
/home/cc/ros2beginners/ws/ros2nodes_ws/install/nodes_pkg/lib/python3.8/site-packages/nodes_pkg-0.0.0-py3.8.egg-info/SOURCES.txt
/home/cc/ros2beginners/ws/ros2nodes_ws/install/nodes_pkg/lib/python3.8/site-packages/nodes_pkg-0.0.0-py3.8.egg-info/PKG-INFO
/home/cc/ros2beginners/ws/ros2nodes_ws/install/nodes_pkg/lib/python3.8/site-packages/nodes_pkg-0.0.0-py3.8.egg-info/requires.txt
/home/cc/ros2beginners/ws/ros2nodes_ws/install/nodes_pkg/lib/python3.8/site-packages/nodes_pkg-0.0.0-py3.8.egg-info/dependency_links.txt
/home/cc/ros2beginners/ws/ros2nodes_ws/install/nodes_pkg/lib/python3.8/site-packages/nodes_pkg-0.0.0-py3.8.egg-info/top_level.txt
/home/cc/ros2beginners/ws/ros2nodes_ws/install/nodes_pkg/lib/python3.8/site-packages/nodes_pkg-0.0.0-py3.8.egg-info/zip-safe
/home/cc/ros2beginners/ws/ros2nodes_ws/install/nodes_pkg/lib/python3.8/site-packages/nodes_pkg-0.0.0-py3.8.egg-info/entry_points.txt
/home/cc/ros2beginners/ws/ros2nodes_ws/install/nodes_pkg/lib/nodes_pkg/listener_node
/home/cc/ros2beginners/ws/ros2nodes_ws/install/nodes_pkg/lib/nodes_pkg/py_node
/home/cc/ros2beginners/ws/ros2nodes_ws/install/nodes_pkg/lib/nodes_pkg/talker_node
