[0.008s] Invoking command in '/home/cc/pg-ros/4_ROS2_Beginners/project_followerdolly_ws/build/dolly_gazebo': AMENT_PREFIX_PATH=/home/cc/pg-ros/4_ROS2_Beginners/project_followerdolly_ws/install/dolly_follow:${AMENT_PREFIX_PATH} CMAKE_PREFIX_PATH=/home/cc/pg-ros/4_ROS2_Beginners/project_followerdolly_ws/install/dolly_follow:/home/cc/ros2_ws/install/my_cpp_pkg:/home/cc/pg-ros/4_ROS2_Beginners/ros2nodes_ws/install/nodes_pkg:/home/cc/ros2_ws/install/my_py_pkg:/opt/ros/foxy /usr/bin/cmake /home/cc/pg-ros/4_ROS2_Beginners/project_followerdolly_ws/src/dolly_gazebo -DCMAKE_INSTALL_PREFIX=/home/cc/pg-ros/4_ROS2_Beginners/project_followerdolly_ws/install/dolly_gazebo
[0.035s] -- The C compiler identification is GNU 9.4.0
[0.063s] -- The CXX compiler identification is GNU 9.4.0
[0.066s] -- Check for working C compiler: /usr/bin/cc
[0.100s] -- Check for working C compiler: /usr/bin/cc -- works
[0.101s] -- Detecting C compiler ABI info
[0.137s] -- Detecting C compiler ABI info - done
[0.143s] -- Detecting C compile features
[0.143s] -- Detecting C compile features - done
[0.145s] -- Check for working CXX compiler: /usr/bin/c++
[0.187s] -- Check for working CXX compiler: /usr/bin/c++ -- works
[0.188s] -- Detecting CXX compiler ABI info
[0.232s] -- Detecting CXX compiler ABI info - done
[0.238s] -- Detecting CXX compile features
[0.239s] -- Detecting CXX compile features - done
[0.244s] -- Found PkgConfig: /usr/bin/pkg-config (found version "0.29.1") 
[0.246s] -- Checking for module 'bullet>=2.82'
[0.255s] --   Found bullet, version 2.88
[0.320s] -- Found ccd: /usr/include (found suitable version "2.0", minimum required is "2.0") 
[0.350s] -- Found fcl: /usr/include (found suitable version "0.5.0", minimum required is "0.3.2") 
[0.380s] -- Found assimp: /usr/include (found version "5.0.0") 
[0.406s] -- Found DART: /usr/include (Required is at least version "6.6") found components: dart 
[0.569s] -- Found Boost: /usr/lib/x86_64-linux-gnu/cmake/Boost-1.71.0/BoostConfig.cmake (found suitable version "1.71.0", minimum required is "1.40.0") found components: thread system filesystem program_options regex iostreams date_time 
[0.588s] -- Found Protobuf: /usr/lib/x86_64-linux-gnu/libprotobuf.so;-lpthread (found version "3.6.1") 
[0.592s] -- Looking for ignition-math6 -- found version 6.10.0
[0.600s] -- Searching for dependencies of ignition-math6
[0.602s] -- Looking for OGRE...
[0.602s] -- OGRE_PREFIX_WATCH changed.
[0.605s] -- Checking for module 'OGRE'
[0.612s] --   Found OGRE, version 1.9.0
[0.631s] -- Found Ogre Ghadamon (1.9.0)
[0.636s] -- Found OGRE: optimized;/usr/lib/x86_64-linux-gnu/libOgreMain.so;debug;/usr/lib/x86_64-linux-gnu/libOgreMain.so
[0.642s] -- Looking for OGRE_Paging...
[0.646s] -- Found OGRE_Paging: optimized;/usr/lib/x86_64-linux-gnu/libOgrePaging.so;debug;/usr/lib/x86_64-linux-gnu/libOgrePaging.so
[0.646s] -- Looking for OGRE_Terrain...
[0.649s] -- Found OGRE_Terrain: optimized;/usr/lib/x86_64-linux-gnu/libOgreTerrain.so;debug;/usr/lib/x86_64-linux-gnu/libOgreTerrain.so
[0.649s] -- Looking for OGRE_Property...
[0.653s] -- Found OGRE_Property: optimized;/usr/lib/x86_64-linux-gnu/libOgreProperty.so;debug;/usr/lib/x86_64-linux-gnu/libOgreProperty.so
[0.653s] -- Looking for OGRE_RTShaderSystem...
[0.656s] -- Found OGRE_RTShaderSystem: optimized;/usr/lib/x86_64-linux-gnu/libOgreRTShaderSystem.so;debug;/usr/lib/x86_64-linux-gnu/libOgreRTShaderSystem.so
[0.656s] -- Looking for OGRE_Volume...
[0.660s] -- Found OGRE_Volume: optimized;/usr/lib/x86_64-linux-gnu/libOgreVolume.so;debug;/usr/lib/x86_64-linux-gnu/libOgreVolume.so
[0.660s] -- Looking for OGRE_Overlay...
[0.664s] -- Found OGRE_Overlay: optimized;/usr/lib/x86_64-linux-gnu/libOgreOverlay.so;debug;/usr/lib/x86_64-linux-gnu/libOgreOverlay.so
[0.736s] -- Looking for ignition-math6 -- found version 6.10.0
[0.738s] -- Looking for ignition-transport8 -- found version 8.2.1
[0.738s] -- Searching for dependencies of ignition-transport8
[0.748s] -- Found Protobuf: /usr/lib/x86_64-linux-gnu/libprotobuf.so;-lpthread (found suitable version "3.6.1", minimum required is "3") 
[0.754s] -- Config-file not installed for ZeroMQ -- checking for pkg-config
[0.756s] -- Checking for module 'libzmq >= 4'
[0.764s] --   Found libzmq , version 4.3.2
[0.784s] -- Found ZeroMQ: TRUE (Required is at least version "4") 
[0.787s] -- Checking for module 'uuid'
[0.794s] --   Found uuid, version 2.34.0
[0.813s] -- Found UUID: TRUE  
[0.815s] -- Looking for ignition-msgs5 -- found version 5.9.0
[0.815s] -- Searching for dependencies of ignition-msgs5
[0.825s] -- Looking for ignition-math6 -- found version 6.10.0
[0.828s] -- Checking for module 'tinyxml2'
[0.835s] --   Found tinyxml2, version 6.2.0
[0.857s] -- Looking for ignition-msgs5 -- found version 5.9.0
[0.859s] -- Looking for ignition-common3 -- found version 3.14.0
[0.859s] -- Searching for dependencies of ignition-common3
[0.859s] -- Looking for dlfcn.h - found
[0.860s] -- Looking for libdl - found
[0.861s] -- Found DL: TRUE  
[0.866s] -- Searching for <ignition-common3> component [graphics]
[0.867s] -- Looking for ignition-common3-graphics -- found version 3.14.0
[0.867s] -- Searching for dependencies of ignition-common3-graphics
[0.868s] -- Looking for ignition-math6 -- found version 6.10.0
[0.870s] -- Looking for ignition-fuel_tools4 -- found version 4.4.0
[0.870s] -- Searching for dependencies of ignition-fuel_tools4
[0.908s] -- Found CURL: /usr/lib/x86_64-linux-gnu/libcurl.so (found version "7.68.0")  
[0.912s] -- Checking for module 'jsoncpp'
[0.920s] --   Found jsoncpp, version 1.7.4
[0.939s] -- Found JSONCPP: TRUE  
[0.943s] -- Checking for module 'libzip'
[0.951s] --   Found libzip, version 1.5.1
[0.969s] -- Found ZIP: TRUE  
[0.970s] -- Looking for ignition-common3 -- found version 3.14.0
[0.970s] -- Looking for ignition-math6 -- found version 6.10.0
[0.970s] -- Looking for ignition-msgs5 -- found version 5.9.0
[0.972s] -- Found ament_cmake: 0.9.9 (/opt/ros/foxy/share/ament_cmake/cmake)
[0.987s] -- Found PythonInterp: /usr/bin/python3 (found suitable version "3.8.10", minimum required is "3") 
[0.987s] -- Using PYTHON_EXECUTABLE: /usr/bin/python3
[1.123s] -- Found ament_lint_auto: 0.9.6 (/opt/ros/foxy/share/ament_lint_auto/cmake)
[1.169s] -- Added test 'copyright' to check source files copyright and LICENSE
[1.172s] -- Added test 'flake8' to check Python code syntax and style conventions
[1.173s] -- Added test 'lint_cmake' to check CMake code style
[1.173s] -- Added test 'pep257' to check Python code against some of the style conventions in PEP 257
[1.175s] -- Added test 'xmllint' to check XML markup files
[1.176s] -- Configuring done
[1.178s] -- Generating done
[1.179s] -- Build files have been written to: /home/cc/pg-ros/4_ROS2_Beginners/project_followerdolly_ws/build/dolly_gazebo
[1.183s] Invoked command in '/home/cc/pg-ros/4_ROS2_Beginners/project_followerdolly_ws/build/dolly_gazebo' returned '0': AMENT_PREFIX_PATH=/home/cc/pg-ros/4_ROS2_Beginners/project_followerdolly_ws/install/dolly_follow:${AMENT_PREFIX_PATH} CMAKE_PREFIX_PATH=/home/cc/pg-ros/4_ROS2_Beginners/project_followerdolly_ws/install/dolly_follow:/home/cc/ros2_ws/install/my_cpp_pkg:/home/cc/pg-ros/4_ROS2_Beginners/ros2nodes_ws/install/nodes_pkg:/home/cc/ros2_ws/install/my_py_pkg:/opt/ros/foxy /usr/bin/cmake /home/cc/pg-ros/4_ROS2_Beginners/project_followerdolly_ws/src/dolly_gazebo -DCMAKE_INSTALL_PREFIX=/home/cc/pg-ros/4_ROS2_Beginners/project_followerdolly_ws/install/dolly_gazebo
[1.184s] Invoking command in '/home/cc/pg-ros/4_ROS2_Beginners/project_followerdolly_ws/build/dolly_gazebo': AMENT_PREFIX_PATH=/home/cc/pg-ros/4_ROS2_Beginners/project_followerdolly_ws/install/dolly_follow:${AMENT_PREFIX_PATH} CMAKE_PREFIX_PATH=/home/cc/pg-ros/4_ROS2_Beginners/project_followerdolly_ws/install/dolly_follow:/home/cc/ros2_ws/install/my_cpp_pkg:/home/cc/pg-ros/4_ROS2_Beginners/ros2nodes_ws/install/nodes_pkg:/home/cc/ros2_ws/install/my_py_pkg:/opt/ros/foxy /usr/bin/cmake --build /home/cc/pg-ros/4_ROS2_Beginners/project_followerdolly_ws/build/dolly_gazebo -- -j16 -l16
[1.209s] Invoked command in '/home/cc/pg-ros/4_ROS2_Beginners/project_followerdolly_ws/build/dolly_gazebo' returned '0': AMENT_PREFIX_PATH=/home/cc/pg-ros/4_ROS2_Beginners/project_followerdolly_ws/install/dolly_follow:${AMENT_PREFIX_PATH} CMAKE_PREFIX_PATH=/home/cc/pg-ros/4_ROS2_Beginners/project_followerdolly_ws/install/dolly_follow:/home/cc/ros2_ws/install/my_cpp_pkg:/home/cc/pg-ros/4_ROS2_Beginners/ros2nodes_ws/install/nodes_pkg:/home/cc/ros2_ws/install/my_py_pkg:/opt/ros/foxy /usr/bin/cmake --build /home/cc/pg-ros/4_ROS2_Beginners/project_followerdolly_ws/build/dolly_gazebo -- -j16 -l16
[1.223s] Invoking command in '/home/cc/pg-ros/4_ROS2_Beginners/project_followerdolly_ws/build/dolly_gazebo': AMENT_PREFIX_PATH=/home/cc/pg-ros/4_ROS2_Beginners/project_followerdolly_ws/install/dolly_follow:${AMENT_PREFIX_PATH} CMAKE_PREFIX_PATH=/home/cc/pg-ros/4_ROS2_Beginners/project_followerdolly_ws/install/dolly_follow:/home/cc/ros2_ws/install/my_cpp_pkg:/home/cc/pg-ros/4_ROS2_Beginners/ros2nodes_ws/install/nodes_pkg:/home/cc/ros2_ws/install/my_py_pkg:/opt/ros/foxy /usr/bin/cmake --install /home/cc/pg-ros/4_ROS2_Beginners/project_followerdolly_ws/build/dolly_gazebo
[1.228s] -- Install configuration: ""
[1.228s] -- Installing: /home/cc/pg-ros/4_ROS2_Beginners/project_followerdolly_ws/install/dolly_gazebo/share/dolly_gazebo//launch
[1.228s] -- Installing: /home/cc/pg-ros/4_ROS2_Beginners/project_followerdolly_ws/install/dolly_gazebo/share/dolly_gazebo//launch/dolly.launch.py
[1.228s] -- Installing: /home/cc/pg-ros/4_ROS2_Beginners/project_followerdolly_ws/install/dolly_gazebo/share/dolly_gazebo//models
[1.228s] -- Installing: /home/cc/pg-ros/4_ROS2_Beginners/project_followerdolly_ws/install/dolly_gazebo/share/dolly_gazebo//models/dolly
[1.228s] -- Installing: /home/cc/pg-ros/4_ROS2_Beginners/project_followerdolly_ws/install/dolly_gazebo/share/dolly_gazebo//models/dolly/model.config
[1.228s] -- Installing: /home/cc/pg-ros/4_ROS2_Beginners/project_followerdolly_ws/install/dolly_gazebo/share/dolly_gazebo//models/dolly/model.sdf
[1.228s] -- Installing: /home/cc/pg-ros/4_ROS2_Beginners/project_followerdolly_ws/install/dolly_gazebo/share/dolly_gazebo//models/dolly/materials
[1.228s] -- Installing: /home/cc/pg-ros/4_ROS2_Beginners/project_followerdolly_ws/install/dolly_gazebo/share/dolly_gazebo//models/dolly/materials/textures
[1.228s] -- Installing: /home/cc/pg-ros/4_ROS2_Beginners/project_followerdolly_ws/install/dolly_gazebo/share/dolly_gazebo//models/dolly/materials/textures/sheep.jpg
[1.228s] -- Installing: /home/cc/pg-ros/4_ROS2_Beginners/project_followerdolly_ws/install/dolly_gazebo/share/dolly_gazebo//models/dolly/materials/scripts
[1.228s] -- Installing: /home/cc/pg-ros/4_ROS2_Beginners/project_followerdolly_ws/install/dolly_gazebo/share/dolly_gazebo//models/dolly/materials/scripts/script.material
[1.228s] -- Installing: /home/cc/pg-ros/4_ROS2_Beginners/project_followerdolly_ws/install/dolly_gazebo/share/dolly_gazebo//models/ocean
[1.228s] -- Installing: /home/cc/pg-ros/4_ROS2_Beginners/project_followerdolly_ws/install/dolly_gazebo/share/dolly_gazebo//models/ocean/mesh.blend
[1.229s] -- Installing: /home/cc/pg-ros/4_ROS2_Beginners/project_followerdolly_ws/install/dolly_gazebo/share/dolly_gazebo//models/ocean/mesh-simple.dae
[1.229s] -- Installing: /home/cc/pg-ros/4_ROS2_Beginners/project_followerdolly_ws/install/dolly_gazebo/share/dolly_gazebo//models/ocean/mesh.dae
[1.229s] -- Installing: /home/cc/pg-ros/4_ROS2_Beginners/project_followerdolly_ws/install/dolly_gazebo/share/dolly_gazebo//models/ocean/mesh_below.dae
[1.229s] -- Installing: /home/cc/pg-ros/4_ROS2_Beginners/project_followerdolly_ws/install/dolly_gazebo/share/dolly_gazebo//models/ocean/model.config
[1.229s] -- Installing: /home/cc/pg-ros/4_ROS2_Beginners/project_followerdolly_ws/install/dolly_gazebo/share/dolly_gazebo//models/ocean/model.sdf
[1.229s] -- Installing: /home/cc/pg-ros/4_ROS2_Beginners/project_followerdolly_ws/install/dolly_gazebo/share/dolly_gazebo//models/ocean/materials
[1.229s] -- Installing: /home/cc/pg-ros/4_ROS2_Beginners/project_followerdolly_ws/install/dolly_gazebo/share/dolly_gazebo//models/ocean/materials/programs
[1.229s] -- Installing: /home/cc/pg-ros/4_ROS2_Beginners/project_followerdolly_ws/install/dolly_gazebo/share/dolly_gazebo//models/ocean/materials/programs/GLSL
[1.229s] -- Installing: /home/cc/pg-ros/4_ROS2_Beginners/project_followerdolly_ws/install/dolly_gazebo/share/dolly_gazebo//models/ocean/materials/programs/GLSL/Waves.frag
[1.229s] -- Installing: /home/cc/pg-ros/4_ROS2_Beginners/project_followerdolly_ws/install/dolly_gazebo/share/dolly_gazebo//models/ocean/materials/programs/GLSL/Waves.vert
[1.229s] -- Installing: /home/cc/pg-ros/4_ROS2_Beginners/project_followerdolly_ws/install/dolly_gazebo/share/dolly_gazebo//models/ocean/materials/textures
[1.229s] -- Installing: /home/cc/pg-ros/4_ROS2_Beginners/project_followerdolly_ws/install/dolly_gazebo/share/dolly_gazebo//models/ocean/materials/textures/clouds_dn.jpg
[1.229s] -- Installing: /home/cc/pg-ros/4_ROS2_Beginners/project_followerdolly_ws/install/dolly_gazebo/share/dolly_gazebo//models/ocean/materials/textures/clouds_up.jpg
[1.229s] -- Installing: /home/cc/pg-ros/4_ROS2_Beginners/project_followerdolly_ws/install/dolly_gazebo/share/dolly_gazebo//models/ocean/materials/textures/soil_sand_0045_01.jpg
[1.231s] -- Installing: /home/cc/pg-ros/4_ROS2_Beginners/project_followerdolly_ws/install/dolly_gazebo/share/dolly_gazebo//models/ocean/materials/textures/clouds_bk.jpg
[1.231s] -- Installing: /home/cc/pg-ros/4_ROS2_Beginners/project_followerdolly_ws/install/dolly_gazebo/share/dolly_gazebo//models/ocean/materials/textures/clouds_rt.jpg
[1.231s] -- Installing: /home/cc/pg-ros/4_ROS2_Beginners/project_followerdolly_ws/install/dolly_gazebo/share/dolly_gazebo//models/ocean/materials/textures/clouds.jpg
[1.231s] -- Installing: /home/cc/pg-ros/4_ROS2_Beginners/project_followerdolly_ws/install/dolly_gazebo/share/dolly_gazebo//models/ocean/materials/textures/clouds_fr.jpg
[1.231s] -- Installing: /home/cc/pg-ros/4_ROS2_Beginners/project_followerdolly_ws/install/dolly_gazebo/share/dolly_gazebo//models/ocean/materials/textures/normals.dds
[1.231s] -- Installing: /home/cc/pg-ros/4_ROS2_Beginners/project_followerdolly_ws/install/dolly_gazebo/share/dolly_gazebo//models/ocean/materials/textures/clouds_lf.jpg
[1.231s] -- Installing: /home/cc/pg-ros/4_ROS2_Beginners/project_followerdolly_ws/install/dolly_gazebo/share/dolly_gazebo//models/ocean/materials/textures/License and source soil_sand_0045_01.txt
[1.231s] -- Installing: /home/cc/pg-ros/4_ROS2_Beginners/project_followerdolly_ws/install/dolly_gazebo/share/dolly_gazebo//models/ocean/materials/scripts
[1.232s] -- Installing: /home/cc/pg-ros/4_ROS2_Beginners/project_followerdolly_ws/install/dolly_gazebo/share/dolly_gazebo//models/ocean/materials/scripts/ocean.material
[1.232s] -- Installing: /home/cc/pg-ros/4_ROS2_Beginners/project_followerdolly_ws/install/dolly_gazebo/share/dolly_gazebo//models/casual_female
[1.232s] -- Installing: /home/cc/pg-ros/4_ROS2_Beginners/project_followerdolly_ws/install/dolly_gazebo/share/dolly_gazebo//models/casual_female/meshes
[1.232s] -- Installing: /home/cc/pg-ros/4_ROS2_Beginners/project_followerdolly_ws/install/dolly_gazebo/share/dolly_gazebo//models/casual_female/meshes/casual_female.dae
[1.233s] -- Installing: /home/cc/pg-ros/4_ROS2_Beginners/project_followerdolly_ws/install/dolly_gazebo/share/dolly_gazebo//models/casual_female/thumbnails
[1.233s] -- Installing: /home/cc/pg-ros/4_ROS2_Beginners/project_followerdolly_ws/install/dolly_gazebo/share/dolly_gazebo//models/casual_female/thumbnails/2.png
[1.233s] -- Installing: /home/cc/pg-ros/4_ROS2_Beginners/project_followerdolly_ws/install/dolly_gazebo/share/dolly_gazebo//models/casual_female/thumbnails/4.png
[1.233s] -- Installing: /home/cc/pg-ros/4_ROS2_Beginners/project_followerdolly_ws/install/dolly_gazebo/share/dolly_gazebo//models/casual_female/thumbnails/1.png
[1.233s] -- Installing: /home/cc/pg-ros/4_ROS2_Beginners/project_followerdolly_ws/install/dolly_gazebo/share/dolly_gazebo//models/casual_female/thumbnails/3.png
[1.234s] -- Installing: /home/cc/pg-ros/4_ROS2_Beginners/project_followerdolly_ws/install/dolly_gazebo/share/dolly_gazebo//models/casual_female/thumbnails/5.png
[1.234s] -- Installing: /home/cc/pg-ros/4_ROS2_Beginners/project_followerdolly_ws/install/dolly_gazebo/share/dolly_gazebo//models/casual_female/model.config
[1.234s] -- Installing: /home/cc/pg-ros/4_ROS2_Beginners/project_followerdolly_ws/install/dolly_gazebo/share/dolly_gazebo//models/casual_female/model.sdf
[1.234s] -- Installing: /home/cc/pg-ros/4_ROS2_Beginners/project_followerdolly_ws/install/dolly_gazebo/share/dolly_gazebo//models/casual_female/materials
[1.234s] -- Installing: /home/cc/pg-ros/4_ROS2_Beginners/project_followerdolly_ws/install/dolly_gazebo/share/dolly_gazebo//models/casual_female/materials/textures
[1.234s] -- Installing: /home/cc/pg-ros/4_ROS2_Beginners/project_followerdolly_ws/install/dolly_gazebo/share/dolly_gazebo//models/casual_female/materials/textures/casual_female.png
[1.234s] -- Installing: /home/cc/pg-ros/4_ROS2_Beginners/project_followerdolly_ws/install/dolly_gazebo/share/dolly_gazebo//models/casual_female/materials/textures/young_lightskinned_female_diffuse.png
[1.236s] -- Installing: /home/cc/pg-ros/4_ROS2_Beginners/project_followerdolly_ws/install/dolly_gazebo/share/dolly_gazebo//models/casual_female/materials/textures/shoes05_diffuse.png
[1.236s] -- Installing: /home/cc/pg-ros/4_ROS2_Beginners/project_followerdolly_ws/install/dolly_gazebo/share/dolly_gazebo//models/casual_female/materials/textures/female_casualsuit02_normal.png
[1.237s] -- Installing: /home/cc/pg-ros/4_ROS2_Beginners/project_followerdolly_ws/install/dolly_gazebo/share/dolly_gazebo//models/casual_female/materials/textures/female_casualsuit01_normal.png
[1.240s] -- Installing: /home/cc/pg-ros/4_ROS2_Beginners/project_followerdolly_ws/install/dolly_gazebo/share/dolly_gazebo//models/casual_female/materials/textures/brown_eye.png
[1.240s] -- Installing: /home/cc/pg-ros/4_ROS2_Beginners/project_followerdolly_ws/install/dolly_gazebo/share/dolly_gazebo//models/casual_female/materials/textures/female_casualsuit02_diffuse.png
[1.242s] -- Installing: /home/cc/pg-ros/4_ROS2_Beginners/project_followerdolly_ws/install/dolly_gazebo/share/dolly_gazebo//models/casual_female/materials/textures/eyelashes01.png
[1.242s] -- Installing: /home/cc/pg-ros/4_ROS2_Beginners/project_followerdolly_ws/install/dolly_gazebo/share/dolly_gazebo//models/casual_female/materials/textures/tongue01_diffuse.png
[1.242s] -- Installing: /home/cc/pg-ros/4_ROS2_Beginners/project_followerdolly_ws/install/dolly_gazebo/share/dolly_gazebo//models/casual_female/materials/textures/ponytail01_diffuse.png
[1.244s] -- Installing: /home/cc/pg-ros/4_ROS2_Beginners/project_followerdolly_ws/install/dolly_gazebo/share/dolly_gazebo//models/casual_female/materials/textures/female_casualsuit01_diffuse.png
[1.245s] -- Installing: /home/cc/pg-ros/4_ROS2_Beginners/project_followerdolly_ws/install/dolly_gazebo/share/dolly_gazebo//models/casual_female/materials/textures/eyebrow002.png
[1.245s] -- Installing: /home/cc/pg-ros/4_ROS2_Beginners/project_followerdolly_ws/install/dolly_gazebo/share/dolly_gazebo//models/city_terrain
[1.245s] -- Installing: /home/cc/pg-ros/4_ROS2_Beginners/project_followerdolly_ws/install/dolly_gazebo/share/dolly_gazebo//models/city_terrain/model.config
[1.245s] -- Installing: /home/cc/pg-ros/4_ROS2_Beginners/project_followerdolly_ws/install/dolly_gazebo/share/dolly_gazebo//models/city_terrain/model.sdf
[1.245s] -- Installing: /home/cc/pg-ros/4_ROS2_Beginners/project_followerdolly_ws/install/dolly_gazebo/share/dolly_gazebo//models/city_terrain/materials
[1.245s] -- Installing: /home/cc/pg-ros/4_ROS2_Beginners/project_followerdolly_ws/install/dolly_gazebo/share/dolly_gazebo//models/city_terrain/materials/textures
[1.245s] -- Installing: /home/cc/pg-ros/4_ROS2_Beginners/project_followerdolly_ws/install/dolly_gazebo/share/dolly_gazebo//models/city_terrain/materials/textures/city_terrain (original).jpg
[1.245s] -- Installing: /home/cc/pg-ros/4_ROS2_Beginners/project_followerdolly_ws/install/dolly_gazebo/share/dolly_gazebo//models/city_terrain/materials/textures/forest.jpg
[1.247s] -- Installing: /home/cc/pg-ros/4_ROS2_Beginners/project_followerdolly_ws/install/dolly_gazebo/share/dolly_gazebo//models/city_terrain/materials/textures/city_terrain.jpg
[1.247s] -- Installing: /home/cc/pg-ros/4_ROS2_Beginners/project_followerdolly_ws/install/dolly_gazebo/share/dolly_gazebo//rviz
[1.247s] -- Installing: /home/cc/pg-ros/4_ROS2_Beginners/project_followerdolly_ws/install/dolly_gazebo/share/dolly_gazebo//rviz/dolly_gazebo.rviz
[1.247s] -- Installing: /home/cc/pg-ros/4_ROS2_Beginners/project_followerdolly_ws/install/dolly_gazebo/share/dolly_gazebo//worlds
[1.247s] -- Installing: /home/cc/pg-ros/4_ROS2_Beginners/project_followerdolly_ws/install/dolly_gazebo/share/dolly_gazebo//worlds/dolly_city.world
[1.247s] -- Installing: /home/cc/pg-ros/4_ROS2_Beginners/project_followerdolly_ws/install/dolly_gazebo/share/dolly_gazebo//worlds/dolly_empty.world
[1.248s] -- Installing: /home/cc/pg-ros/4_ROS2_Beginners/project_followerdolly_ws/install/dolly_gazebo/share/dolly_gazebo/environment/dolly_gazebo.sh
[1.248s] -- Installing: /home/cc/pg-ros/4_ROS2_Beginners/project_followerdolly_ws/install/dolly_gazebo/share/dolly_gazebo/environment/dolly_gazebo.dsv
[1.248s] -- Installing: /home/cc/pg-ros/4_ROS2_Beginners/project_followerdolly_ws/install/dolly_gazebo/share/ament_index/resource_index/package_run_dependencies/dolly_gazebo
[1.248s] -- Installing: /home/cc/pg-ros/4_ROS2_Beginners/project_followerdolly_ws/install/dolly_gazebo/share/ament_index/resource_index/parent_prefix_path/dolly_gazebo
[1.248s] -- Installing: /home/cc/pg-ros/4_ROS2_Beginners/project_followerdolly_ws/install/dolly_gazebo/share/dolly_gazebo/environment/ament_prefix_path.sh
[1.248s] -- Installing: /home/cc/pg-ros/4_ROS2_Beginners/project_followerdolly_ws/install/dolly_gazebo/share/dolly_gazebo/environment/ament_prefix_path.dsv
[1.248s] -- Installing: /home/cc/pg-ros/4_ROS2_Beginners/project_followerdolly_ws/install/dolly_gazebo/share/dolly_gazebo/environment/path.sh
[1.248s] -- Installing: /home/cc/pg-ros/4_ROS2_Beginners/project_followerdolly_ws/install/dolly_gazebo/share/dolly_gazebo/environment/path.dsv
[1.248s] -- Installing: /home/cc/pg-ros/4_ROS2_Beginners/project_followerdolly_ws/install/dolly_gazebo/share/dolly_gazebo/local_setup.bash
[1.248s] -- Installing: /home/cc/pg-ros/4_ROS2_Beginners/project_followerdolly_ws/install/dolly_gazebo/share/dolly_gazebo/local_setup.sh
[1.248s] -- Installing: /home/cc/pg-ros/4_ROS2_Beginners/project_followerdolly_ws/install/dolly_gazebo/share/dolly_gazebo/local_setup.zsh
[1.248s] -- Installing: /home/cc/pg-ros/4_ROS2_Beginners/project_followerdolly_ws/install/dolly_gazebo/share/dolly_gazebo/local_setup.dsv
[1.248s] -- Installing: /home/cc/pg-ros/4_ROS2_Beginners/project_followerdolly_ws/install/dolly_gazebo/share/dolly_gazebo/package.dsv
[1.248s] -- Installing: /home/cc/pg-ros/4_ROS2_Beginners/project_followerdolly_ws/install/dolly_gazebo/share/ament_index/resource_index/packages/dolly_gazebo
[1.248s] -- Installing: /home/cc/pg-ros/4_ROS2_Beginners/project_followerdolly_ws/install/dolly_gazebo/share/dolly_gazebo/cmake/dolly_gazeboConfig.cmake
[1.249s] -- Installing: /home/cc/pg-ros/4_ROS2_Beginners/project_followerdolly_ws/install/dolly_gazebo/share/dolly_gazebo/cmake/dolly_gazeboConfig-version.cmake
[1.249s] -- Installing: /home/cc/pg-ros/4_ROS2_Beginners/project_followerdolly_ws/install/dolly_gazebo/share/dolly_gazebo/package.xml
[1.251s] Invoked command in '/home/cc/pg-ros/4_ROS2_Beginners/project_followerdolly_ws/build/dolly_gazebo' returned '0': AMENT_PREFIX_PATH=/home/cc/pg-ros/4_ROS2_Beginners/project_followerdolly_ws/install/dolly_follow:${AMENT_PREFIX_PATH} CMAKE_PREFIX_PATH=/home/cc/pg-ros/4_ROS2_Beginners/project_followerdolly_ws/install/dolly_follow:/home/cc/ros2_ws/install/my_cpp_pkg:/home/cc/pg-ros/4_ROS2_Beginners/ros2nodes_ws/install/nodes_pkg:/home/cc/ros2_ws/install/my_py_pkg:/opt/ros/foxy /usr/bin/cmake --install /home/cc/pg-ros/4_ROS2_Beginners/project_followerdolly_ws/build/dolly_gazebo
