[0.009s] Invoking command in '/home/cc/pg-ros/4_ROS2_Beginners/project_followerdolly_ws/build/dolly_follow': CMAKE_PREFIX_PATH=${CMAKE_PREFIX_PATH}:/home/cc/pg-ros/4_ROS2_Beginners/ros2nodes_ws/install/nodes_pkg:/home/cc/ros2_ws/install/my_py_pkg:/opt/ros/foxy /usr/bin/cmake /home/cc/pg-ros/4_ROS2_Beginners/project_followerdolly_ws/src/dolly_follow -DCMAKE_INSTALL_PREFIX=/home/cc/pg-ros/4_ROS2_Beginners/project_followerdolly_ws/install/dolly_follow
[0.069s] -- The C compiler identification is GNU 9.4.0
[0.172s] -- The CXX compiler identification is GNU 9.4.0
[0.178s] -- Check for working C compiler: /usr/bin/cc
[0.217s] -- Check for working C compiler: /usr/bin/cc -- works
[0.218s] -- Detecting C compiler ABI info
[0.259s] -- Detecting C compiler ABI info - done
[0.266s] -- Detecting C compile features
[0.266s] -- Detecting C compile features - done
[0.268s] -- Check for working CXX compiler: /usr/bin/c++
[0.316s] -- Check for working CXX compiler: /usr/bin/c++ -- works
[0.317s] -- Detecting CXX compiler ABI info
[0.364s] -- Detecting CXX compiler ABI info - done
[0.370s] -- Detecting CXX compile features
[0.370s] -- Detecting CXX compile features - done
[0.374s] -- Found ament_cmake: 0.9.9 (/opt/ros/foxy/share/ament_cmake/cmake)
[0.392s] -- Found PythonInterp: /usr/bin/python3 (found suitable version "3.8.10", minimum required is "3") 
[0.392s] -- Using PYTHON_EXECUTABLE: /usr/bin/python3
[0.542s] -- Found geometry_msgs: 2.0.5 (/opt/ros/foxy/share/geometry_msgs/cmake)
[0.568s] -- Using all available rosidl_typesupport_c: rosidl_typesupport_fastrtps_c;rosidl_typesupport_introspection_c
[0.574s] -- Found rosidl_adapter: 1.2.1 (/opt/ros/foxy/share/rosidl_adapter/cmake)
[0.628s] -- Found OpenSSL: /usr/lib/x86_64-linux-gnu/libcrypto.so (found version "1.1.1f")  
[0.646s] -- Found FastRTPS: /opt/ros/foxy/include  
[0.700s] -- Using all available rosidl_typesupport_cpp: rosidl_typesupport_fastrtps_cpp;rosidl_typesupport_introspection_cpp
[0.760s] -- Found rclcpp: 2.4.1 (/opt/ros/foxy/share/rclcpp/cmake)
[0.797s] -- Found rmw_implementation_cmake: 1.0.3 (/opt/ros/foxy/share/rmw_implementation_cmake/cmake)
[0.799s] -- Using RMW implementation 'rmw_fastrtps_cpp' as default
[0.800s] -- Looking for pthread.h
[0.851s] -- Looking for pthread.h - found
[0.852s] -- Performing Test CMAKE_HAVE_LIBC_PTHREAD
[0.890s] -- Performing Test CMAKE_HAVE_LIBC_PTHREAD - Failed
[0.890s] -- Looking for pthread_create in pthreads
[0.921s] -- Looking for pthread_create in pthreads - not found
[0.921s] -- Looking for pthread_create in pthread
[0.957s] -- Looking for pthread_create in pthread - found
[0.958s] -- Found Threads: TRUE  
[1.049s] -- Found sensor_msgs: 2.0.5 (/opt/ros/foxy/share/sensor_msgs/cmake)
[1.093s] -- Found ament_lint_auto: 0.9.6 (/opt/ros/foxy/share/ament_lint_auto/cmake)
[1.144s] -- Added test 'copyright' to check source files copyright and LICENSE
[1.144s] -- Added test 'cppcheck' to perform static code analysis on C / C++ code
[1.144s] -- Configured cppcheck include dirs: 
[1.144s] -- Configured cppcheck exclude dirs and/or files: 
[1.145s] -- Added test 'cpplint' to check C / C++ code against the Google style
[1.145s] -- Configured cpplint exclude dirs and/or files: 
[1.146s] -- Added test 'lint_cmake' to check CMake code style
[1.146s] -- Added test 'uncrustify' to check C / C++ code style
[1.147s] -- Configured uncrustify additional arguments: 
[1.147s] -- Added test 'xmllint' to check XML markup files
[1.149s] -- Configuring done
[1.153s] -- Generating done
[1.154s] -- Build files have been written to: /home/cc/pg-ros/4_ROS2_Beginners/project_followerdolly_ws/build/dolly_follow
[1.160s] Invoked command in '/home/cc/pg-ros/4_ROS2_Beginners/project_followerdolly_ws/build/dolly_follow' returned '0': CMAKE_PREFIX_PATH=${CMAKE_PREFIX_PATH}:/home/cc/pg-ros/4_ROS2_Beginners/ros2nodes_ws/install/nodes_pkg:/home/cc/ros2_ws/install/my_py_pkg:/opt/ros/foxy /usr/bin/cmake /home/cc/pg-ros/4_ROS2_Beginners/project_followerdolly_ws/src/dolly_follow -DCMAKE_INSTALL_PREFIX=/home/cc/pg-ros/4_ROS2_Beginners/project_followerdolly_ws/install/dolly_follow
[1.160s] Invoking command in '/home/cc/pg-ros/4_ROS2_Beginners/project_followerdolly_ws/build/dolly_follow': CMAKE_PREFIX_PATH=${CMAKE_PREFIX_PATH}:/home/cc/pg-ros/4_ROS2_Beginners/ros2nodes_ws/install/nodes_pkg:/home/cc/ros2_ws/install/my_py_pkg:/opt/ros/foxy /usr/bin/cmake --build /home/cc/pg-ros/4_ROS2_Beginners/project_followerdolly_ws/build/dolly_follow -- -j16 -l16
[1.181s] [35m[1mScanning dependencies of target dolly_follow[0m
[1.258s] [ 50%] [32mBuilding CXX object CMakeFiles/dolly_follow.dir/src/dolly_follow.cpp.o[0m
[4.021s] [100%] [32m[1mLinking CXX executable dolly_follow[0m
[4.161s] [100%] Built target dolly_follow
[4.167s] Invoked command in '/home/cc/pg-ros/4_ROS2_Beginners/project_followerdolly_ws/build/dolly_follow' returned '0': CMAKE_PREFIX_PATH=${CMAKE_PREFIX_PATH}:/home/cc/pg-ros/4_ROS2_Beginners/ros2nodes_ws/install/nodes_pkg:/home/cc/ros2_ws/install/my_py_pkg:/opt/ros/foxy /usr/bin/cmake --build /home/cc/pg-ros/4_ROS2_Beginners/project_followerdolly_ws/build/dolly_follow -- -j16 -l16
[4.185s] Invoking command in '/home/cc/pg-ros/4_ROS2_Beginners/project_followerdolly_ws/build/dolly_follow': CMAKE_PREFIX_PATH=${CMAKE_PREFIX_PATH}:/home/cc/pg-ros/4_ROS2_Beginners/ros2nodes_ws/install/nodes_pkg:/home/cc/ros2_ws/install/my_py_pkg:/opt/ros/foxy /usr/bin/cmake --install /home/cc/pg-ros/4_ROS2_Beginners/project_followerdolly_ws/build/dolly_follow
[4.189s] -- Install configuration: ""
[4.189s] -- Installing: /home/cc/pg-ros/4_ROS2_Beginners/project_followerdolly_ws/install/dolly_follow/lib/dolly_follow/dolly_follow
[4.190s] -- Set runtime path of "/home/cc/pg-ros/4_ROS2_Beginners/project_followerdolly_ws/install/dolly_follow/lib/dolly_follow/dolly_follow" to ""
[4.190s] -- Installing: /home/cc/pg-ros/4_ROS2_Beginners/project_followerdolly_ws/install/dolly_follow/share/ament_index/resource_index/package_run_dependencies/dolly_follow
[4.190s] -- Installing: /home/cc/pg-ros/4_ROS2_Beginners/project_followerdolly_ws/install/dolly_follow/share/ament_index/resource_index/parent_prefix_path/dolly_follow
[4.190s] -- Installing: /home/cc/pg-ros/4_ROS2_Beginners/project_followerdolly_ws/install/dolly_follow/share/dolly_follow/environment/ament_prefix_path.sh
[4.190s] -- Installing: /home/cc/pg-ros/4_ROS2_Beginners/project_followerdolly_ws/install/dolly_follow/share/dolly_follow/environment/ament_prefix_path.dsv
[4.190s] -- Installing: /home/cc/pg-ros/4_ROS2_Beginners/project_followerdolly_ws/install/dolly_follow/share/dolly_follow/environment/path.sh
[4.190s] -- Installing: /home/cc/pg-ros/4_ROS2_Beginners/project_followerdolly_ws/install/dolly_follow/share/dolly_follow/environment/path.dsv
[4.190s] -- Installing: /home/cc/pg-ros/4_ROS2_Beginners/project_followerdolly_ws/install/dolly_follow/share/dolly_follow/local_setup.bash
[4.191s] -- Installing: /home/cc/pg-ros/4_ROS2_Beginners/project_followerdolly_ws/install/dolly_follow/share/dolly_follow/local_setup.sh
[4.191s] -- Installing: /home/cc/pg-ros/4_ROS2_Beginners/project_followerdolly_ws/install/dolly_follow/share/dolly_follow/local_setup.zsh
[4.191s] -- Installing: /home/cc/pg-ros/4_ROS2_Beginners/project_followerdolly_ws/install/dolly_follow/share/dolly_follow/local_setup.dsv
[4.191s] -- Installing: /home/cc/pg-ros/4_ROS2_Beginners/project_followerdolly_ws/install/dolly_follow/share/dolly_follow/package.dsv
[4.191s] -- Installing: /home/cc/pg-ros/4_ROS2_Beginners/project_followerdolly_ws/install/dolly_follow/share/ament_index/resource_index/packages/dolly_follow
[4.191s] -- Installing: /home/cc/pg-ros/4_ROS2_Beginners/project_followerdolly_ws/install/dolly_follow/share/dolly_follow/cmake/dolly_followConfig.cmake
[4.191s] -- Installing: /home/cc/pg-ros/4_ROS2_Beginners/project_followerdolly_ws/install/dolly_follow/share/dolly_follow/cmake/dolly_followConfig-version.cmake
[4.191s] -- Installing: /home/cc/pg-ros/4_ROS2_Beginners/project_followerdolly_ws/install/dolly_follow/share/dolly_follow/package.xml
[4.192s] Invoked command in '/home/cc/pg-ros/4_ROS2_Beginners/project_followerdolly_ws/build/dolly_follow' returned '0': CMAKE_PREFIX_PATH=${CMAKE_PREFIX_PATH}:/home/cc/pg-ros/4_ROS2_Beginners/ros2nodes_ws/install/nodes_pkg:/home/cc/ros2_ws/install/my_py_pkg:/opt/ros/foxy /usr/bin/cmake --install /home/cc/pg-ros/4_ROS2_Beginners/project_followerdolly_ws/build/dolly_follow
