[0.007s] Invoking command in '/home/cc/pg-ros/4_ROS2_Beginners/project_followerdolly_ws/build/dolly': CMAKE_PREFIX_PATH=/home/cc/pg-ros/4_ROS2_Beginners/project_followerdolly_ws/install/dolly_gazebo:/home/cc/pg-ros/4_ROS2_Beginners/project_followerdolly_ws/install/dolly_follow:/home/cc/pg-ros/4_ROS2_Beginners/project_followerdolly_ws/install/dolly:/home/cc/ros2_ws/install/my_cpp_pkg:/home/cc/pg-ros/4_ROS2_Beginners/ros2nodes_ws/install/nodes_pkg:/home/cc/ros2_ws/install/my_py_pkg:/opt/ros/foxy /usr/bin/cmake --build /home/cc/pg-ros/4_ROS2_Beginners/project_followerdolly_ws/build/dolly -- -j16 -l16
[0.031s] Invoked command in '/home/cc/pg-ros/4_ROS2_Beginners/project_followerdolly_ws/build/dolly' returned '0': CMAKE_PREFIX_PATH=/home/cc/pg-ros/4_ROS2_Beginners/project_followerdolly_ws/install/dolly_gazebo:/home/cc/pg-ros/4_ROS2_Beginners/project_followerdolly_ws/install/dolly_follow:/home/cc/pg-ros/4_ROS2_Beginners/project_followerdolly_ws/install/dolly:/home/cc/ros2_ws/install/my_cpp_pkg:/home/cc/pg-ros/4_ROS2_Beginners/ros2nodes_ws/install/nodes_pkg:/home/cc/ros2_ws/install/my_py_pkg:/opt/ros/foxy /usr/bin/cmake --build /home/cc/pg-ros/4_ROS2_Beginners/project_followerdolly_ws/build/dolly -- -j16 -l16
[0.050s] Invoking command in '/home/cc/pg-ros/4_ROS2_Beginners/project_followerdolly_ws/build/dolly': CMAKE_PREFIX_PATH=/home/cc/pg-ros/4_ROS2_Beginners/project_followerdolly_ws/install/dolly_gazebo:/home/cc/pg-ros/4_ROS2_Beginners/project_followerdolly_ws/install/dolly_follow:/home/cc/pg-ros/4_ROS2_Beginners/project_followerdolly_ws/install/dolly:/home/cc/ros2_ws/install/my_cpp_pkg:/home/cc/pg-ros/4_ROS2_Beginners/ros2nodes_ws/install/nodes_pkg:/home/cc/ros2_ws/install/my_py_pkg:/opt/ros/foxy /usr/bin/cmake --install /home/cc/pg-ros/4_ROS2_Beginners/project_followerdolly_ws/build/dolly
[0.060s] -- Install configuration: ""
[0.060s] -- Up-to-date: /home/cc/pg-ros/4_ROS2_Beginners/project_followerdolly_ws/install/dolly/share/ament_index/resource_index/package_run_dependencies/dolly
[0.060s] -- Up-to-date: /home/cc/pg-ros/4_ROS2_Beginners/project_followerdolly_ws/install/dolly/share/ament_index/resource_index/parent_prefix_path/dolly
[0.060s] -- Up-to-date: /home/cc/pg-ros/4_ROS2_Beginners/project_followerdolly_ws/install/dolly/share/dolly/environment/ament_prefix_path.sh
[0.060s] -- Up-to-date: /home/cc/pg-ros/4_ROS2_Beginners/project_followerdolly_ws/install/dolly/share/dolly/environment/ament_prefix_path.dsv
[0.060s] -- Up-to-date: /home/cc/pg-ros/4_ROS2_Beginners/project_followerdolly_ws/install/dolly/share/dolly/environment/path.sh
[0.060s] -- Up-to-date: /home/cc/pg-ros/4_ROS2_Beginners/project_followerdolly_ws/install/dolly/share/dolly/environment/path.dsv
[0.060s] -- Up-to-date: /home/cc/pg-ros/4_ROS2_Beginners/project_followerdolly_ws/install/dolly/share/dolly/local_setup.bash
[0.060s] -- Up-to-date: /home/cc/pg-ros/4_ROS2_Beginners/project_followerdolly_ws/install/dolly/share/dolly/local_setup.sh
[0.061s] -- Up-to-date: /home/cc/pg-ros/4_ROS2_Beginners/project_followerdolly_ws/install/dolly/share/dolly/local_setup.zsh
[0.061s] -- Up-to-date: /home/cc/pg-ros/4_ROS2_Beginners/project_followerdolly_ws/install/dolly/share/dolly/local_setup.dsv
[0.061s] -- Up-to-date: /home/cc/pg-ros/4_ROS2_Beginners/project_followerdolly_ws/install/dolly/share/dolly/package.dsv
[0.061s] -- Up-to-date: /home/cc/pg-ros/4_ROS2_Beginners/project_followerdolly_ws/install/dolly/share/ament_index/resource_index/packages/dolly
[0.061s] -- Up-to-date: /home/cc/pg-ros/4_ROS2_Beginners/project_followerdolly_ws/install/dolly/share/dolly/cmake/dollyConfig.cmake
[0.061s] -- Up-to-date: /home/cc/pg-ros/4_ROS2_Beginners/project_followerdolly_ws/install/dolly/share/dolly/cmake/dollyConfig-version.cmake
[0.061s] -- Up-to-date: /home/cc/pg-ros/4_ROS2_Beginners/project_followerdolly_ws/install/dolly/share/dolly/package.xml
[0.062s] Invoked command in '/home/cc/pg-ros/4_ROS2_Beginners/project_followerdolly_ws/build/dolly' returned '0': CMAKE_PREFIX_PATH=/home/cc/pg-ros/4_ROS2_Beginners/project_followerdolly_ws/install/dolly_gazebo:/home/cc/pg-ros/4_ROS2_Beginners/project_followerdolly_ws/install/dolly_follow:/home/cc/pg-ros/4_ROS2_Beginners/project_followerdolly_ws/install/dolly:/home/cc/ros2_ws/install/my_cpp_pkg:/home/cc/pg-ros/4_ROS2_Beginners/ros2nodes_ws/install/nodes_pkg:/home/cc/ros2_ws/install/my_py_pkg:/opt/ros/foxy /usr/bin/cmake --install /home/cc/pg-ros/4_ROS2_Beginners/project_followerdolly_ws/build/dolly
