[0.159s] DEBUG:colcon:Command line arguments: ['/usr/bin/colcon', 'build']
[0.159s] DEBUG:colcon:Parsed command line arguments: Namespace(allow_overriding=[], ament_cmake_args=None, base_paths=['.'], build_base='build', catkin_cmake_args=None, catkin_skip_building_tests=False, cmake_args=None, cmake_clean_cache=False, cmake_clean_first=False, cmake_force_configure=False, cmake_target=None, cmake_target_skip_unavailable=False, continue_on_error=False, event_handlers=None, executor='parallel', ignore_user_meta=False, install_base='install', log_base=None, log_level=None, main=<bound method BuildVerb.main of <colcon_core.verb.build.BuildVerb object at 0x7f5799a95d00>>, merge_install=False, metas=['./colcon.meta'], packages_above=None, packages_above_and_dependencies=None, packages_above_depth=None, packages_end=None, packages_ignore=None, packages_ignore_regex=None, packages_select=None, packages_select_build_failed=False, packages_select_by_dep=None, packages_select_regex=None, packages_select_test_failures=False, packages_skip=None, packages_skip_build_finished=False, packages_skip_by_dep=None, packages_skip_regex=None, packages_skip_test_passed=False, packages_skip_up_to=None, packages_start=None, packages_up_to=None, packages_up_to_regex=None, parallel_workers=16, paths=None, symlink_install=False, test_result_base=None, verb_extension=<colcon_core.verb.build.BuildVerb object at 0x7f5799a95d00>, verb_name='build', verb_parser=<colcon_defaults.argument_parser.defaults.DefaultArgumentsDecorator object at 0x7f579904cb50>)
[0.187s] Level 1:colcon.colcon_core.package_discovery:discover_packages(colcon_meta) check parameters
[0.187s] Level 1:colcon.colcon_core.package_discovery:discover_packages(recursive) check parameters
[0.187s] Level 1:colcon.colcon_core.package_discovery:discover_packages(ignore) check parameters
[0.187s] Level 1:colcon.colcon_core.package_discovery:discover_packages(path) check parameters
[0.187s] Level 1:colcon.colcon_core.package_discovery:discover_packages(colcon_meta) discover
[0.187s] Level 1:colcon.colcon_core.package_discovery:discover_packages(recursive) discover
[0.187s] INFO:colcon.colcon_core.package_discovery:Crawling recursively for packages in '/home/cc/pg-ros/4_ROS2_Beginners/project_followerdolly_ws'
[0.187s] Level 1:colcon.colcon_core.package_identification:_identify(.) by extensions ['ignore', 'ignore_ament_install']
[0.187s] Level 1:colcon.colcon_core.package_identification:_identify(.) by extension 'ignore'
[0.187s] Level 1:colcon.colcon_core.package_identification:_identify(.) by extension 'ignore_ament_install'
[0.187s] Level 1:colcon.colcon_core.package_identification:_identify(.) by extensions ['colcon_pkg']
[0.187s] Level 1:colcon.colcon_core.package_identification:_identify(.) by extension 'colcon_pkg'
[0.187s] Level 1:colcon.colcon_core.package_identification:_identify(.) by extensions ['colcon_meta']
[0.187s] Level 1:colcon.colcon_core.package_identification:_identify(.) by extension 'colcon_meta'
[0.187s] Level 1:colcon.colcon_core.package_identification:_identify(.) by extensions ['ros']
[0.187s] Level 1:colcon.colcon_core.package_identification:_identify(.) by extension 'ros'
[0.193s] Level 1:colcon.colcon_core.package_identification:_identify(.) by extensions ['cmake', 'python']
[0.193s] Level 1:colcon.colcon_core.package_identification:_identify(.) by extension 'cmake'
[0.193s] Level 1:colcon.colcon_core.package_identification:_identify(.) by extension 'python'
[0.193s] Level 1:colcon.colcon_core.package_identification:_identify(.) by extensions ['python_setup_py']
[0.193s] Level 1:colcon.colcon_core.package_identification:_identify(.) by extension 'python_setup_py'
[0.193s] Level 1:colcon.colcon_core.package_identification:_identify(build) by extensions ['ignore', 'ignore_ament_install']
[0.193s] Level 1:colcon.colcon_core.package_identification:_identify(build) by extension 'ignore'
[0.193s] Level 1:colcon.colcon_core.package_identification:_identify(build) ignored
[0.193s] Level 1:colcon.colcon_core.package_identification:_identify(install) by extensions ['ignore', 'ignore_ament_install']
[0.194s] Level 1:colcon.colcon_core.package_identification:_identify(install) by extension 'ignore'
[0.194s] Level 1:colcon.colcon_core.package_identification:_identify(install) ignored
[0.194s] Level 1:colcon.colcon_core.package_identification:_identify(log) by extensions ['ignore', 'ignore_ament_install']
[0.194s] Level 1:colcon.colcon_core.package_identification:_identify(log) by extension 'ignore'
[0.194s] Level 1:colcon.colcon_core.package_identification:_identify(log) ignored
[0.194s] Level 1:colcon.colcon_core.package_identification:_identify(src) by extensions ['ignore', 'ignore_ament_install']
[0.194s] Level 1:colcon.colcon_core.package_identification:_identify(src) by extension 'ignore'
[0.194s] Level 1:colcon.colcon_core.package_identification:_identify(src) by extension 'ignore_ament_install'
[0.194s] Level 1:colcon.colcon_core.package_identification:_identify(src) by extensions ['colcon_pkg']
[0.194s] Level 1:colcon.colcon_core.package_identification:_identify(src) by extension 'colcon_pkg'
[0.194s] Level 1:colcon.colcon_core.package_identification:_identify(src) by extensions ['colcon_meta']
[0.194s] Level 1:colcon.colcon_core.package_identification:_identify(src) by extension 'colcon_meta'
[0.194s] Level 1:colcon.colcon_core.package_identification:_identify(src) by extensions ['ros']
[0.194s] Level 1:colcon.colcon_core.package_identification:_identify(src) by extension 'ros'
[0.194s] Level 1:colcon.colcon_core.package_identification:_identify(src) by extensions ['cmake', 'python']
[0.194s] Level 1:colcon.colcon_core.package_identification:_identify(src) by extension 'cmake'
[0.194s] Level 1:colcon.colcon_core.package_identification:_identify(src) by extension 'python'
[0.194s] Level 1:colcon.colcon_core.package_identification:_identify(src) by extensions ['python_setup_py']
[0.194s] Level 1:colcon.colcon_core.package_identification:_identify(src) by extension 'python_setup_py'
[0.194s] Level 1:colcon.colcon_core.package_identification:_identify(src/dolly) by extensions ['ignore', 'ignore_ament_install']
[0.194s] Level 1:colcon.colcon_core.package_identification:_identify(src/dolly) by extension 'ignore'
[0.194s] Level 1:colcon.colcon_core.package_identification:_identify(src/dolly) by extension 'ignore_ament_install'
[0.194s] Level 1:colcon.colcon_core.package_identification:_identify(src/dolly) by extensions ['colcon_pkg']
[0.194s] Level 1:colcon.colcon_core.package_identification:_identify(src/dolly) by extension 'colcon_pkg'
[0.194s] Level 1:colcon.colcon_core.package_identification:_identify(src/dolly) by extensions ['colcon_meta']
[0.194s] Level 1:colcon.colcon_core.package_identification:_identify(src/dolly) by extension 'colcon_meta'
[0.194s] Level 1:colcon.colcon_core.package_identification:_identify(src/dolly) by extensions ['ros']
[0.194s] Level 1:colcon.colcon_core.package_identification:_identify(src/dolly) by extension 'ros'
[0.196s] DEBUG:colcon.colcon_core.package_identification:Package 'src/dolly' with type 'ros.ament_cmake' and name 'dolly'
[0.196s] Level 1:colcon.colcon_core.package_identification:_identify(src/dolly_follow) by extensions ['ignore', 'ignore_ament_install']
[0.196s] Level 1:colcon.colcon_core.package_identification:_identify(src/dolly_follow) by extension 'ignore'
[0.196s] Level 1:colcon.colcon_core.package_identification:_identify(src/dolly_follow) by extension 'ignore_ament_install'
[0.196s] Level 1:colcon.colcon_core.package_identification:_identify(src/dolly_follow) by extensions ['colcon_pkg']
[0.196s] Level 1:colcon.colcon_core.package_identification:_identify(src/dolly_follow) by extension 'colcon_pkg'
[0.196s] Level 1:colcon.colcon_core.package_identification:_identify(src/dolly_follow) by extensions ['colcon_meta']
[0.196s] Level 1:colcon.colcon_core.package_identification:_identify(src/dolly_follow) by extension 'colcon_meta'
[0.196s] Level 1:colcon.colcon_core.package_identification:_identify(src/dolly_follow) by extensions ['ros']
[0.196s] Level 1:colcon.colcon_core.package_identification:_identify(src/dolly_follow) by extension 'ros'
[0.196s] DEBUG:colcon.colcon_core.package_identification:Package 'src/dolly_follow' with type 'ros.ament_cmake' and name 'dolly_follow'
[0.196s] Level 1:colcon.colcon_core.package_identification:_identify(src/dolly_gazebo) by extensions ['ignore', 'ignore_ament_install']
[0.196s] Level 1:colcon.colcon_core.package_identification:_identify(src/dolly_gazebo) by extension 'ignore'
[0.196s] Level 1:colcon.colcon_core.package_identification:_identify(src/dolly_gazebo) by extension 'ignore_ament_install'
[0.196s] Level 1:colcon.colcon_core.package_identification:_identify(src/dolly_gazebo) by extensions ['colcon_pkg']
[0.196s] Level 1:colcon.colcon_core.package_identification:_identify(src/dolly_gazebo) by extension 'colcon_pkg'
[0.196s] Level 1:colcon.colcon_core.package_identification:_identify(src/dolly_gazebo) by extensions ['colcon_meta']
[0.196s] Level 1:colcon.colcon_core.package_identification:_identify(src/dolly_gazebo) by extension 'colcon_meta'
[0.196s] Level 1:colcon.colcon_core.package_identification:_identify(src/dolly_gazebo) by extensions ['ros']
[0.196s] Level 1:colcon.colcon_core.package_identification:_identify(src/dolly_gazebo) by extension 'ros'
[0.197s] DEBUG:colcon.colcon_core.package_identification:Package 'src/dolly_gazebo' with type 'ros.ament_cmake' and name 'dolly_gazebo'
[0.197s] Level 1:colcon.colcon_core.package_identification:_identify(src/dolly_ignition) by extensions ['ignore', 'ignore_ament_install']
[0.197s] Level 1:colcon.colcon_core.package_identification:_identify(src/dolly_ignition) by extension 'ignore'
[0.197s] Level 1:colcon.colcon_core.package_identification:_identify(src/dolly_ignition) by extension 'ignore_ament_install'
[0.197s] Level 1:colcon.colcon_core.package_identification:_identify(src/dolly_ignition) by extensions ['colcon_pkg']
[0.197s] Level 1:colcon.colcon_core.package_identification:_identify(src/dolly_ignition) by extension 'colcon_pkg'
[0.197s] Level 1:colcon.colcon_core.package_identification:_identify(src/dolly_ignition) by extensions ['colcon_meta']
[0.197s] Level 1:colcon.colcon_core.package_identification:_identify(src/dolly_ignition) by extension 'colcon_meta'
[0.197s] Level 1:colcon.colcon_core.package_identification:_identify(src/dolly_ignition) by extensions ['ros']
[0.197s] Level 1:colcon.colcon_core.package_identification:_identify(src/dolly_ignition) by extension 'ros'
[0.197s] DEBUG:colcon.colcon_core.package_identification:Package 'src/dolly_ignition' with type 'ros.ament_cmake' and name 'dolly_ignition'
[0.197s] Level 1:colcon.colcon_core.package_identification:_identify(src/dolly_tests) by extensions ['ignore', 'ignore_ament_install']
[0.197s] Level 1:colcon.colcon_core.package_identification:_identify(src/dolly_tests) by extension 'ignore'
[0.197s] Level 1:colcon.colcon_core.package_identification:_identify(src/dolly_tests) by extension 'ignore_ament_install'
[0.197s] Level 1:colcon.colcon_core.package_identification:_identify(src/dolly_tests) by extensions ['colcon_pkg']
[0.197s] Level 1:colcon.colcon_core.package_identification:_identify(src/dolly_tests) by extension 'colcon_pkg'
[0.198s] Level 1:colcon.colcon_core.package_identification:_identify(src/dolly_tests) by extensions ['colcon_meta']
[0.198s] Level 1:colcon.colcon_core.package_identification:_identify(src/dolly_tests) by extension 'colcon_meta'
[0.198s] Level 1:colcon.colcon_core.package_identification:_identify(src/dolly_tests) by extensions ['ros']
[0.198s] Level 1:colcon.colcon_core.package_identification:_identify(src/dolly_tests) by extension 'ros'
[0.200s] DEBUG:colcon.colcon_core.package_identification:Package 'src/dolly_tests' with type 'ros.ament_cmake' and name 'dolly_tests'
[0.200s] Level 1:colcon.colcon_core.package_identification:_identify(src/images) by extensions ['ignore', 'ignore_ament_install']
[0.200s] Level 1:colcon.colcon_core.package_identification:_identify(src/images) by extension 'ignore'
[0.200s] Level 1:colcon.colcon_core.package_identification:_identify(src/images) by extension 'ignore_ament_install'
[0.200s] Level 1:colcon.colcon_core.package_identification:_identify(src/images) by extensions ['colcon_pkg']
[0.200s] Level 1:colcon.colcon_core.package_identification:_identify(src/images) by extension 'colcon_pkg'
[0.200s] Level 1:colcon.colcon_core.package_identification:_identify(src/images) by extensions ['colcon_meta']
[0.200s] Level 1:colcon.colcon_core.package_identification:_identify(src/images) by extension 'colcon_meta'
[0.200s] Level 1:colcon.colcon_core.package_identification:_identify(src/images) by extensions ['ros']
[0.200s] Level 1:colcon.colcon_core.package_identification:_identify(src/images) by extension 'ros'
[0.200s] Level 1:colcon.colcon_core.package_identification:_identify(src/images) by extensions ['cmake', 'python']
[0.200s] Level 1:colcon.colcon_core.package_identification:_identify(src/images) by extension 'cmake'
[0.200s] Level 1:colcon.colcon_core.package_identification:_identify(src/images) by extension 'python'
[0.200s] Level 1:colcon.colcon_core.package_identification:_identify(src/images) by extensions ['python_setup_py']
[0.200s] Level 1:colcon.colcon_core.package_identification:_identify(src/images) by extension 'python_setup_py'
[0.200s] Level 1:colcon.colcon_core.package_discovery:discover_packages(recursive) using defaults
[0.200s] Level 1:colcon.colcon_core.package_discovery:discover_packages(ignore) discover
[0.201s] Level 1:colcon.colcon_core.package_discovery:discover_packages(ignore) using defaults
[0.201s] Level 1:colcon.colcon_core.package_discovery:discover_packages(path) discover
[0.201s] Level 1:colcon.colcon_core.package_discovery:discover_packages(path) using defaults
[0.213s] Level 1:colcon.colcon_core.package_discovery:discover_packages(prefix_path) check parameters
[0.213s] Level 1:colcon.colcon_core.package_discovery:discover_packages(prefix_path) discover
[0.214s] DEBUG:colcon.colcon_installed_package_information.package_discovery:Found 5 installed packages in /home/cc/pg-ros/4_ROS2_Beginners/project_followerdolly_ws/install
[0.214s] DEBUG:colcon.colcon_installed_package_information.package_discovery:Found 1 installed packages in /home/cc/pg-ros/4_ROS2_Beginners/ros2nodes_ws/install
[0.214s] DEBUG:colcon.colcon_installed_package_information.package_discovery:Found 2 installed packages in /home/cc/ros2_ws/install
[0.215s] DEBUG:colcon.colcon_installed_package_information.package_discovery:Found 263 installed packages in /opt/ros/foxy
[0.216s] Level 1:colcon.colcon_core.package_discovery:discover_packages(prefix_path) using defaults
[0.251s] Level 5:colcon.colcon_core.verb:set package 'dolly_follow' build argument 'cmake_args' from command line to 'None'
[0.251s] Level 5:colcon.colcon_core.verb:set package 'dolly_follow' build argument 'cmake_target' from command line to 'None'
[0.251s] Level 5:colcon.colcon_core.verb:set package 'dolly_follow' build argument 'cmake_target_skip_unavailable' from command line to 'False'
[0.251s] Level 5:colcon.colcon_core.verb:set package 'dolly_follow' build argument 'cmake_clean_cache' from command line to 'False'
[0.251s] Level 5:colcon.colcon_core.verb:set package 'dolly_follow' build argument 'cmake_clean_first' from command line to 'False'
[0.251s] Level 5:colcon.colcon_core.verb:set package 'dolly_follow' build argument 'cmake_force_configure' from command line to 'False'
[0.251s] Level 5:colcon.colcon_core.verb:set package 'dolly_follow' build argument 'ament_cmake_args' from command line to 'None'
[0.251s] Level 5:colcon.colcon_core.verb:set package 'dolly_follow' build argument 'catkin_cmake_args' from command line to 'None'
[0.251s] Level 5:colcon.colcon_core.verb:set package 'dolly_follow' build argument 'catkin_skip_building_tests' from command line to 'False'
[0.251s] DEBUG:colcon.colcon_core.verb:Building package 'dolly_follow' with the following arguments: {'ament_cmake_args': None, 'build_base': '/home/cc/pg-ros/4_ROS2_Beginners/project_followerdolly_ws/build/dolly_follow', 'catkin_cmake_args': None, 'catkin_skip_building_tests': False, 'cmake_args': None, 'cmake_clean_cache': False, 'cmake_clean_first': False, 'cmake_force_configure': False, 'cmake_target': None, 'cmake_target_skip_unavailable': False, 'install_base': '/home/cc/pg-ros/4_ROS2_Beginners/project_followerdolly_ws/install/dolly_follow', 'merge_install': False, 'path': '/home/cc/pg-ros/4_ROS2_Beginners/project_followerdolly_ws/src/dolly_follow', 'symlink_install': False, 'test_result_base': None}
[0.252s] Level 5:colcon.colcon_core.verb:set package 'dolly_gazebo' build argument 'cmake_args' from command line to 'None'
[0.252s] Level 5:colcon.colcon_core.verb:set package 'dolly_gazebo' build argument 'cmake_target' from command line to 'None'
[0.252s] Level 5:colcon.colcon_core.verb:set package 'dolly_gazebo' build argument 'cmake_target_skip_unavailable' from command line to 'False'
[0.252s] Level 5:colcon.colcon_core.verb:set package 'dolly_gazebo' build argument 'cmake_clean_cache' from command line to 'False'
[0.252s] Level 5:colcon.colcon_core.verb:set package 'dolly_gazebo' build argument 'cmake_clean_first' from command line to 'False'
[0.252s] Level 5:colcon.colcon_core.verb:set package 'dolly_gazebo' build argument 'cmake_force_configure' from command line to 'False'
[0.252s] Level 5:colcon.colcon_core.verb:set package 'dolly_gazebo' build argument 'ament_cmake_args' from command line to 'None'
[0.252s] Level 5:colcon.colcon_core.verb:set package 'dolly_gazebo' build argument 'catkin_cmake_args' from command line to 'None'
[0.252s] Level 5:colcon.colcon_core.verb:set package 'dolly_gazebo' build argument 'catkin_skip_building_tests' from command line to 'False'
[0.252s] DEBUG:colcon.colcon_core.verb:Building package 'dolly_gazebo' with the following arguments: {'ament_cmake_args': None, 'build_base': '/home/cc/pg-ros/4_ROS2_Beginners/project_followerdolly_ws/build/dolly_gazebo', 'catkin_cmake_args': None, 'catkin_skip_building_tests': False, 'cmake_args': None, 'cmake_clean_cache': False, 'cmake_clean_first': False, 'cmake_force_configure': False, 'cmake_target': None, 'cmake_target_skip_unavailable': False, 'install_base': '/home/cc/pg-ros/4_ROS2_Beginners/project_followerdolly_ws/install/dolly_gazebo', 'merge_install': False, 'path': '/home/cc/pg-ros/4_ROS2_Beginners/project_followerdolly_ws/src/dolly_gazebo', 'symlink_install': False, 'test_result_base': None}
[0.252s] Level 5:colcon.colcon_core.verb:set package 'dolly_ignition' build argument 'cmake_args' from command line to 'None'
[0.252s] Level 5:colcon.colcon_core.verb:set package 'dolly_ignition' build argument 'cmake_target' from command line to 'None'
[0.252s] Level 5:colcon.colcon_core.verb:set package 'dolly_ignition' build argument 'cmake_target_skip_unavailable' from command line to 'False'
[0.252s] Level 5:colcon.colcon_core.verb:set package 'dolly_ignition' build argument 'cmake_clean_cache' from command line to 'False'
[0.252s] Level 5:colcon.colcon_core.verb:set package 'dolly_ignition' build argument 'cmake_clean_first' from command line to 'False'
[0.252s] Level 5:colcon.colcon_core.verb:set package 'dolly_ignition' build argument 'cmake_force_configure' from command line to 'False'
[0.252s] Level 5:colcon.colcon_core.verb:set package 'dolly_ignition' build argument 'ament_cmake_args' from command line to 'None'
[0.252s] Level 5:colcon.colcon_core.verb:set package 'dolly_ignition' build argument 'catkin_cmake_args' from command line to 'None'
[0.252s] Level 5:colcon.colcon_core.verb:set package 'dolly_ignition' build argument 'catkin_skip_building_tests' from command line to 'False'
[0.252s] DEBUG:colcon.colcon_core.verb:Building package 'dolly_ignition' with the following arguments: {'ament_cmake_args': None, 'build_base': '/home/cc/pg-ros/4_ROS2_Beginners/project_followerdolly_ws/build/dolly_ignition', 'catkin_cmake_args': None, 'catkin_skip_building_tests': False, 'cmake_args': None, 'cmake_clean_cache': False, 'cmake_clean_first': False, 'cmake_force_configure': False, 'cmake_target': None, 'cmake_target_skip_unavailable': False, 'install_base': '/home/cc/pg-ros/4_ROS2_Beginners/project_followerdolly_ws/install/dolly_ignition', 'merge_install': False, 'path': '/home/cc/pg-ros/4_ROS2_Beginners/project_followerdolly_ws/src/dolly_ignition', 'symlink_install': False, 'test_result_base': None}
[0.253s] Level 5:colcon.colcon_core.verb:set package 'dolly_tests' build argument 'cmake_args' from command line to 'None'
[0.253s] Level 5:colcon.colcon_core.verb:set package 'dolly_tests' build argument 'cmake_target' from command line to 'None'
[0.253s] Level 5:colcon.colcon_core.verb:set package 'dolly_tests' build argument 'cmake_target_skip_unavailable' from command line to 'False'
[0.253s] Level 5:colcon.colcon_core.verb:set package 'dolly_tests' build argument 'cmake_clean_cache' from command line to 'False'
[0.253s] Level 5:colcon.colcon_core.verb:set package 'dolly_tests' build argument 'cmake_clean_first' from command line to 'False'
[0.253s] Level 5:colcon.colcon_core.verb:set package 'dolly_tests' build argument 'cmake_force_configure' from command line to 'False'
[0.253s] Level 5:colcon.colcon_core.verb:set package 'dolly_tests' build argument 'ament_cmake_args' from command line to 'None'
[0.253s] Level 5:colcon.colcon_core.verb:set package 'dolly_tests' build argument 'catkin_cmake_args' from command line to 'None'
[0.253s] Level 5:colcon.colcon_core.verb:set package 'dolly_tests' build argument 'catkin_skip_building_tests' from command line to 'False'
[0.253s] DEBUG:colcon.colcon_core.verb:Building package 'dolly_tests' with the following arguments: {'ament_cmake_args': None, 'build_base': '/home/cc/pg-ros/4_ROS2_Beginners/project_followerdolly_ws/build/dolly_tests', 'catkin_cmake_args': None, 'catkin_skip_building_tests': False, 'cmake_args': None, 'cmake_clean_cache': False, 'cmake_clean_first': False, 'cmake_force_configure': False, 'cmake_target': None, 'cmake_target_skip_unavailable': False, 'install_base': '/home/cc/pg-ros/4_ROS2_Beginners/project_followerdolly_ws/install/dolly_tests', 'merge_install': False, 'path': '/home/cc/pg-ros/4_ROS2_Beginners/project_followerdolly_ws/src/dolly_tests', 'symlink_install': False, 'test_result_base': None}
[0.253s] Level 5:colcon.colcon_core.verb:set package 'dolly' build argument 'cmake_args' from command line to 'None'
[0.253s] Level 5:colcon.colcon_core.verb:set package 'dolly' build argument 'cmake_target' from command line to 'None'
[0.253s] Level 5:colcon.colcon_core.verb:set package 'dolly' build argument 'cmake_target_skip_unavailable' from command line to 'False'
[0.253s] Level 5:colcon.colcon_core.verb:set package 'dolly' build argument 'cmake_clean_cache' from command line to 'False'
[0.253s] Level 5:colcon.colcon_core.verb:set package 'dolly' build argument 'cmake_clean_first' from command line to 'False'
[0.253s] Level 5:colcon.colcon_core.verb:set package 'dolly' build argument 'cmake_force_configure' from command line to 'False'
[0.253s] Level 5:colcon.colcon_core.verb:set package 'dolly' build argument 'ament_cmake_args' from command line to 'None'
[0.253s] Level 5:colcon.colcon_core.verb:set package 'dolly' build argument 'catkin_cmake_args' from command line to 'None'
[0.253s] Level 5:colcon.colcon_core.verb:set package 'dolly' build argument 'catkin_skip_building_tests' from command line to 'False'
[0.253s] DEBUG:colcon.colcon_core.verb:Building package 'dolly' with the following arguments: {'ament_cmake_args': None, 'build_base': '/home/cc/pg-ros/4_ROS2_Beginners/project_followerdolly_ws/build/dolly', 'catkin_cmake_args': None, 'catkin_skip_building_tests': False, 'cmake_args': None, 'cmake_clean_cache': False, 'cmake_clean_first': False, 'cmake_force_configure': False, 'cmake_target': None, 'cmake_target_skip_unavailable': False, 'install_base': '/home/cc/pg-ros/4_ROS2_Beginners/project_followerdolly_ws/install/dolly', 'merge_install': False, 'path': '/home/cc/pg-ros/4_ROS2_Beginners/project_followerdolly_ws/src/dolly', 'symlink_install': False, 'test_result_base': None}
[0.254s] INFO:colcon.colcon_core.executor:Executing jobs using 'parallel' executor
[0.255s] DEBUG:colcon.colcon_parallel_executor.executor.parallel:run_until_complete
[0.255s] INFO:colcon.colcon_ros.task.ament_cmake.build:Building ROS package in '/home/cc/pg-ros/4_ROS2_Beginners/project_followerdolly_ws/src/dolly_follow' with build type 'ament_cmake'
[0.255s] INFO:colcon.colcon_cmake.task.cmake.build:Building CMake package in '/home/cc/pg-ros/4_ROS2_Beginners/project_followerdolly_ws/src/dolly_follow'
[0.257s] INFO:colcon.colcon_core.plugin_system:Skipping extension 'colcon_core.shell.bat': Not used on non-Windows systems
[0.257s] INFO:colcon.colcon_core.shell:Skip shell extension 'powershell' for command environment: Not usable outside of PowerShell
[0.257s] DEBUG:colcon.colcon_core.shell:Skip shell extension 'dsv' for command environment
[0.264s] DEBUG:colcon.colcon_core.event_handler.log_command:Invoking command in '/home/cc/pg-ros/4_ROS2_Beginners/project_followerdolly_ws/build/dolly_follow': CMAKE_PREFIX_PATH=${CMAKE_PREFIX_PATH}:/home/cc/pg-ros/4_ROS2_Beginners/ros2nodes_ws/install/nodes_pkg:/home/cc/ros2_ws/install/my_py_pkg:/opt/ros/foxy /usr/bin/cmake --build /home/cc/pg-ros/4_ROS2_Beginners/project_followerdolly_ws/build/dolly_follow -- -j16 -l16
[0.311s] DEBUG:colcon.colcon_core.event_handler.log_command:Invoked command in '/home/cc/pg-ros/4_ROS2_Beginners/project_followerdolly_ws/build/dolly_follow' returned '0': CMAKE_PREFIX_PATH=${CMAKE_PREFIX_PATH}:/home/cc/pg-ros/4_ROS2_Beginners/ros2nodes_ws/install/nodes_pkg:/home/cc/ros2_ws/install/my_py_pkg:/opt/ros/foxy /usr/bin/cmake --build /home/cc/pg-ros/4_ROS2_Beginners/project_followerdolly_ws/build/dolly_follow -- -j16 -l16
[0.332s] DEBUG:colcon.colcon_core.event_handler.log_command:Invoking command in '/home/cc/pg-ros/4_ROS2_Beginners/project_followerdolly_ws/build/dolly_follow': CMAKE_PREFIX_PATH=${CMAKE_PREFIX_PATH}:/home/cc/pg-ros/4_ROS2_Beginners/ros2nodes_ws/install/nodes_pkg:/home/cc/ros2_ws/install/my_py_pkg:/opt/ros/foxy /usr/bin/cmake --install /home/cc/pg-ros/4_ROS2_Beginners/project_followerdolly_ws/build/dolly_follow
[0.338s] Level 1:colcon.colcon_core.environment:create_environment_scripts_only(dolly_follow)
[0.339s] DEBUG:colcon.colcon_core.event_handler.log_command:Invoked command in '/home/cc/pg-ros/4_ROS2_Beginners/project_followerdolly_ws/build/dolly_follow' returned '0': CMAKE_PREFIX_PATH=${CMAKE_PREFIX_PATH}:/home/cc/pg-ros/4_ROS2_Beginners/ros2nodes_ws/install/nodes_pkg:/home/cc/ros2_ws/install/my_py_pkg:/opt/ros/foxy /usr/bin/cmake --install /home/cc/pg-ros/4_ROS2_Beginners/project_followerdolly_ws/build/dolly_follow
[0.341s] Level 1:colcon.colcon_core.environment:checking '/home/cc/pg-ros/4_ROS2_Beginners/project_followerdolly_ws/install/dolly_follow' for CMake module files
[0.341s] Level 1:colcon.colcon_core.environment:checking '/home/cc/pg-ros/4_ROS2_Beginners/project_followerdolly_ws/install/dolly_follow' for CMake config files
[0.341s] Level 1:colcon.colcon_core.shell:create_environment_hook('dolly_follow', 'cmake_prefix_path')
[0.341s] INFO:colcon.colcon_core.shell:Creating environment hook '/home/cc/pg-ros/4_ROS2_Beginners/project_followerdolly_ws/install/dolly_follow/share/dolly_follow/hook/cmake_prefix_path.ps1'
[0.342s] INFO:colcon.colcon_core.shell:Creating environment descriptor '/home/cc/pg-ros/4_ROS2_Beginners/project_followerdolly_ws/install/dolly_follow/share/dolly_follow/hook/cmake_prefix_path.dsv'
[0.342s] INFO:colcon.colcon_core.shell:Creating environment hook '/home/cc/pg-ros/4_ROS2_Beginners/project_followerdolly_ws/install/dolly_follow/share/dolly_follow/hook/cmake_prefix_path.sh'
[0.342s] Level 1:colcon.colcon_core.environment:checking '/home/cc/pg-ros/4_ROS2_Beginners/project_followerdolly_ws/install/dolly_follow/lib'
[0.343s] Level 1:colcon.colcon_core.environment:checking '/home/cc/pg-ros/4_ROS2_Beginners/project_followerdolly_ws/install/dolly_follow/bin'
[0.343s] Level 1:colcon.colcon_core.environment:checking '/home/cc/pg-ros/4_ROS2_Beginners/project_followerdolly_ws/install/dolly_follow/lib/pkgconfig/dolly_follow.pc'
[0.343s] Level 1:colcon.colcon_core.environment:checking '/home/cc/pg-ros/4_ROS2_Beginners/project_followerdolly_ws/install/dolly_follow/lib/python3.8/site-packages'
[0.343s] Level 1:colcon.colcon_core.environment:checking '/home/cc/pg-ros/4_ROS2_Beginners/project_followerdolly_ws/install/dolly_follow/bin'
[0.343s] INFO:colcon.colcon_core.shell:Creating package script '/home/cc/pg-ros/4_ROS2_Beginners/project_followerdolly_ws/install/dolly_follow/share/dolly_follow/package.ps1'
[0.344s] INFO:colcon.colcon_core.shell:Creating package descriptor '/home/cc/pg-ros/4_ROS2_Beginners/project_followerdolly_ws/install/dolly_follow/share/dolly_follow/package.dsv'
[0.344s] INFO:colcon.colcon_core.shell:Creating package script '/home/cc/pg-ros/4_ROS2_Beginners/project_followerdolly_ws/install/dolly_follow/share/dolly_follow/package.sh'
[0.344s] INFO:colcon.colcon_core.shell:Creating package script '/home/cc/pg-ros/4_ROS2_Beginners/project_followerdolly_ws/install/dolly_follow/share/dolly_follow/package.bash'
[0.345s] INFO:colcon.colcon_core.shell:Creating package script '/home/cc/pg-ros/4_ROS2_Beginners/project_followerdolly_ws/install/dolly_follow/share/dolly_follow/package.zsh'
[0.345s] Level 1:colcon.colcon_core.environment:create_file_with_runtime_dependencies(/home/cc/pg-ros/4_ROS2_Beginners/project_followerdolly_ws/install/dolly_follow/share/colcon-core/packages/dolly_follow)
[0.359s] Level 1:colcon.colcon_core.environment:create_environment_scripts_only(dolly_follow)
[0.359s] Level 1:colcon.colcon_core.environment:checking '/home/cc/pg-ros/4_ROS2_Beginners/project_followerdolly_ws/install/dolly_follow' for CMake module files
[0.359s] Level 1:colcon.colcon_core.environment:checking '/home/cc/pg-ros/4_ROS2_Beginners/project_followerdolly_ws/install/dolly_follow' for CMake config files
[0.359s] Level 1:colcon.colcon_core.shell:create_environment_hook('dolly_follow', 'cmake_prefix_path')
[0.360s] INFO:colcon.colcon_core.shell:Creating environment hook '/home/cc/pg-ros/4_ROS2_Beginners/project_followerdolly_ws/install/dolly_follow/share/dolly_follow/hook/cmake_prefix_path.ps1'
[0.360s] INFO:colcon.colcon_core.shell:Creating environment descriptor '/home/cc/pg-ros/4_ROS2_Beginners/project_followerdolly_ws/install/dolly_follow/share/dolly_follow/hook/cmake_prefix_path.dsv'
[0.360s] INFO:colcon.colcon_core.shell:Creating environment hook '/home/cc/pg-ros/4_ROS2_Beginners/project_followerdolly_ws/install/dolly_follow/share/dolly_follow/hook/cmake_prefix_path.sh'
[0.361s] Level 1:colcon.colcon_core.environment:checking '/home/cc/pg-ros/4_ROS2_Beginners/project_followerdolly_ws/install/dolly_follow/lib'
[0.361s] Level 1:colcon.colcon_core.environment:checking '/home/cc/pg-ros/4_ROS2_Beginners/project_followerdolly_ws/install/dolly_follow/bin'
[0.361s] Level 1:colcon.colcon_core.environment:checking '/home/cc/pg-ros/4_ROS2_Beginners/project_followerdolly_ws/install/dolly_follow/lib/pkgconfig/dolly_follow.pc'
[0.361s] Level 1:colcon.colcon_core.environment:checking '/home/cc/pg-ros/4_ROS2_Beginners/project_followerdolly_ws/install/dolly_follow/lib/python3.8/site-packages'
[0.361s] Level 1:colcon.colcon_core.environment:checking '/home/cc/pg-ros/4_ROS2_Beginners/project_followerdolly_ws/install/dolly_follow/bin'
[0.361s] INFO:colcon.colcon_core.shell:Creating package script '/home/cc/pg-ros/4_ROS2_Beginners/project_followerdolly_ws/install/dolly_follow/share/dolly_follow/package.ps1'
[0.361s] INFO:colcon.colcon_core.shell:Creating package descriptor '/home/cc/pg-ros/4_ROS2_Beginners/project_followerdolly_ws/install/dolly_follow/share/dolly_follow/package.dsv'
[0.362s] INFO:colcon.colcon_core.shell:Creating package script '/home/cc/pg-ros/4_ROS2_Beginners/project_followerdolly_ws/install/dolly_follow/share/dolly_follow/package.sh'
[0.362s] INFO:colcon.colcon_core.shell:Creating package script '/home/cc/pg-ros/4_ROS2_Beginners/project_followerdolly_ws/install/dolly_follow/share/dolly_follow/package.bash'
[0.362s] INFO:colcon.colcon_core.shell:Creating package script '/home/cc/pg-ros/4_ROS2_Beginners/project_followerdolly_ws/install/dolly_follow/share/dolly_follow/package.zsh'
[0.362s] Level 1:colcon.colcon_core.environment:create_file_with_runtime_dependencies(/home/cc/pg-ros/4_ROS2_Beginners/project_followerdolly_ws/install/dolly_follow/share/colcon-core/packages/dolly_follow)
[0.363s] INFO:colcon.colcon_ros.task.ament_cmake.build:Building ROS package in '/home/cc/pg-ros/4_ROS2_Beginners/project_followerdolly_ws/src/dolly_ignition' with build type 'ament_cmake'
[0.363s] INFO:colcon.colcon_cmake.task.cmake.build:Building CMake package in '/home/cc/pg-ros/4_ROS2_Beginners/project_followerdolly_ws/src/dolly_ignition'
[0.363s] INFO:colcon.colcon_core.shell:Skip shell extension 'powershell' for command environment: Not usable outside of PowerShell
[0.363s] DEBUG:colcon.colcon_core.shell:Skip shell extension 'dsv' for command environment
[0.367s] INFO:colcon.colcon_ros.task.ament_cmake.build:Building ROS package in '/home/cc/pg-ros/4_ROS2_Beginners/project_followerdolly_ws/src/dolly_gazebo' with build type 'ament_cmake'
[0.367s] INFO:colcon.colcon_cmake.task.cmake.build:Building CMake package in '/home/cc/pg-ros/4_ROS2_Beginners/project_followerdolly_ws/src/dolly_gazebo'
[0.367s] INFO:colcon.colcon_core.shell:Skip shell extension 'powershell' for command environment: Not usable outside of PowerShell
[0.367s] DEBUG:colcon.colcon_core.shell:Skip shell extension 'dsv' for command environment
[0.374s] DEBUG:colcon.colcon_core.event_handler.log_command:Invoking command in '/home/cc/pg-ros/4_ROS2_Beginners/project_followerdolly_ws/build/dolly_ignition': CMAKE_PREFIX_PATH=/home/cc/pg-ros/4_ROS2_Beginners/project_followerdolly_ws/install/dolly_follow:/home/cc/pg-ros/4_ROS2_Beginners/project_followerdolly_ws/install/dolly:/home/cc/pg-ros/4_ROS2_Beginners/project_followerdolly_ws/install/dolly_gazebo:/home/cc/ros2_ws/install/my_cpp_pkg:/home/cc/pg-ros/4_ROS2_Beginners/ros2nodes_ws/install/nodes_pkg:/home/cc/ros2_ws/install/my_py_pkg:/opt/ros/foxy /usr/bin/cmake --build /home/cc/pg-ros/4_ROS2_Beginners/project_followerdolly_ws/build/dolly_ignition -- -j16 -l16
[0.376s] DEBUG:colcon.colcon_core.event_handler.log_command:Invoking command in '/home/cc/pg-ros/4_ROS2_Beginners/project_followerdolly_ws/build/dolly_gazebo': CMAKE_PREFIX_PATH=/home/cc/pg-ros/4_ROS2_Beginners/project_followerdolly_ws/install/dolly_follow:/home/cc/pg-ros/4_ROS2_Beginners/project_followerdolly_ws/install/dolly:/home/cc/pg-ros/4_ROS2_Beginners/project_followerdolly_ws/install/dolly_gazebo:/home/cc/ros2_ws/install/my_cpp_pkg:/home/cc/pg-ros/4_ROS2_Beginners/ros2nodes_ws/install/nodes_pkg:/home/cc/ros2_ws/install/my_py_pkg:/opt/ros/foxy /usr/bin/cmake --build /home/cc/pg-ros/4_ROS2_Beginners/project_followerdolly_ws/build/dolly_gazebo -- -j16 -l16
[0.394s] DEBUG:colcon.colcon_core.event_handler.log_command:Invoked command in '/home/cc/pg-ros/4_ROS2_Beginners/project_followerdolly_ws/build/dolly_ignition' returned '0': CMAKE_PREFIX_PATH=/home/cc/pg-ros/4_ROS2_Beginners/project_followerdolly_ws/install/dolly_follow:/home/cc/pg-ros/4_ROS2_Beginners/project_followerdolly_ws/install/dolly:/home/cc/pg-ros/4_ROS2_Beginners/project_followerdolly_ws/install/dolly_gazebo:/home/cc/ros2_ws/install/my_cpp_pkg:/home/cc/pg-ros/4_ROS2_Beginners/ros2nodes_ws/install/nodes_pkg:/home/cc/ros2_ws/install/my_py_pkg:/opt/ros/foxy /usr/bin/cmake --build /home/cc/pg-ros/4_ROS2_Beginners/project_followerdolly_ws/build/dolly_ignition -- -j16 -l16
[0.399s] DEBUG:colcon.colcon_core.event_handler.log_command:Invoked command in '/home/cc/pg-ros/4_ROS2_Beginners/project_followerdolly_ws/build/dolly_gazebo' returned '0': CMAKE_PREFIX_PATH=/home/cc/pg-ros/4_ROS2_Beginners/project_followerdolly_ws/install/dolly_follow:/home/cc/pg-ros/4_ROS2_Beginners/project_followerdolly_ws/install/dolly:/home/cc/pg-ros/4_ROS2_Beginners/project_followerdolly_ws/install/dolly_gazebo:/home/cc/ros2_ws/install/my_cpp_pkg:/home/cc/pg-ros/4_ROS2_Beginners/ros2nodes_ws/install/nodes_pkg:/home/cc/ros2_ws/install/my_py_pkg:/opt/ros/foxy /usr/bin/cmake --build /home/cc/pg-ros/4_ROS2_Beginners/project_followerdolly_ws/build/dolly_gazebo -- -j16 -l16
[0.403s] WARNING:colcon.colcon_cmake.task.cmake.build:Could not run installation step for package 'dolly_ignition' because it has no 'install' target
[0.403s] Level 1:colcon.colcon_core.environment:create_environment_scripts_only(dolly_ignition)
[0.404s] Level 1:colcon.colcon_core.environment:checking '/home/cc/pg-ros/4_ROS2_Beginners/project_followerdolly_ws/install/dolly_ignition' for CMake module files
[0.404s] Level 1:colcon.colcon_core.environment:checking '/home/cc/pg-ros/4_ROS2_Beginners/project_followerdolly_ws/install/dolly_ignition' for CMake config files
[0.404s] Level 1:colcon.colcon_core.environment:checking '/home/cc/pg-ros/4_ROS2_Beginners/project_followerdolly_ws/install/dolly_ignition/bin'
[0.404s] Level 1:colcon.colcon_core.environment:checking '/home/cc/pg-ros/4_ROS2_Beginners/project_followerdolly_ws/install/dolly_ignition/lib/pkgconfig/dolly_ignition.pc'
[0.404s] Level 1:colcon.colcon_core.environment:checking '/home/cc/pg-ros/4_ROS2_Beginners/project_followerdolly_ws/install/dolly_ignition/lib/python3.8/site-packages'
[0.404s] Level 1:colcon.colcon_core.environment:checking '/home/cc/pg-ros/4_ROS2_Beginners/project_followerdolly_ws/install/dolly_ignition/bin'
[0.405s] INFO:colcon.colcon_core.shell:Creating package script '/home/cc/pg-ros/4_ROS2_Beginners/project_followerdolly_ws/install/dolly_ignition/share/dolly_ignition/package.ps1'
[0.405s] INFO:colcon.colcon_core.shell:Creating package descriptor '/home/cc/pg-ros/4_ROS2_Beginners/project_followerdolly_ws/install/dolly_ignition/share/dolly_ignition/package.dsv'
[0.405s] INFO:colcon.colcon_core.shell:Creating package script '/home/cc/pg-ros/4_ROS2_Beginners/project_followerdolly_ws/install/dolly_ignition/share/dolly_ignition/package.sh'
[0.405s] INFO:colcon.colcon_core.shell:Creating package script '/home/cc/pg-ros/4_ROS2_Beginners/project_followerdolly_ws/install/dolly_ignition/share/dolly_ignition/package.bash'
[0.405s] INFO:colcon.colcon_core.shell:Creating package script '/home/cc/pg-ros/4_ROS2_Beginners/project_followerdolly_ws/install/dolly_ignition/share/dolly_ignition/package.zsh'
[0.405s] Level 1:colcon.colcon_core.environment:create_file_with_runtime_dependencies(/home/cc/pg-ros/4_ROS2_Beginners/project_followerdolly_ws/install/dolly_ignition/share/colcon-core/packages/dolly_ignition)
[0.413s] DEBUG:colcon.colcon_core.event_handler.log_command:Invoking command in '/home/cc/pg-ros/4_ROS2_Beginners/project_followerdolly_ws/build/dolly_gazebo': CMAKE_PREFIX_PATH=/home/cc/pg-ros/4_ROS2_Beginners/project_followerdolly_ws/install/dolly_follow:/home/cc/pg-ros/4_ROS2_Beginners/project_followerdolly_ws/install/dolly:/home/cc/pg-ros/4_ROS2_Beginners/project_followerdolly_ws/install/dolly_gazebo:/home/cc/ros2_ws/install/my_cpp_pkg:/home/cc/pg-ros/4_ROS2_Beginners/ros2nodes_ws/install/nodes_pkg:/home/cc/ros2_ws/install/my_py_pkg:/opt/ros/foxy /usr/bin/cmake --install /home/cc/pg-ros/4_ROS2_Beginners/project_followerdolly_ws/build/dolly_gazebo
[0.415s] Level 1:colcon.colcon_core.environment:create_environment_scripts_only(dolly_ignition)
[0.416s] Level 1:colcon.colcon_core.environment:checking '/home/cc/pg-ros/4_ROS2_Beginners/project_followerdolly_ws/install/dolly_ignition' for CMake module files
[0.416s] Level 1:colcon.colcon_core.environment:checking '/home/cc/pg-ros/4_ROS2_Beginners/project_followerdolly_ws/install/dolly_ignition' for CMake config files
[0.416s] Level 1:colcon.colcon_core.environment:checking '/home/cc/pg-ros/4_ROS2_Beginners/project_followerdolly_ws/install/dolly_ignition/bin'
[0.416s] Level 1:colcon.colcon_core.environment:checking '/home/cc/pg-ros/4_ROS2_Beginners/project_followerdolly_ws/install/dolly_ignition/lib/pkgconfig/dolly_ignition.pc'
[0.416s] Level 1:colcon.colcon_core.environment:checking '/home/cc/pg-ros/4_ROS2_Beginners/project_followerdolly_ws/install/dolly_ignition/lib/python3.8/site-packages'
[0.416s] Level 1:colcon.colcon_core.environment:checking '/home/cc/pg-ros/4_ROS2_Beginners/project_followerdolly_ws/install/dolly_ignition/bin'
[0.417s] INFO:colcon.colcon_core.shell:Creating package script '/home/cc/pg-ros/4_ROS2_Beginners/project_followerdolly_ws/install/dolly_ignition/share/dolly_ignition/package.ps1'
[0.417s] INFO:colcon.colcon_core.shell:Creating package descriptor '/home/cc/pg-ros/4_ROS2_Beginners/project_followerdolly_ws/install/dolly_ignition/share/dolly_ignition/package.dsv'
[0.417s] INFO:colcon.colcon_core.shell:Creating package script '/home/cc/pg-ros/4_ROS2_Beginners/project_followerdolly_ws/install/dolly_ignition/share/dolly_ignition/package.sh'
[0.417s] INFO:colcon.colcon_core.shell:Creating package script '/home/cc/pg-ros/4_ROS2_Beginners/project_followerdolly_ws/install/dolly_ignition/share/dolly_ignition/package.bash'
[0.417s] INFO:colcon.colcon_core.shell:Creating package script '/home/cc/pg-ros/4_ROS2_Beginners/project_followerdolly_ws/install/dolly_ignition/share/dolly_ignition/package.zsh'
[0.418s] Level 1:colcon.colcon_core.environment:create_file_with_runtime_dependencies(/home/cc/pg-ros/4_ROS2_Beginners/project_followerdolly_ws/install/dolly_ignition/share/colcon-core/packages/dolly_ignition)
[0.418s] INFO:colcon.colcon_ros.task.ament_cmake.build:Building ROS package in '/home/cc/pg-ros/4_ROS2_Beginners/project_followerdolly_ws/src/dolly_tests' with build type 'ament_cmake'
[0.418s] INFO:colcon.colcon_cmake.task.cmake.build:Building CMake package in '/home/cc/pg-ros/4_ROS2_Beginners/project_followerdolly_ws/src/dolly_tests'
[0.418s] INFO:colcon.colcon_core.shell:Skip shell extension 'powershell' for command environment: Not usable outside of PowerShell
[0.418s] DEBUG:colcon.colcon_core.shell:Skip shell extension 'dsv' for command environment
[0.426s] Level 1:colcon.colcon_core.environment:create_environment_scripts_only(dolly_gazebo)
[0.427s] Level 1:colcon.colcon_core.environment:checking '/home/cc/pg-ros/4_ROS2_Beginners/project_followerdolly_ws/install/dolly_gazebo' for CMake module files
[0.427s] Level 1:colcon.colcon_core.environment:checking '/home/cc/pg-ros/4_ROS2_Beginners/project_followerdolly_ws/install/dolly_gazebo' for CMake config files
[0.429s] Level 1:colcon.colcon_core.shell:create_environment_hook('dolly_gazebo', 'cmake_prefix_path')
[0.429s] INFO:colcon.colcon_core.shell:Creating environment hook '/home/cc/pg-ros/4_ROS2_Beginners/project_followerdolly_ws/install/dolly_gazebo/share/dolly_gazebo/hook/cmake_prefix_path.ps1'
[0.429s] DEBUG:colcon.colcon_core.event_handler.log_command:Invoked command in '/home/cc/pg-ros/4_ROS2_Beginners/project_followerdolly_ws/build/dolly_gazebo' returned '0': CMAKE_PREFIX_PATH=/home/cc/pg-ros/4_ROS2_Beginners/project_followerdolly_ws/install/dolly_follow:/home/cc/pg-ros/4_ROS2_Beginners/project_followerdolly_ws/install/dolly:/home/cc/pg-ros/4_ROS2_Beginners/project_followerdolly_ws/install/dolly_gazebo:/home/cc/ros2_ws/install/my_cpp_pkg:/home/cc/pg-ros/4_ROS2_Beginners/ros2nodes_ws/install/nodes_pkg:/home/cc/ros2_ws/install/my_py_pkg:/opt/ros/foxy /usr/bin/cmake --install /home/cc/pg-ros/4_ROS2_Beginners/project_followerdolly_ws/build/dolly_gazebo
[0.429s] INFO:colcon.colcon_core.shell:Creating environment descriptor '/home/cc/pg-ros/4_ROS2_Beginners/project_followerdolly_ws/install/dolly_gazebo/share/dolly_gazebo/hook/cmake_prefix_path.dsv'
[0.430s] INFO:colcon.colcon_core.shell:Creating environment hook '/home/cc/pg-ros/4_ROS2_Beginners/project_followerdolly_ws/install/dolly_gazebo/share/dolly_gazebo/hook/cmake_prefix_path.sh'
[0.430s] Level 1:colcon.colcon_core.environment:checking '/home/cc/pg-ros/4_ROS2_Beginners/project_followerdolly_ws/install/dolly_gazebo/bin'
[0.430s] Level 1:colcon.colcon_core.environment:checking '/home/cc/pg-ros/4_ROS2_Beginners/project_followerdolly_ws/install/dolly_gazebo/lib/pkgconfig/dolly_gazebo.pc'
[0.430s] Level 1:colcon.colcon_core.environment:checking '/home/cc/pg-ros/4_ROS2_Beginners/project_followerdolly_ws/install/dolly_gazebo/lib/python3.8/site-packages'
[0.430s] Level 1:colcon.colcon_core.environment:checking '/home/cc/pg-ros/4_ROS2_Beginners/project_followerdolly_ws/install/dolly_gazebo/bin'
[0.431s] INFO:colcon.colcon_core.shell:Creating package script '/home/cc/pg-ros/4_ROS2_Beginners/project_followerdolly_ws/install/dolly_gazebo/share/dolly_gazebo/package.ps1'
[0.431s] INFO:colcon.colcon_core.shell:Creating package descriptor '/home/cc/pg-ros/4_ROS2_Beginners/project_followerdolly_ws/install/dolly_gazebo/share/dolly_gazebo/package.dsv'
[0.431s] INFO:colcon.colcon_core.shell:Creating package script '/home/cc/pg-ros/4_ROS2_Beginners/project_followerdolly_ws/install/dolly_gazebo/share/dolly_gazebo/package.sh'
[0.431s] INFO:colcon.colcon_core.shell:Creating package script '/home/cc/pg-ros/4_ROS2_Beginners/project_followerdolly_ws/install/dolly_gazebo/share/dolly_gazebo/package.bash'
[0.431s] INFO:colcon.colcon_core.shell:Creating package script '/home/cc/pg-ros/4_ROS2_Beginners/project_followerdolly_ws/install/dolly_gazebo/share/dolly_gazebo/package.zsh'
[0.431s] Level 1:colcon.colcon_core.environment:create_file_with_runtime_dependencies(/home/cc/pg-ros/4_ROS2_Beginners/project_followerdolly_ws/install/dolly_gazebo/share/colcon-core/packages/dolly_gazebo)
[0.435s] DEBUG:colcon.colcon_core.event_handler.log_command:Invoking command in '/home/cc/pg-ros/4_ROS2_Beginners/project_followerdolly_ws/build/dolly_tests': CMAKE_PREFIX_PATH=/home/cc/pg-ros/4_ROS2_Beginners/project_followerdolly_ws/install/dolly_follow:/home/cc/pg-ros/4_ROS2_Beginners/project_followerdolly_ws/install/dolly:/home/cc/pg-ros/4_ROS2_Beginners/project_followerdolly_ws/install/dolly_gazebo:/home/cc/ros2_ws/install/my_cpp_pkg:/home/cc/pg-ros/4_ROS2_Beginners/ros2nodes_ws/install/nodes_pkg:/home/cc/ros2_ws/install/my_py_pkg:/opt/ros/foxy /usr/bin/cmake --build /home/cc/pg-ros/4_ROS2_Beginners/project_followerdolly_ws/build/dolly_tests -- -j16 -l16
[0.444s] Level 1:colcon.colcon_core.environment:create_environment_scripts_only(dolly_gazebo)
[0.445s] Level 1:colcon.colcon_core.environment:checking '/home/cc/pg-ros/4_ROS2_Beginners/project_followerdolly_ws/install/dolly_gazebo' for CMake module files
[0.445s] Level 1:colcon.colcon_core.environment:checking '/home/cc/pg-ros/4_ROS2_Beginners/project_followerdolly_ws/install/dolly_gazebo' for CMake config files
[0.446s] Level 1:colcon.colcon_core.shell:create_environment_hook('dolly_gazebo', 'cmake_prefix_path')
[0.446s] INFO:colcon.colcon_core.shell:Creating environment hook '/home/cc/pg-ros/4_ROS2_Beginners/project_followerdolly_ws/install/dolly_gazebo/share/dolly_gazebo/hook/cmake_prefix_path.ps1'
[0.446s] INFO:colcon.colcon_core.shell:Creating environment descriptor '/home/cc/pg-ros/4_ROS2_Beginners/project_followerdolly_ws/install/dolly_gazebo/share/dolly_gazebo/hook/cmake_prefix_path.dsv'
[0.447s] INFO:colcon.colcon_core.shell:Creating environment hook '/home/cc/pg-ros/4_ROS2_Beginners/project_followerdolly_ws/install/dolly_gazebo/share/dolly_gazebo/hook/cmake_prefix_path.sh'
[0.447s] Level 1:colcon.colcon_core.environment:checking '/home/cc/pg-ros/4_ROS2_Beginners/project_followerdolly_ws/install/dolly_gazebo/bin'
[0.447s] Level 1:colcon.colcon_core.environment:checking '/home/cc/pg-ros/4_ROS2_Beginners/project_followerdolly_ws/install/dolly_gazebo/lib/pkgconfig/dolly_gazebo.pc'
[0.447s] Level 1:colcon.colcon_core.environment:checking '/home/cc/pg-ros/4_ROS2_Beginners/project_followerdolly_ws/install/dolly_gazebo/lib/python3.8/site-packages'
[0.447s] Level 1:colcon.colcon_core.environment:checking '/home/cc/pg-ros/4_ROS2_Beginners/project_followerdolly_ws/install/dolly_gazebo/bin'
[0.448s] INFO:colcon.colcon_core.shell:Creating package script '/home/cc/pg-ros/4_ROS2_Beginners/project_followerdolly_ws/install/dolly_gazebo/share/dolly_gazebo/package.ps1'
[0.448s] INFO:colcon.colcon_core.shell:Creating package descriptor '/home/cc/pg-ros/4_ROS2_Beginners/project_followerdolly_ws/install/dolly_gazebo/share/dolly_gazebo/package.dsv'
[0.449s] INFO:colcon.colcon_core.shell:Creating package script '/home/cc/pg-ros/4_ROS2_Beginners/project_followerdolly_ws/install/dolly_gazebo/share/dolly_gazebo/package.sh'
[0.449s] INFO:colcon.colcon_core.shell:Creating package script '/home/cc/pg-ros/4_ROS2_Beginners/project_followerdolly_ws/install/dolly_gazebo/share/dolly_gazebo/package.bash'
[0.449s] INFO:colcon.colcon_core.shell:Creating package script '/home/cc/pg-ros/4_ROS2_Beginners/project_followerdolly_ws/install/dolly_gazebo/share/dolly_gazebo/package.zsh'
[0.449s] Level 1:colcon.colcon_core.environment:create_file_with_runtime_dependencies(/home/cc/pg-ros/4_ROS2_Beginners/project_followerdolly_ws/install/dolly_gazebo/share/colcon-core/packages/dolly_gazebo)
[0.456s] DEBUG:colcon.colcon_core.event_handler.log_command:Invoked command in '/home/cc/pg-ros/4_ROS2_Beginners/project_followerdolly_ws/build/dolly_tests' returned '0': CMAKE_PREFIX_PATH=/home/cc/pg-ros/4_ROS2_Beginners/project_followerdolly_ws/install/dolly_follow:/home/cc/pg-ros/4_ROS2_Beginners/project_followerdolly_ws/install/dolly:/home/cc/pg-ros/4_ROS2_Beginners/project_followerdolly_ws/install/dolly_gazebo:/home/cc/ros2_ws/install/my_cpp_pkg:/home/cc/pg-ros/4_ROS2_Beginners/ros2nodes_ws/install/nodes_pkg:/home/cc/ros2_ws/install/my_py_pkg:/opt/ros/foxy /usr/bin/cmake --build /home/cc/pg-ros/4_ROS2_Beginners/project_followerdolly_ws/build/dolly_tests -- -j16 -l16
[0.465s] WARNING:colcon.colcon_cmake.task.cmake.build:Could not run installation step for package 'dolly_tests' because it has no 'install' target
[0.466s] Level 1:colcon.colcon_core.environment:create_environment_scripts_only(dolly_tests)
[0.466s] Level 1:colcon.colcon_core.environment:checking '/home/cc/pg-ros/4_ROS2_Beginners/project_followerdolly_ws/install/dolly_tests' for CMake module files
[0.467s] Level 1:colcon.colcon_core.environment:checking '/home/cc/pg-ros/4_ROS2_Beginners/project_followerdolly_ws/install/dolly_tests' for CMake config files
[0.467s] Level 1:colcon.colcon_core.environment:checking '/home/cc/pg-ros/4_ROS2_Beginners/project_followerdolly_ws/install/dolly_tests/bin'
[0.467s] Level 1:colcon.colcon_core.environment:checking '/home/cc/pg-ros/4_ROS2_Beginners/project_followerdolly_ws/install/dolly_tests/lib/pkgconfig/dolly_tests.pc'
[0.467s] Level 1:colcon.colcon_core.environment:checking '/home/cc/pg-ros/4_ROS2_Beginners/project_followerdolly_ws/install/dolly_tests/lib/python3.8/site-packages'
[0.467s] Level 1:colcon.colcon_core.environment:checking '/home/cc/pg-ros/4_ROS2_Beginners/project_followerdolly_ws/install/dolly_tests/bin'
[0.467s] INFO:colcon.colcon_core.shell:Creating package script '/home/cc/pg-ros/4_ROS2_Beginners/project_followerdolly_ws/install/dolly_tests/share/dolly_tests/package.ps1'
[0.468s] INFO:colcon.colcon_core.shell:Creating package descriptor '/home/cc/pg-ros/4_ROS2_Beginners/project_followerdolly_ws/install/dolly_tests/share/dolly_tests/package.dsv'
[0.468s] INFO:colcon.colcon_core.shell:Creating package script '/home/cc/pg-ros/4_ROS2_Beginners/project_followerdolly_ws/install/dolly_tests/share/dolly_tests/package.sh'
[0.468s] INFO:colcon.colcon_core.shell:Creating package script '/home/cc/pg-ros/4_ROS2_Beginners/project_followerdolly_ws/install/dolly_tests/share/dolly_tests/package.bash'
[0.468s] INFO:colcon.colcon_core.shell:Creating package script '/home/cc/pg-ros/4_ROS2_Beginners/project_followerdolly_ws/install/dolly_tests/share/dolly_tests/package.zsh'
[0.468s] Level 1:colcon.colcon_core.environment:create_file_with_runtime_dependencies(/home/cc/pg-ros/4_ROS2_Beginners/project_followerdolly_ws/install/dolly_tests/share/colcon-core/packages/dolly_tests)
[0.478s] Level 1:colcon.colcon_core.environment:create_environment_scripts_only(dolly_tests)
[0.479s] Level 1:colcon.colcon_core.environment:checking '/home/cc/pg-ros/4_ROS2_Beginners/project_followerdolly_ws/install/dolly_tests' for CMake module files
[0.479s] Level 1:colcon.colcon_core.environment:checking '/home/cc/pg-ros/4_ROS2_Beginners/project_followerdolly_ws/install/dolly_tests' for CMake config files
[0.479s] Level 1:colcon.colcon_core.environment:checking '/home/cc/pg-ros/4_ROS2_Beginners/project_followerdolly_ws/install/dolly_tests/bin'
[0.479s] Level 1:colcon.colcon_core.environment:checking '/home/cc/pg-ros/4_ROS2_Beginners/project_followerdolly_ws/install/dolly_tests/lib/pkgconfig/dolly_tests.pc'
[0.479s] Level 1:colcon.colcon_core.environment:checking '/home/cc/pg-ros/4_ROS2_Beginners/project_followerdolly_ws/install/dolly_tests/lib/python3.8/site-packages'
[0.479s] Level 1:colcon.colcon_core.environment:checking '/home/cc/pg-ros/4_ROS2_Beginners/project_followerdolly_ws/install/dolly_tests/bin'
[0.480s] INFO:colcon.colcon_core.shell:Creating package script '/home/cc/pg-ros/4_ROS2_Beginners/project_followerdolly_ws/install/dolly_tests/share/dolly_tests/package.ps1'
[0.480s] INFO:colcon.colcon_core.shell:Creating package descriptor '/home/cc/pg-ros/4_ROS2_Beginners/project_followerdolly_ws/install/dolly_tests/share/dolly_tests/package.dsv'
[0.480s] INFO:colcon.colcon_core.shell:Creating package script '/home/cc/pg-ros/4_ROS2_Beginners/project_followerdolly_ws/install/dolly_tests/share/dolly_tests/package.sh'
[0.480s] INFO:colcon.colcon_core.shell:Creating package script '/home/cc/pg-ros/4_ROS2_Beginners/project_followerdolly_ws/install/dolly_tests/share/dolly_tests/package.bash'
[0.481s] INFO:colcon.colcon_core.shell:Creating package script '/home/cc/pg-ros/4_ROS2_Beginners/project_followerdolly_ws/install/dolly_tests/share/dolly_tests/package.zsh'
[0.481s] Level 1:colcon.colcon_core.environment:create_file_with_runtime_dependencies(/home/cc/pg-ros/4_ROS2_Beginners/project_followerdolly_ws/install/dolly_tests/share/colcon-core/packages/dolly_tests)
[0.481s] INFO:colcon.colcon_ros.task.ament_cmake.build:Building ROS package in '/home/cc/pg-ros/4_ROS2_Beginners/project_followerdolly_ws/src/dolly' with build type 'ament_cmake'
[0.481s] INFO:colcon.colcon_cmake.task.cmake.build:Building CMake package in '/home/cc/pg-ros/4_ROS2_Beginners/project_followerdolly_ws/src/dolly'
[0.481s] INFO:colcon.colcon_core.shell:Skip shell extension 'powershell' for command environment: Not usable outside of PowerShell
[0.481s] DEBUG:colcon.colcon_core.shell:Skip shell extension 'dsv' for command environment
[0.489s] DEBUG:colcon.colcon_core.event_handler.log_command:Invoking command in '/home/cc/pg-ros/4_ROS2_Beginners/project_followerdolly_ws/build/dolly': CMAKE_PREFIX_PATH=/home/cc/pg-ros/4_ROS2_Beginners/project_followerdolly_ws/install/dolly_gazebo:/home/cc/pg-ros/4_ROS2_Beginners/project_followerdolly_ws/install/dolly_follow:/home/cc/pg-ros/4_ROS2_Beginners/project_followerdolly_ws/install/dolly:/home/cc/ros2_ws/install/my_cpp_pkg:/home/cc/pg-ros/4_ROS2_Beginners/ros2nodes_ws/install/nodes_pkg:/home/cc/ros2_ws/install/my_py_pkg:/opt/ros/foxy /usr/bin/cmake --build /home/cc/pg-ros/4_ROS2_Beginners/project_followerdolly_ws/build/dolly -- -j16 -l16
[0.513s] DEBUG:colcon.colcon_core.event_handler.log_command:Invoked command in '/home/cc/pg-ros/4_ROS2_Beginners/project_followerdolly_ws/build/dolly' returned '0': CMAKE_PREFIX_PATH=/home/cc/pg-ros/4_ROS2_Beginners/project_followerdolly_ws/install/dolly_gazebo:/home/cc/pg-ros/4_ROS2_Beginners/project_followerdolly_ws/install/dolly_follow:/home/cc/pg-ros/4_ROS2_Beginners/project_followerdolly_ws/install/dolly:/home/cc/ros2_ws/install/my_cpp_pkg:/home/cc/pg-ros/4_ROS2_Beginners/ros2nodes_ws/install/nodes_pkg:/home/cc/ros2_ws/install/my_py_pkg:/opt/ros/foxy /usr/bin/cmake --build /home/cc/pg-ros/4_ROS2_Beginners/project_followerdolly_ws/build/dolly -- -j16 -l16
[0.532s] DEBUG:colcon.colcon_core.event_handler.log_command:Invoking command in '/home/cc/pg-ros/4_ROS2_Beginners/project_followerdolly_ws/build/dolly': CMAKE_PREFIX_PATH=/home/cc/pg-ros/4_ROS2_Beginners/project_followerdolly_ws/install/dolly_gazebo:/home/cc/pg-ros/4_ROS2_Beginners/project_followerdolly_ws/install/dolly_follow:/home/cc/pg-ros/4_ROS2_Beginners/project_followerdolly_ws/install/dolly:/home/cc/ros2_ws/install/my_cpp_pkg:/home/cc/pg-ros/4_ROS2_Beginners/ros2nodes_ws/install/nodes_pkg:/home/cc/ros2_ws/install/my_py_pkg:/opt/ros/foxy /usr/bin/cmake --install /home/cc/pg-ros/4_ROS2_Beginners/project_followerdolly_ws/build/dolly
[0.543s] Level 1:colcon.colcon_core.environment:create_environment_scripts_only(dolly)
[0.544s] Level 1:colcon.colcon_core.environment:checking '/home/cc/pg-ros/4_ROS2_Beginners/project_followerdolly_ws/install/dolly' for CMake module files
[0.544s] DEBUG:colcon.colcon_core.event_handler.log_command:Invoked command in '/home/cc/pg-ros/4_ROS2_Beginners/project_followerdolly_ws/build/dolly' returned '0': CMAKE_PREFIX_PATH=/home/cc/pg-ros/4_ROS2_Beginners/project_followerdolly_ws/install/dolly_gazebo:/home/cc/pg-ros/4_ROS2_Beginners/project_followerdolly_ws/install/dolly_follow:/home/cc/pg-ros/4_ROS2_Beginners/project_followerdolly_ws/install/dolly:/home/cc/ros2_ws/install/my_cpp_pkg:/home/cc/pg-ros/4_ROS2_Beginners/ros2nodes_ws/install/nodes_pkg:/home/cc/ros2_ws/install/my_py_pkg:/opt/ros/foxy /usr/bin/cmake --install /home/cc/pg-ros/4_ROS2_Beginners/project_followerdolly_ws/build/dolly
[0.544s] Level 1:colcon.colcon_core.environment:checking '/home/cc/pg-ros/4_ROS2_Beginners/project_followerdolly_ws/install/dolly' for CMake config files
[0.544s] Level 1:colcon.colcon_core.shell:create_environment_hook('dolly', 'cmake_prefix_path')
[0.545s] INFO:colcon.colcon_core.shell:Creating environment hook '/home/cc/pg-ros/4_ROS2_Beginners/project_followerdolly_ws/install/dolly/share/dolly/hook/cmake_prefix_path.ps1'
[0.545s] INFO:colcon.colcon_core.shell:Creating environment descriptor '/home/cc/pg-ros/4_ROS2_Beginners/project_followerdolly_ws/install/dolly/share/dolly/hook/cmake_prefix_path.dsv'
[0.545s] INFO:colcon.colcon_core.shell:Creating environment hook '/home/cc/pg-ros/4_ROS2_Beginners/project_followerdolly_ws/install/dolly/share/dolly/hook/cmake_prefix_path.sh'
[0.545s] Level 1:colcon.colcon_core.environment:checking '/home/cc/pg-ros/4_ROS2_Beginners/project_followerdolly_ws/install/dolly/bin'
[0.545s] Level 1:colcon.colcon_core.environment:checking '/home/cc/pg-ros/4_ROS2_Beginners/project_followerdolly_ws/install/dolly/lib/pkgconfig/dolly.pc'
[0.546s] Level 1:colcon.colcon_core.environment:checking '/home/cc/pg-ros/4_ROS2_Beginners/project_followerdolly_ws/install/dolly/lib/python3.8/site-packages'
[0.546s] Level 1:colcon.colcon_core.environment:checking '/home/cc/pg-ros/4_ROS2_Beginners/project_followerdolly_ws/install/dolly/bin'
[0.546s] INFO:colcon.colcon_core.shell:Creating package script '/home/cc/pg-ros/4_ROS2_Beginners/project_followerdolly_ws/install/dolly/share/dolly/package.ps1'
[0.546s] INFO:colcon.colcon_core.shell:Creating package descriptor '/home/cc/pg-ros/4_ROS2_Beginners/project_followerdolly_ws/install/dolly/share/dolly/package.dsv'
[0.546s] INFO:colcon.colcon_core.shell:Creating package script '/home/cc/pg-ros/4_ROS2_Beginners/project_followerdolly_ws/install/dolly/share/dolly/package.sh'
[0.547s] INFO:colcon.colcon_core.shell:Creating package script '/home/cc/pg-ros/4_ROS2_Beginners/project_followerdolly_ws/install/dolly/share/dolly/package.bash'
[0.547s] INFO:colcon.colcon_core.shell:Creating package script '/home/cc/pg-ros/4_ROS2_Beginners/project_followerdolly_ws/install/dolly/share/dolly/package.zsh'
[0.547s] Level 1:colcon.colcon_core.environment:create_file_with_runtime_dependencies(/home/cc/pg-ros/4_ROS2_Beginners/project_followerdolly_ws/install/dolly/share/colcon-core/packages/dolly)
[0.559s] Level 1:colcon.colcon_core.environment:create_environment_scripts_only(dolly)
[0.560s] Level 1:colcon.colcon_core.environment:checking '/home/cc/pg-ros/4_ROS2_Beginners/project_followerdolly_ws/install/dolly' for CMake module files
[0.560s] Level 1:colcon.colcon_core.environment:checking '/home/cc/pg-ros/4_ROS2_Beginners/project_followerdolly_ws/install/dolly' for CMake config files
[0.560s] Level 1:colcon.colcon_core.shell:create_environment_hook('dolly', 'cmake_prefix_path')
[0.560s] INFO:colcon.colcon_core.shell:Creating environment hook '/home/cc/pg-ros/4_ROS2_Beginners/project_followerdolly_ws/install/dolly/share/dolly/hook/cmake_prefix_path.ps1'
[0.560s] INFO:colcon.colcon_core.shell:Creating environment descriptor '/home/cc/pg-ros/4_ROS2_Beginners/project_followerdolly_ws/install/dolly/share/dolly/hook/cmake_prefix_path.dsv'
[0.561s] INFO:colcon.colcon_core.shell:Creating environment hook '/home/cc/pg-ros/4_ROS2_Beginners/project_followerdolly_ws/install/dolly/share/dolly/hook/cmake_prefix_path.sh'
[0.561s] Level 1:colcon.colcon_core.environment:checking '/home/cc/pg-ros/4_ROS2_Beginners/project_followerdolly_ws/install/dolly/bin'
[0.561s] Level 1:colcon.colcon_core.environment:checking '/home/cc/pg-ros/4_ROS2_Beginners/project_followerdolly_ws/install/dolly/lib/pkgconfig/dolly.pc'
[0.561s] Level 1:colcon.colcon_core.environment:checking '/home/cc/pg-ros/4_ROS2_Beginners/project_followerdolly_ws/install/dolly/lib/python3.8/site-packages'
[0.561s] Level 1:colcon.colcon_core.environment:checking '/home/cc/pg-ros/4_ROS2_Beginners/project_followerdolly_ws/install/dolly/bin'
[0.562s] INFO:colcon.colcon_core.shell:Creating package script '/home/cc/pg-ros/4_ROS2_Beginners/project_followerdolly_ws/install/dolly/share/dolly/package.ps1'
[0.562s] INFO:colcon.colcon_core.shell:Creating package descriptor '/home/cc/pg-ros/4_ROS2_Beginners/project_followerdolly_ws/install/dolly/share/dolly/package.dsv'
[0.562s] INFO:colcon.colcon_core.shell:Creating package script '/home/cc/pg-ros/4_ROS2_Beginners/project_followerdolly_ws/install/dolly/share/dolly/package.sh'
[0.562s] INFO:colcon.colcon_core.shell:Creating package script '/home/cc/pg-ros/4_ROS2_Beginners/project_followerdolly_ws/install/dolly/share/dolly/package.bash'
[0.562s] INFO:colcon.colcon_core.shell:Creating package script '/home/cc/pg-ros/4_ROS2_Beginners/project_followerdolly_ws/install/dolly/share/dolly/package.zsh'
[0.563s] Level 1:colcon.colcon_core.environment:create_file_with_runtime_dependencies(/home/cc/pg-ros/4_ROS2_Beginners/project_followerdolly_ws/install/dolly/share/colcon-core/packages/dolly)
[0.563s] DEBUG:colcon.colcon_parallel_executor.executor.parallel:closing loop
[0.563s] DEBUG:colcon.colcon_parallel_executor.executor.parallel:loop closed
[0.563s] DEBUG:colcon.colcon_parallel_executor.executor.parallel:run_until_complete finished with '0'
[0.563s] DEBUG:colcon.colcon_core.event_reactor:joining thread
[0.566s] INFO:colcon.colcon_core.plugin_system:Skipping extension 'colcon_notification.desktop_notification.terminal_notifier': Not used on non-Darwin systems
[0.566s] INFO:colcon.colcon_core.plugin_system:Skipping extension 'colcon_notification.desktop_notification.win32': Not used on non-Windows systems
[0.566s] INFO:colcon.colcon_notification.desktop_notification:Sending desktop notification using 'notify2'
[0.574s] DEBUG:colcon.colcon_core.event_reactor:joined thread
[0.574s] INFO:colcon.colcon_core.shell:Creating prefix script '/home/cc/pg-ros/4_ROS2_Beginners/project_followerdolly_ws/install/local_setup.ps1'
[0.575s] INFO:colcon.colcon_core.shell:Creating prefix util module '/home/cc/pg-ros/4_ROS2_Beginners/project_followerdolly_ws/install/_local_setup_util_ps1.py'
[0.575s] INFO:colcon.colcon_core.shell:Creating prefix chain script '/home/cc/pg-ros/4_ROS2_Beginners/project_followerdolly_ws/install/setup.ps1'
[0.576s] INFO:colcon.colcon_core.shell:Creating prefix script '/home/cc/pg-ros/4_ROS2_Beginners/project_followerdolly_ws/install/local_setup.sh'
[0.576s] INFO:colcon.colcon_core.shell:Creating prefix util module '/home/cc/pg-ros/4_ROS2_Beginners/project_followerdolly_ws/install/_local_setup_util_sh.py'
[0.577s] INFO:colcon.colcon_core.shell:Creating prefix chain script '/home/cc/pg-ros/4_ROS2_Beginners/project_followerdolly_ws/install/setup.sh'
[0.577s] INFO:colcon.colcon_core.shell:Creating prefix script '/home/cc/pg-ros/4_ROS2_Beginners/project_followerdolly_ws/install/local_setup.bash'
[0.578s] INFO:colcon.colcon_core.shell:Creating prefix chain script '/home/cc/pg-ros/4_ROS2_Beginners/project_followerdolly_ws/install/setup.bash'
[0.578s] INFO:colcon.colcon_core.shell:Creating prefix script '/home/cc/pg-ros/4_ROS2_Beginners/project_followerdolly_ws/install/local_setup.zsh'
[0.578s] INFO:colcon.colcon_core.shell:Creating prefix chain script '/home/cc/pg-ros/4_ROS2_Beginners/project_followerdolly_ws/install/setup.zsh'
