[0.006s] Invoking command in '/home/cc/pg-ros/4_ROS2_Beginners/project_followerdolly_ws/build/dolly': AMENT_PREFIX_PATH=/home/cc/pg-ros/4_ROS2_Beginners/project_followerdolly_ws/install/dolly_gazebo:/home/cc/pg-ros/4_ROS2_Beginners/project_followerdolly_ws/install/dolly_follow:${AMENT_PREFIX_PATH} CMAKE_PREFIX_PATH=/home/cc/pg-ros/4_ROS2_Beginners/project_followerdolly_ws/install/dolly_gazebo:/home/cc/pg-ros/4_ROS2_Beginners/project_followerdolly_ws/install/dolly_follow:/home/cc/ros2_ws/install/my_cpp_pkg:/home/cc/pg-ros/4_ROS2_Beginners/ros2nodes_ws/install/nodes_pkg:/home/cc/ros2_ws/install/my_py_pkg:/opt/ros/foxy GAZEBO_MODEL_PATH=/home/cc/pg-ros/4_ROS2_Beginners/project_followerdolly_ws/install/dolly_gazebo/share/dolly_gazebo/models GAZEBO_RESOURCE_PATH=/home/cc/pg-ros/4_ROS2_Beginners/project_followerdolly_ws/install/dolly_gazebo/share/dolly_gazebo/worlds /usr/bin/cmake /home/cc/pg-ros/4_ROS2_Beginners/project_followerdolly_ws/src/dolly -DCMAKE_INSTALL_PREFIX=/home/cc/pg-ros/4_ROS2_Beginners/project_followerdolly_ws/install/dolly
[0.041s] -- The C compiler identification is GNU 9.4.0
[0.071s] -- The CXX compiler identification is GNU 9.4.0
[0.073s] -- Check for working C compiler: /usr/bin/cc
[0.108s] -- Check for working C compiler: /usr/bin/cc -- works
[0.109s] -- Detecting C compiler ABI info
[0.145s] -- Detecting C compiler ABI info - done
[0.152s] -- Detecting C compile features
[0.152s] -- Detecting C compile features - done
[0.154s] -- Check for working CXX compiler: /usr/bin/c++
[0.196s] -- Check for working CXX compiler: /usr/bin/c++ -- works
[0.197s] -- Detecting CXX compiler ABI info
[0.240s] -- Detecting CXX compiler ABI info - done
[0.246s] -- Detecting CXX compile features
[0.246s] -- Detecting CXX compile features - done
[0.248s] -- Found ament_cmake: 0.9.9 (/opt/ros/foxy/share/ament_cmake/cmake)
[0.263s] -- Found PythonInterp: /usr/bin/python3 (found suitable version "3.8.10", minimum required is "3") 
[0.263s] -- Using PYTHON_EXECUTABLE: /usr/bin/python3
[0.398s] -- Found ament_lint_auto: 0.9.6 (/opt/ros/foxy/share/ament_lint_auto/cmake)
[0.441s] -- Added test 'copyright' to check source files copyright and LICENSE
[0.442s] -- Added test 'lint_cmake' to check CMake code style
[0.442s] -- Added test 'xmllint' to check XML markup files
[0.443s] -- Configuring done
[0.444s] -- Generating done
[0.445s] -- Build files have been written to: /home/cc/pg-ros/4_ROS2_Beginners/project_followerdolly_ws/build/dolly
[0.446s] Invoked command in '/home/cc/pg-ros/4_ROS2_Beginners/project_followerdolly_ws/build/dolly' returned '0': AMENT_PREFIX_PATH=/home/cc/pg-ros/4_ROS2_Beginners/project_followerdolly_ws/install/dolly_gazebo:/home/cc/pg-ros/4_ROS2_Beginners/project_followerdolly_ws/install/dolly_follow:${AMENT_PREFIX_PATH} CMAKE_PREFIX_PATH=/home/cc/pg-ros/4_ROS2_Beginners/project_followerdolly_ws/install/dolly_gazebo:/home/cc/pg-ros/4_ROS2_Beginners/project_followerdolly_ws/install/dolly_follow:/home/cc/ros2_ws/install/my_cpp_pkg:/home/cc/pg-ros/4_ROS2_Beginners/ros2nodes_ws/install/nodes_pkg:/home/cc/ros2_ws/install/my_py_pkg:/opt/ros/foxy GAZEBO_MODEL_PATH=/home/cc/pg-ros/4_ROS2_Beginners/project_followerdolly_ws/install/dolly_gazebo/share/dolly_gazebo/models GAZEBO_RESOURCE_PATH=/home/cc/pg-ros/4_ROS2_Beginners/project_followerdolly_ws/install/dolly_gazebo/share/dolly_gazebo/worlds /usr/bin/cmake /home/cc/pg-ros/4_ROS2_Beginners/project_followerdolly_ws/src/dolly -DCMAKE_INSTALL_PREFIX=/home/cc/pg-ros/4_ROS2_Beginners/project_followerdolly_ws/install/dolly
[0.448s] Invoking command in '/home/cc/pg-ros/4_ROS2_Beginners/project_followerdolly_ws/build/dolly': AMENT_PREFIX_PATH=/home/cc/pg-ros/4_ROS2_Beginners/project_followerdolly_ws/install/dolly_gazebo:/home/cc/pg-ros/4_ROS2_Beginners/project_followerdolly_ws/install/dolly_follow:${AMENT_PREFIX_PATH} CMAKE_PREFIX_PATH=/home/cc/pg-ros/4_ROS2_Beginners/project_followerdolly_ws/install/dolly_gazebo:/home/cc/pg-ros/4_ROS2_Beginners/project_followerdolly_ws/install/dolly_follow:/home/cc/ros2_ws/install/my_cpp_pkg:/home/cc/pg-ros/4_ROS2_Beginners/ros2nodes_ws/install/nodes_pkg:/home/cc/ros2_ws/install/my_py_pkg:/opt/ros/foxy GAZEBO_MODEL_PATH=/home/cc/pg-ros/4_ROS2_Beginners/project_followerdolly_ws/install/dolly_gazebo/share/dolly_gazebo/models GAZEBO_RESOURCE_PATH=/home/cc/pg-ros/4_ROS2_Beginners/project_followerdolly_ws/install/dolly_gazebo/share/dolly_gazebo/worlds /usr/bin/cmake --build /home/cc/pg-ros/4_ROS2_Beginners/project_followerdolly_ws/build/dolly -- -j16 -l16
[0.470s] Invoked command in '/home/cc/pg-ros/4_ROS2_Beginners/project_followerdolly_ws/build/dolly' returned '0': AMENT_PREFIX_PATH=/home/cc/pg-ros/4_ROS2_Beginners/project_followerdolly_ws/install/dolly_gazebo:/home/cc/pg-ros/4_ROS2_Beginners/project_followerdolly_ws/install/dolly_follow:${AMENT_PREFIX_PATH} CMAKE_PREFIX_PATH=/home/cc/pg-ros/4_ROS2_Beginners/project_followerdolly_ws/install/dolly_gazebo:/home/cc/pg-ros/4_ROS2_Beginners/project_followerdolly_ws/install/dolly_follow:/home/cc/ros2_ws/install/my_cpp_pkg:/home/cc/pg-ros/4_ROS2_Beginners/ros2nodes_ws/install/nodes_pkg:/home/cc/ros2_ws/install/my_py_pkg:/opt/ros/foxy GAZEBO_MODEL_PATH=/home/cc/pg-ros/4_ROS2_Beginners/project_followerdolly_ws/install/dolly_gazebo/share/dolly_gazebo/models GAZEBO_RESOURCE_PATH=/home/cc/pg-ros/4_ROS2_Beginners/project_followerdolly_ws/install/dolly_gazebo/share/dolly_gazebo/worlds /usr/bin/cmake --build /home/cc/pg-ros/4_ROS2_Beginners/project_followerdolly_ws/build/dolly -- -j16 -l16
[0.493s] Invoking command in '/home/cc/pg-ros/4_ROS2_Beginners/project_followerdolly_ws/build/dolly': AMENT_PREFIX_PATH=/home/cc/pg-ros/4_ROS2_Beginners/project_followerdolly_ws/install/dolly_gazebo:/home/cc/pg-ros/4_ROS2_Beginners/project_followerdolly_ws/install/dolly_follow:${AMENT_PREFIX_PATH} CMAKE_PREFIX_PATH=/home/cc/pg-ros/4_ROS2_Beginners/project_followerdolly_ws/install/dolly_gazebo:/home/cc/pg-ros/4_ROS2_Beginners/project_followerdolly_ws/install/dolly_follow:/home/cc/ros2_ws/install/my_cpp_pkg:/home/cc/pg-ros/4_ROS2_Beginners/ros2nodes_ws/install/nodes_pkg:/home/cc/ros2_ws/install/my_py_pkg:/opt/ros/foxy GAZEBO_MODEL_PATH=/home/cc/pg-ros/4_ROS2_Beginners/project_followerdolly_ws/install/dolly_gazebo/share/dolly_gazebo/models GAZEBO_RESOURCE_PATH=/home/cc/pg-ros/4_ROS2_Beginners/project_followerdolly_ws/install/dolly_gazebo/share/dolly_gazebo/worlds /usr/bin/cmake --install /home/cc/pg-ros/4_ROS2_Beginners/project_followerdolly_ws/build/dolly
[0.505s] -- Install configuration: ""
[0.505s] -- Installing: /home/cc/pg-ros/4_ROS2_Beginners/project_followerdolly_ws/install/dolly/share/ament_index/resource_index/package_run_dependencies/dolly
[0.505s] -- Installing: /home/cc/pg-ros/4_ROS2_Beginners/project_followerdolly_ws/install/dolly/share/ament_index/resource_index/parent_prefix_path/dolly
[0.505s] -- Installing: /home/cc/pg-ros/4_ROS2_Beginners/project_followerdolly_ws/install/dolly/share/dolly/environment/ament_prefix_path.sh
[0.506s] -- Installing: /home/cc/pg-ros/4_ROS2_Beginners/project_followerdolly_ws/install/dolly/share/dolly/environment/ament_prefix_path.dsv
[0.506s] -- Installing: /home/cc/pg-ros/4_ROS2_Beginners/project_followerdolly_ws/install/dolly/share/dolly/environment/path.sh
[0.506s] -- Installing: /home/cc/pg-ros/4_ROS2_Beginners/project_followerdolly_ws/install/dolly/share/dolly/environment/path.dsv
[0.506s] -- Installing: /home/cc/pg-ros/4_ROS2_Beginners/project_followerdolly_ws/install/dolly/share/dolly/local_setup.bash
[0.506s] -- Installing: /home/cc/pg-ros/4_ROS2_Beginners/project_followerdolly_ws/install/dolly/share/dolly/local_setup.sh
[0.506s] -- Installing: /home/cc/pg-ros/4_ROS2_Beginners/project_followerdolly_ws/install/dolly/share/dolly/local_setup.zsh
[0.506s] -- Installing: /home/cc/pg-ros/4_ROS2_Beginners/project_followerdolly_ws/install/dolly/share/dolly/local_setup.dsv
[0.507s] -- Installing: /home/cc/pg-ros/4_ROS2_Beginners/project_followerdolly_ws/install/dolly/share/dolly/package.dsv
[0.507s] -- Installing: /home/cc/pg-ros/4_ROS2_Beginners/project_followerdolly_ws/install/dolly/share/ament_index/resource_index/packages/dolly
[0.507s] -- Installing: /home/cc/pg-ros/4_ROS2_Beginners/project_followerdolly_ws/install/dolly/share/dolly/cmake/dollyConfig.cmake
[0.507s] -- Installing: /home/cc/pg-ros/4_ROS2_Beginners/project_followerdolly_ws/install/dolly/share/dolly/cmake/dollyConfig-version.cmake
[0.507s] -- Installing: /home/cc/pg-ros/4_ROS2_Beginners/project_followerdolly_ws/install/dolly/share/dolly/package.xml
[0.509s] Invoked command in '/home/cc/pg-ros/4_ROS2_Beginners/project_followerdolly_ws/build/dolly' returned '0': AMENT_PREFIX_PATH=/home/cc/pg-ros/4_ROS2_Beginners/project_followerdolly_ws/install/dolly_gazebo:/home/cc/pg-ros/4_ROS2_Beginners/project_followerdolly_ws/install/dolly_follow:${AMENT_PREFIX_PATH} CMAKE_PREFIX_PATH=/home/cc/pg-ros/4_ROS2_Beginners/project_followerdolly_ws/install/dolly_gazebo:/home/cc/pg-ros/4_ROS2_Beginners/project_followerdolly_ws/install/dolly_follow:/home/cc/ros2_ws/install/my_cpp_pkg:/home/cc/pg-ros/4_ROS2_Beginners/ros2nodes_ws/install/nodes_pkg:/home/cc/ros2_ws/install/my_py_pkg:/opt/ros/foxy GAZEBO_MODEL_PATH=/home/cc/pg-ros/4_ROS2_Beginners/project_followerdolly_ws/install/dolly_gazebo/share/dolly_gazebo/models GAZEBO_RESOURCE_PATH=/home/cc/pg-ros/4_ROS2_Beginners/project_followerdolly_ws/install/dolly_gazebo/share/dolly_gazebo/worlds /usr/bin/cmake --install /home/cc/pg-ros/4_ROS2_Beginners/project_followerdolly_ws/build/dolly
