[1.015s] Invoking command in '/home/cc/pg-ros/4_ROS2_Beginners/ros2services_ws/src/services_pkg': PYTHONPATH=/home/cc/pg-ros/4_ROS2_Beginners/ros2services_ws/install/services_pkg/lib/python3.8/site-packages:${PYTHONPATH} /usr/bin/python3 setup.py egg_info --egg-base ../../build/services_pkg build --build-base /home/cc/pg-ros/4_ROS2_Beginners/ros2services_ws/build/services_pkg/build install --prefix /home/cc/pg-ros/4_ROS2_Beginners/ros2services_ws/install/services_pkg --record /home/cc/pg-ros/4_ROS2_Beginners/ros2services_ws/build/services_pkg/install.log --single-version-externally-managed
[1.158s] /home/cc/.local/lib/python3.8/site-packages/setuptools/dist.py:757: UserWarning: Usage of dash-separated 'script-dir' will not be supported in future versions. Please use the underscore name 'script_dir' instead
[1.158s]   warnings.warn(
[1.159s] /home/cc/.local/lib/python3.8/site-packages/setuptools/dist.py:757: UserWarning: Usage of dash-separated 'install-scripts' will not be supported in future versions. Please use the underscore name 'install_scripts' instead
[1.159s]   warnings.warn(
[1.477s] running egg_info
[1.477s] creating ../../build/services_pkg/services_pkg.egg-info
[1.512s] writing ../../build/services_pkg/services_pkg.egg-info/PKG-INFO
[1.539s] writing dependency_links to ../../build/services_pkg/services_pkg.egg-info/dependency_links.txt
[1.673s] writing requirements to ../../build/services_pkg/services_pkg.egg-info/requires.txt
[1.700s] writing top-level names to ../../build/services_pkg/services_pkg.egg-info/top_level.txt
[1.701s] writing manifest file '../../build/services_pkg/services_pkg.egg-info/SOURCES.txt'
[1.743s] reading manifest file '../../build/services_pkg/services_pkg.egg-info/SOURCES.txt'
[1.743s] writing manifest file '../../build/services_pkg/services_pkg.egg-info/SOURCES.txt'
[1.744s] running build
[1.744s] running build_py
[1.744s] creating /home/cc/pg-ros/4_ROS2_Beginners/ros2services_ws/build/services_pkg/build
[1.744s] creating /home/cc/pg-ros/4_ROS2_Beginners/ros2services_ws/build/services_pkg/build/lib
[1.744s] creating /home/cc/pg-ros/4_ROS2_Beginners/ros2services_ws/build/services_pkg/build/lib/services_pkg
[1.744s] copying services_pkg/__init__.py -> /home/cc/pg-ros/4_ROS2_Beginners/ros2services_ws/build/services_pkg/build/lib/services_pkg
[1.744s] running install
[1.744s] /home/cc/.local/lib/python3.8/site-packages/setuptools/command/install.py:34: SetuptoolsDeprecationWarning: setup.py install is deprecated. Use build and pip and other standards-based tools.
[1.744s]   warnings.warn(
[1.747s] running install_lib
[1.781s] creating /home/cc/pg-ros/4_ROS2_Beginners/ros2services_ws/install/services_pkg/lib/python3.8/site-packages/services_pkg
[1.781s] copying /home/cc/pg-ros/4_ROS2_Beginners/ros2services_ws/build/services_pkg/build/lib/services_pkg/__init__.py -> /home/cc/pg-ros/4_ROS2_Beginners/ros2services_ws/install/services_pkg/lib/python3.8/site-packages/services_pkg
[1.782s] byte-compiling /home/cc/pg-ros/4_ROS2_Beginners/ros2services_ws/install/services_pkg/lib/python3.8/site-packages/services_pkg/__init__.py to __init__.cpython-38.pyc
[1.782s] running install_data
[1.790s] creating /home/cc/pg-ros/4_ROS2_Beginners/ros2services_ws/install/services_pkg/share/ament_index
[1.790s] creating /home/cc/pg-ros/4_ROS2_Beginners/ros2services_ws/install/services_pkg/share/ament_index/resource_index
[1.790s] creating /home/cc/pg-ros/4_ROS2_Beginners/ros2services_ws/install/services_pkg/share/ament_index/resource_index/packages
[1.790s] copying resource/services_pkg -> /home/cc/pg-ros/4_ROS2_Beginners/ros2services_ws/install/services_pkg/share/ament_index/resource_index/packages
[1.790s] copying package.xml -> /home/cc/pg-ros/4_ROS2_Beginners/ros2services_ws/install/services_pkg/share/services_pkg
[1.790s] running install_egg_info
[1.825s] Copying ../../build/services_pkg/services_pkg.egg-info to /home/cc/pg-ros/4_ROS2_Beginners/ros2services_ws/install/services_pkg/lib/python3.8/site-packages/services_pkg-0.0.0-py3.8.egg-info
[1.825s] running install_scripts
[1.895s] writing list of installed files to '/home/cc/pg-ros/4_ROS2_Beginners/ros2services_ws/build/services_pkg/install.log'
[1.909s] Invoked command in '/home/cc/pg-ros/4_ROS2_Beginners/ros2services_ws/src/services_pkg' returned '0': PYTHONPATH=/home/cc/pg-ros/4_ROS2_Beginners/ros2services_ws/install/services_pkg/lib/python3.8/site-packages:${PYTHONPATH} /usr/bin/python3 setup.py egg_info --egg-base ../../build/services_pkg build --build-base /home/cc/pg-ros/4_ROS2_Beginners/ros2services_ws/build/services_pkg/build install --prefix /home/cc/pg-ros/4_ROS2_Beginners/ros2services_ws/install/services_pkg --record /home/cc/pg-ros/4_ROS2_Beginners/ros2services_ws/build/services_pkg/install.log --single-version-externally-managed
