[0.170s] DEBUG:colcon:Command line arguments: ['/usr/bin/colcon', 'build']
[0.170s] DEBUG:colcon:Parsed command line arguments: Namespace(allow_overriding=[], ament_cmake_args=None, base_paths=['.'], build_base='build', catkin_cmake_args=None, catkin_skip_building_tests=False, cmake_args=None, cmake_clean_cache=False, cmake_clean_first=False, cmake_force_configure=False, cmake_target=None, cmake_target_skip_unavailable=False, continue_on_error=False, event_handlers=None, executor='parallel', ignore_user_meta=False, install_base='install', log_base=None, log_level=None, main=<bound method BuildVerb.main of <colcon_core.verb.build.BuildVerb object at 0x7f4282aad1c0>>, merge_install=False, metas=['./colcon.meta'], packages_above=None, packages_above_and_dependencies=None, packages_above_depth=None, packages_end=None, packages_ignore=None, packages_ignore_regex=None, packages_select=None, packages_select_build_failed=False, packages_select_by_dep=None, packages_select_regex=None, packages_select_test_failures=False, packages_skip=None, packages_skip_build_finished=False, packages_skip_by_dep=None, packages_skip_regex=None, packages_skip_test_passed=False, packages_skip_up_to=None, packages_start=None, packages_up_to=None, packages_up_to_regex=None, parallel_workers=16, paths=None, symlink_install=False, test_result_base=None, verb_extension=<colcon_core.verb.build.BuildVerb object at 0x7f4282aad1c0>, verb_name='build', verb_parser=<colcon_defaults.argument_parser.defaults.DefaultArgumentsDecorator object at 0x7f428276b6d0>)
[0.199s] Level 1:colcon.colcon_core.package_discovery:discover_packages(colcon_meta) check parameters
[0.200s] Level 1:colcon.colcon_core.package_discovery:discover_packages(recursive) check parameters
[0.200s] Level 1:colcon.colcon_core.package_discovery:discover_packages(ignore) check parameters
[0.200s] Level 1:colcon.colcon_core.package_discovery:discover_packages(path) check parameters
[0.200s] Level 1:colcon.colcon_core.package_discovery:discover_packages(colcon_meta) discover
[0.200s] Level 1:colcon.colcon_core.package_discovery:discover_packages(recursive) discover
[0.200s] INFO:colcon.colcon_core.package_discovery:Crawling recursively for packages in '/home/cc/pg-ros/4_ROS2_Beginners/project_followerdolly_ws'
[0.200s] Level 1:colcon.colcon_core.package_identification:_identify(.) by extensions ['ignore', 'ignore_ament_install']
[0.200s] Level 1:colcon.colcon_core.package_identification:_identify(.) by extension 'ignore'
[0.200s] Level 1:colcon.colcon_core.package_identification:_identify(.) by extension 'ignore_ament_install'
[0.200s] Level 1:colcon.colcon_core.package_identification:_identify(.) by extensions ['colcon_pkg']
[0.200s] Level 1:colcon.colcon_core.package_identification:_identify(.) by extension 'colcon_pkg'
[0.200s] Level 1:colcon.colcon_core.package_identification:_identify(.) by extensions ['colcon_meta']
[0.200s] Level 1:colcon.colcon_core.package_identification:_identify(.) by extension 'colcon_meta'
[0.200s] Level 1:colcon.colcon_core.package_identification:_identify(.) by extensions ['ros']
[0.200s] Level 1:colcon.colcon_core.package_identification:_identify(.) by extension 'ros'
[0.206s] Level 1:colcon.colcon_core.package_identification:_identify(.) by extensions ['cmake', 'python']
[0.206s] Level 1:colcon.colcon_core.package_identification:_identify(.) by extension 'cmake'
[0.206s] Level 1:colcon.colcon_core.package_identification:_identify(.) by extension 'python'
[0.206s] Level 1:colcon.colcon_core.package_identification:_identify(.) by extensions ['python_setup_py']
[0.206s] Level 1:colcon.colcon_core.package_identification:_identify(.) by extension 'python_setup_py'
[0.206s] Level 1:colcon.colcon_core.package_identification:_identify(build) by extensions ['ignore', 'ignore_ament_install']
[0.207s] Level 1:colcon.colcon_core.package_identification:_identify(build) by extension 'ignore'
[0.207s] Level 1:colcon.colcon_core.package_identification:_identify(build) ignored
[0.207s] Level 1:colcon.colcon_core.package_identification:_identify(install) by extensions ['ignore', 'ignore_ament_install']
[0.207s] Level 1:colcon.colcon_core.package_identification:_identify(install) by extension 'ignore'
[0.207s] Level 1:colcon.colcon_core.package_identification:_identify(install) ignored
[0.207s] Level 1:colcon.colcon_core.package_identification:_identify(log) by extensions ['ignore', 'ignore_ament_install']
[0.207s] Level 1:colcon.colcon_core.package_identification:_identify(log) by extension 'ignore'
[0.207s] Level 1:colcon.colcon_core.package_identification:_identify(log) ignored
[0.207s] Level 1:colcon.colcon_core.package_identification:_identify(src) by extensions ['ignore', 'ignore_ament_install']
[0.207s] Level 1:colcon.colcon_core.package_identification:_identify(src) by extension 'ignore'
[0.207s] Level 1:colcon.colcon_core.package_identification:_identify(src) by extension 'ignore_ament_install'
[0.207s] Level 1:colcon.colcon_core.package_identification:_identify(src) by extensions ['colcon_pkg']
[0.207s] Level 1:colcon.colcon_core.package_identification:_identify(src) by extension 'colcon_pkg'
[0.207s] Level 1:colcon.colcon_core.package_identification:_identify(src) by extensions ['colcon_meta']
[0.207s] Level 1:colcon.colcon_core.package_identification:_identify(src) by extension 'colcon_meta'
[0.207s] Level 1:colcon.colcon_core.package_identification:_identify(src) by extensions ['ros']
[0.207s] Level 1:colcon.colcon_core.package_identification:_identify(src) by extension 'ros'
[0.207s] Level 1:colcon.colcon_core.package_identification:_identify(src) by extensions ['cmake', 'python']
[0.207s] Level 1:colcon.colcon_core.package_identification:_identify(src) by extension 'cmake'
[0.207s] Level 1:colcon.colcon_core.package_identification:_identify(src) by extension 'python'
[0.207s] Level 1:colcon.colcon_core.package_identification:_identify(src) by extensions ['python_setup_py']
[0.207s] Level 1:colcon.colcon_core.package_identification:_identify(src) by extension 'python_setup_py'
[0.207s] Level 1:colcon.colcon_core.package_identification:_identify(src/dolly) by extensions ['ignore', 'ignore_ament_install']
[0.207s] Level 1:colcon.colcon_core.package_identification:_identify(src/dolly) by extension 'ignore'
[0.207s] Level 1:colcon.colcon_core.package_identification:_identify(src/dolly) by extension 'ignore_ament_install'
[0.207s] Level 1:colcon.colcon_core.package_identification:_identify(src/dolly) by extensions ['colcon_pkg']
[0.208s] Level 1:colcon.colcon_core.package_identification:_identify(src/dolly) by extension 'colcon_pkg'
[0.208s] Level 1:colcon.colcon_core.package_identification:_identify(src/dolly) by extensions ['colcon_meta']
[0.208s] Level 1:colcon.colcon_core.package_identification:_identify(src/dolly) by extension 'colcon_meta'
[0.208s] Level 1:colcon.colcon_core.package_identification:_identify(src/dolly) by extensions ['ros']
[0.208s] Level 1:colcon.colcon_core.package_identification:_identify(src/dolly) by extension 'ros'
[0.209s] DEBUG:colcon.colcon_core.package_identification:Package 'src/dolly' with type 'ros.ament_cmake' and name 'dolly'
[0.209s] Level 1:colcon.colcon_core.package_identification:_identify(src/dolly_follow) by extensions ['ignore', 'ignore_ament_install']
[0.209s] Level 1:colcon.colcon_core.package_identification:_identify(src/dolly_follow) by extension 'ignore'
[0.209s] Level 1:colcon.colcon_core.package_identification:_identify(src/dolly_follow) by extension 'ignore_ament_install'
[0.209s] Level 1:colcon.colcon_core.package_identification:_identify(src/dolly_follow) by extensions ['colcon_pkg']
[0.209s] Level 1:colcon.colcon_core.package_identification:_identify(src/dolly_follow) by extension 'colcon_pkg'
[0.209s] Level 1:colcon.colcon_core.package_identification:_identify(src/dolly_follow) by extensions ['colcon_meta']
[0.209s] Level 1:colcon.colcon_core.package_identification:_identify(src/dolly_follow) by extension 'colcon_meta'
[0.209s] Level 1:colcon.colcon_core.package_identification:_identify(src/dolly_follow) by extensions ['ros']
[0.209s] Level 1:colcon.colcon_core.package_identification:_identify(src/dolly_follow) by extension 'ros'
[0.210s] DEBUG:colcon.colcon_core.package_identification:Package 'src/dolly_follow' with type 'ros.ament_cmake' and name 'dolly_follow'
[0.210s] Level 1:colcon.colcon_core.package_identification:_identify(src/dolly_gazebo) by extensions ['ignore', 'ignore_ament_install']
[0.210s] Level 1:colcon.colcon_core.package_identification:_identify(src/dolly_gazebo) by extension 'ignore'
[0.210s] Level 1:colcon.colcon_core.package_identification:_identify(src/dolly_gazebo) by extension 'ignore_ament_install'
[0.210s] Level 1:colcon.colcon_core.package_identification:_identify(src/dolly_gazebo) by extensions ['colcon_pkg']
[0.210s] Level 1:colcon.colcon_core.package_identification:_identify(src/dolly_gazebo) by extension 'colcon_pkg'
[0.210s] Level 1:colcon.colcon_core.package_identification:_identify(src/dolly_gazebo) by extensions ['colcon_meta']
[0.210s] Level 1:colcon.colcon_core.package_identification:_identify(src/dolly_gazebo) by extension 'colcon_meta'
[0.210s] Level 1:colcon.colcon_core.package_identification:_identify(src/dolly_gazebo) by extensions ['ros']
[0.210s] Level 1:colcon.colcon_core.package_identification:_identify(src/dolly_gazebo) by extension 'ros'
[0.210s] DEBUG:colcon.colcon_core.package_identification:Package 'src/dolly_gazebo' with type 'ros.ament_cmake' and name 'dolly_gazebo'
[0.210s] Level 1:colcon.colcon_core.package_identification:_identify(src/dolly_ignition) by extensions ['ignore', 'ignore_ament_install']
[0.210s] Level 1:colcon.colcon_core.package_identification:_identify(src/dolly_ignition) by extension 'ignore'
[0.210s] Level 1:colcon.colcon_core.package_identification:_identify(src/dolly_ignition) by extension 'ignore_ament_install'
[0.210s] Level 1:colcon.colcon_core.package_identification:_identify(src/dolly_ignition) by extensions ['colcon_pkg']
[0.210s] Level 1:colcon.colcon_core.package_identification:_identify(src/dolly_ignition) by extension 'colcon_pkg'
[0.210s] Level 1:colcon.colcon_core.package_identification:_identify(src/dolly_ignition) by extensions ['colcon_meta']
[0.210s] Level 1:colcon.colcon_core.package_identification:_identify(src/dolly_ignition) by extension 'colcon_meta'
[0.210s] Level 1:colcon.colcon_core.package_identification:_identify(src/dolly_ignition) by extensions ['ros']
[0.210s] Level 1:colcon.colcon_core.package_identification:_identify(src/dolly_ignition) by extension 'ros'
[0.211s] DEBUG:colcon.colcon_core.package_identification:Package 'src/dolly_ignition' with type 'ros.ament_cmake' and name 'dolly_ignition'
[0.211s] Level 1:colcon.colcon_core.package_identification:_identify(src/dolly_tests) by extensions ['ignore', 'ignore_ament_install']
[0.211s] Level 1:colcon.colcon_core.package_identification:_identify(src/dolly_tests) by extension 'ignore'
[0.211s] Level 1:colcon.colcon_core.package_identification:_identify(src/dolly_tests) by extension 'ignore_ament_install'
[0.211s] Level 1:colcon.colcon_core.package_identification:_identify(src/dolly_tests) by extensions ['colcon_pkg']
[0.211s] Level 1:colcon.colcon_core.package_identification:_identify(src/dolly_tests) by extension 'colcon_pkg'
[0.211s] Level 1:colcon.colcon_core.package_identification:_identify(src/dolly_tests) by extensions ['colcon_meta']
[0.211s] Level 1:colcon.colcon_core.package_identification:_identify(src/dolly_tests) by extension 'colcon_meta'
[0.211s] Level 1:colcon.colcon_core.package_identification:_identify(src/dolly_tests) by extensions ['ros']
[0.211s] Level 1:colcon.colcon_core.package_identification:_identify(src/dolly_tests) by extension 'ros'
[0.214s] DEBUG:colcon.colcon_core.package_identification:Package 'src/dolly_tests' with type 'ros.ament_cmake' and name 'dolly_tests'
[0.214s] Level 1:colcon.colcon_core.package_identification:_identify(src/images) by extensions ['ignore', 'ignore_ament_install']
[0.214s] Level 1:colcon.colcon_core.package_identification:_identify(src/images) by extension 'ignore'
[0.214s] Level 1:colcon.colcon_core.package_identification:_identify(src/images) by extension 'ignore_ament_install'
[0.214s] Level 1:colcon.colcon_core.package_identification:_identify(src/images) by extensions ['colcon_pkg']
[0.214s] Level 1:colcon.colcon_core.package_identification:_identify(src/images) by extension 'colcon_pkg'
[0.214s] Level 1:colcon.colcon_core.package_identification:_identify(src/images) by extensions ['colcon_meta']
[0.214s] Level 1:colcon.colcon_core.package_identification:_identify(src/images) by extension 'colcon_meta'
[0.214s] Level 1:colcon.colcon_core.package_identification:_identify(src/images) by extensions ['ros']
[0.214s] Level 1:colcon.colcon_core.package_identification:_identify(src/images) by extension 'ros'
[0.214s] Level 1:colcon.colcon_core.package_identification:_identify(src/images) by extensions ['cmake', 'python']
[0.214s] Level 1:colcon.colcon_core.package_identification:_identify(src/images) by extension 'cmake'
[0.214s] Level 1:colcon.colcon_core.package_identification:_identify(src/images) by extension 'python'
[0.214s] Level 1:colcon.colcon_core.package_identification:_identify(src/images) by extensions ['python_setup_py']
[0.214s] Level 1:colcon.colcon_core.package_identification:_identify(src/images) by extension 'python_setup_py'
[0.214s] Level 1:colcon.colcon_core.package_discovery:discover_packages(recursive) using defaults
[0.214s] Level 1:colcon.colcon_core.package_discovery:discover_packages(ignore) discover
[0.214s] Level 1:colcon.colcon_core.package_discovery:discover_packages(ignore) using defaults
[0.214s] Level 1:colcon.colcon_core.package_discovery:discover_packages(path) discover
[0.214s] Level 1:colcon.colcon_core.package_discovery:discover_packages(path) using defaults
[0.227s] Level 1:colcon.colcon_core.package_discovery:discover_packages(prefix_path) check parameters
[0.227s] Level 1:colcon.colcon_core.package_discovery:discover_packages(prefix_path) discover
[0.229s] DEBUG:colcon.colcon_installed_package_information.package_discovery:Found 1 installed packages in /home/cc/pg-ros/4_ROS2_Beginners/ros2nodes_ws/install
[0.229s] DEBUG:colcon.colcon_installed_package_information.package_discovery:Found 2 installed packages in /home/cc/ros2_ws/install
[0.230s] DEBUG:colcon.colcon_installed_package_information.package_discovery:Found 263 installed packages in /opt/ros/foxy
[0.230s] Level 1:colcon.colcon_core.package_discovery:discover_packages(prefix_path) using defaults
[0.267s] Level 5:colcon.colcon_core.verb:set package 'dolly_follow' build argument 'cmake_args' from command line to 'None'
[0.267s] Level 5:colcon.colcon_core.verb:set package 'dolly_follow' build argument 'cmake_target' from command line to 'None'
[0.267s] Level 5:colcon.colcon_core.verb:set package 'dolly_follow' build argument 'cmake_target_skip_unavailable' from command line to 'False'
[0.267s] Level 5:colcon.colcon_core.verb:set package 'dolly_follow' build argument 'cmake_clean_cache' from command line to 'False'
[0.267s] Level 5:colcon.colcon_core.verb:set package 'dolly_follow' build argument 'cmake_clean_first' from command line to 'False'
[0.267s] Level 5:colcon.colcon_core.verb:set package 'dolly_follow' build argument 'cmake_force_configure' from command line to 'False'
[0.267s] Level 5:colcon.colcon_core.verb:set package 'dolly_follow' build argument 'ament_cmake_args' from command line to 'None'
[0.267s] Level 5:colcon.colcon_core.verb:set package 'dolly_follow' build argument 'catkin_cmake_args' from command line to 'None'
[0.267s] Level 5:colcon.colcon_core.verb:set package 'dolly_follow' build argument 'catkin_skip_building_tests' from command line to 'False'
[0.267s] DEBUG:colcon.colcon_core.verb:Building package 'dolly_follow' with the following arguments: {'ament_cmake_args': None, 'build_base': '/home/cc/pg-ros/4_ROS2_Beginners/project_followerdolly_ws/build/dolly_follow', 'catkin_cmake_args': None, 'catkin_skip_building_tests': False, 'cmake_args': None, 'cmake_clean_cache': False, 'cmake_clean_first': False, 'cmake_force_configure': False, 'cmake_target': None, 'cmake_target_skip_unavailable': False, 'install_base': '/home/cc/pg-ros/4_ROS2_Beginners/project_followerdolly_ws/install/dolly_follow', 'merge_install': False, 'path': '/home/cc/pg-ros/4_ROS2_Beginners/project_followerdolly_ws/src/dolly_follow', 'symlink_install': False, 'test_result_base': None}
[0.267s] Level 5:colcon.colcon_core.verb:set package 'dolly_gazebo' build argument 'cmake_args' from command line to 'None'
[0.267s] Level 5:colcon.colcon_core.verb:set package 'dolly_gazebo' build argument 'cmake_target' from command line to 'None'
[0.267s] Level 5:colcon.colcon_core.verb:set package 'dolly_gazebo' build argument 'cmake_target_skip_unavailable' from command line to 'False'
[0.267s] Level 5:colcon.colcon_core.verb:set package 'dolly_gazebo' build argument 'cmake_clean_cache' from command line to 'False'
[0.267s] Level 5:colcon.colcon_core.verb:set package 'dolly_gazebo' build argument 'cmake_clean_first' from command line to 'False'
[0.267s] Level 5:colcon.colcon_core.verb:set package 'dolly_gazebo' build argument 'cmake_force_configure' from command line to 'False'
[0.267s] Level 5:colcon.colcon_core.verb:set package 'dolly_gazebo' build argument 'ament_cmake_args' from command line to 'None'
[0.267s] Level 5:colcon.colcon_core.verb:set package 'dolly_gazebo' build argument 'catkin_cmake_args' from command line to 'None'
[0.267s] Level 5:colcon.colcon_core.verb:set package 'dolly_gazebo' build argument 'catkin_skip_building_tests' from command line to 'False'
[0.267s] DEBUG:colcon.colcon_core.verb:Building package 'dolly_gazebo' with the following arguments: {'ament_cmake_args': None, 'build_base': '/home/cc/pg-ros/4_ROS2_Beginners/project_followerdolly_ws/build/dolly_gazebo', 'catkin_cmake_args': None, 'catkin_skip_building_tests': False, 'cmake_args': None, 'cmake_clean_cache': False, 'cmake_clean_first': False, 'cmake_force_configure': False, 'cmake_target': None, 'cmake_target_skip_unavailable': False, 'install_base': '/home/cc/pg-ros/4_ROS2_Beginners/project_followerdolly_ws/install/dolly_gazebo', 'merge_install': False, 'path': '/home/cc/pg-ros/4_ROS2_Beginners/project_followerdolly_ws/src/dolly_gazebo', 'symlink_install': False, 'test_result_base': None}
[0.268s] Level 5:colcon.colcon_core.verb:set package 'dolly_ignition' build argument 'cmake_args' from command line to 'None'
[0.268s] Level 5:colcon.colcon_core.verb:set package 'dolly_ignition' build argument 'cmake_target' from command line to 'None'
[0.268s] Level 5:colcon.colcon_core.verb:set package 'dolly_ignition' build argument 'cmake_target_skip_unavailable' from command line to 'False'
[0.268s] Level 5:colcon.colcon_core.verb:set package 'dolly_ignition' build argument 'cmake_clean_cache' from command line to 'False'
[0.268s] Level 5:colcon.colcon_core.verb:set package 'dolly_ignition' build argument 'cmake_clean_first' from command line to 'False'
[0.268s] Level 5:colcon.colcon_core.verb:set package 'dolly_ignition' build argument 'cmake_force_configure' from command line to 'False'
[0.268s] Level 5:colcon.colcon_core.verb:set package 'dolly_ignition' build argument 'ament_cmake_args' from command line to 'None'
[0.268s] Level 5:colcon.colcon_core.verb:set package 'dolly_ignition' build argument 'catkin_cmake_args' from command line to 'None'
[0.268s] Level 5:colcon.colcon_core.verb:set package 'dolly_ignition' build argument 'catkin_skip_building_tests' from command line to 'False'
[0.268s] DEBUG:colcon.colcon_core.verb:Building package 'dolly_ignition' with the following arguments: {'ament_cmake_args': None, 'build_base': '/home/cc/pg-ros/4_ROS2_Beginners/project_followerdolly_ws/build/dolly_ignition', 'catkin_cmake_args': None, 'catkin_skip_building_tests': False, 'cmake_args': None, 'cmake_clean_cache': False, 'cmake_clean_first': False, 'cmake_force_configure': False, 'cmake_target': None, 'cmake_target_skip_unavailable': False, 'install_base': '/home/cc/pg-ros/4_ROS2_Beginners/project_followerdolly_ws/install/dolly_ignition', 'merge_install': False, 'path': '/home/cc/pg-ros/4_ROS2_Beginners/project_followerdolly_ws/src/dolly_ignition', 'symlink_install': False, 'test_result_base': None}
[0.268s] Level 5:colcon.colcon_core.verb:set package 'dolly_tests' build argument 'cmake_args' from command line to 'None'
[0.268s] Level 5:colcon.colcon_core.verb:set package 'dolly_tests' build argument 'cmake_target' from command line to 'None'
[0.268s] Level 5:colcon.colcon_core.verb:set package 'dolly_tests' build argument 'cmake_target_skip_unavailable' from command line to 'False'
[0.268s] Level 5:colcon.colcon_core.verb:set package 'dolly_tests' build argument 'cmake_clean_cache' from command line to 'False'
[0.268s] Level 5:colcon.colcon_core.verb:set package 'dolly_tests' build argument 'cmake_clean_first' from command line to 'False'
[0.268s] Level 5:colcon.colcon_core.verb:set package 'dolly_tests' build argument 'cmake_force_configure' from command line to 'False'
[0.268s] Level 5:colcon.colcon_core.verb:set package 'dolly_tests' build argument 'ament_cmake_args' from command line to 'None'
[0.268s] Level 5:colcon.colcon_core.verb:set package 'dolly_tests' build argument 'catkin_cmake_args' from command line to 'None'
[0.268s] Level 5:colcon.colcon_core.verb:set package 'dolly_tests' build argument 'catkin_skip_building_tests' from command line to 'False'
[0.268s] DEBUG:colcon.colcon_core.verb:Building package 'dolly_tests' with the following arguments: {'ament_cmake_args': None, 'build_base': '/home/cc/pg-ros/4_ROS2_Beginners/project_followerdolly_ws/build/dolly_tests', 'catkin_cmake_args': None, 'catkin_skip_building_tests': False, 'cmake_args': None, 'cmake_clean_cache': False, 'cmake_clean_first': False, 'cmake_force_configure': False, 'cmake_target': None, 'cmake_target_skip_unavailable': False, 'install_base': '/home/cc/pg-ros/4_ROS2_Beginners/project_followerdolly_ws/install/dolly_tests', 'merge_install': False, 'path': '/home/cc/pg-ros/4_ROS2_Beginners/project_followerdolly_ws/src/dolly_tests', 'symlink_install': False, 'test_result_base': None}
[0.269s] Level 5:colcon.colcon_core.verb:set package 'dolly' build argument 'cmake_args' from command line to 'None'
[0.269s] Level 5:colcon.colcon_core.verb:set package 'dolly' build argument 'cmake_target' from command line to 'None'
[0.269s] Level 5:colcon.colcon_core.verb:set package 'dolly' build argument 'cmake_target_skip_unavailable' from command line to 'False'
[0.269s] Level 5:colcon.colcon_core.verb:set package 'dolly' build argument 'cmake_clean_cache' from command line to 'False'
[0.269s] Level 5:colcon.colcon_core.verb:set package 'dolly' build argument 'cmake_clean_first' from command line to 'False'
[0.269s] Level 5:colcon.colcon_core.verb:set package 'dolly' build argument 'cmake_force_configure' from command line to 'False'
[0.269s] Level 5:colcon.colcon_core.verb:set package 'dolly' build argument 'ament_cmake_args' from command line to 'None'
[0.269s] Level 5:colcon.colcon_core.verb:set package 'dolly' build argument 'catkin_cmake_args' from command line to 'None'
[0.269s] Level 5:colcon.colcon_core.verb:set package 'dolly' build argument 'catkin_skip_building_tests' from command line to 'False'
[0.269s] DEBUG:colcon.colcon_core.verb:Building package 'dolly' with the following arguments: {'ament_cmake_args': None, 'build_base': '/home/cc/pg-ros/4_ROS2_Beginners/project_followerdolly_ws/build/dolly', 'catkin_cmake_args': None, 'catkin_skip_building_tests': False, 'cmake_args': None, 'cmake_clean_cache': False, 'cmake_clean_first': False, 'cmake_force_configure': False, 'cmake_target': None, 'cmake_target_skip_unavailable': False, 'install_base': '/home/cc/pg-ros/4_ROS2_Beginners/project_followerdolly_ws/install/dolly', 'merge_install': False, 'path': '/home/cc/pg-ros/4_ROS2_Beginners/project_followerdolly_ws/src/dolly', 'symlink_install': False, 'test_result_base': None}
[0.269s] INFO:colcon.colcon_core.executor:Executing jobs using 'parallel' executor
[0.270s] DEBUG:colcon.colcon_parallel_executor.executor.parallel:run_until_complete
[0.270s] INFO:colcon.colcon_ros.task.ament_cmake.build:Building ROS package in '/home/cc/pg-ros/4_ROS2_Beginners/project_followerdolly_ws/src/dolly_follow' with build type 'ament_cmake'
[0.270s] INFO:colcon.colcon_cmake.task.cmake.build:Building CMake package in '/home/cc/pg-ros/4_ROS2_Beginners/project_followerdolly_ws/src/dolly_follow'
[0.273s] INFO:colcon.colcon_core.plugin_system:Skipping extension 'colcon_core.shell.bat': Not used on non-Windows systems
[0.273s] INFO:colcon.colcon_core.shell:Skip shell extension 'powershell' for command environment: Not usable outside of PowerShell
[0.273s] DEBUG:colcon.colcon_core.shell:Skip shell extension 'dsv' for command environment
[0.280s] DEBUG:colcon.colcon_core.event_handler.log_command:Invoking command in '/home/cc/pg-ros/4_ROS2_Beginners/project_followerdolly_ws/build/dolly_follow': CMAKE_PREFIX_PATH=${CMAKE_PREFIX_PATH}:/home/cc/pg-ros/4_ROS2_Beginners/ros2nodes_ws/install/nodes_pkg:/home/cc/ros2_ws/install/my_py_pkg:/opt/ros/foxy /usr/bin/cmake /home/cc/pg-ros/4_ROS2_Beginners/project_followerdolly_ws/src/dolly_follow -DCMAKE_INSTALL_PREFIX=/home/cc/pg-ros/4_ROS2_Beginners/project_followerdolly_ws/install/dolly_follow
[1.430s] DEBUG:colcon.colcon_core.event_handler.log_command:Invoked command in '/home/cc/pg-ros/4_ROS2_Beginners/project_followerdolly_ws/build/dolly_follow' returned '0': CMAKE_PREFIX_PATH=${CMAKE_PREFIX_PATH}:/home/cc/pg-ros/4_ROS2_Beginners/ros2nodes_ws/install/nodes_pkg:/home/cc/ros2_ws/install/my_py_pkg:/opt/ros/foxy /usr/bin/cmake /home/cc/pg-ros/4_ROS2_Beginners/project_followerdolly_ws/src/dolly_follow -DCMAKE_INSTALL_PREFIX=/home/cc/pg-ros/4_ROS2_Beginners/project_followerdolly_ws/install/dolly_follow
[1.431s] DEBUG:colcon.colcon_core.event_handler.log_command:Invoking command in '/home/cc/pg-ros/4_ROS2_Beginners/project_followerdolly_ws/build/dolly_follow': CMAKE_PREFIX_PATH=${CMAKE_PREFIX_PATH}:/home/cc/pg-ros/4_ROS2_Beginners/ros2nodes_ws/install/nodes_pkg:/home/cc/ros2_ws/install/my_py_pkg:/opt/ros/foxy /usr/bin/cmake --build /home/cc/pg-ros/4_ROS2_Beginners/project_followerdolly_ws/build/dolly_follow -- -j16 -l16
[4.438s] DEBUG:colcon.colcon_core.event_handler.log_command:Invoked command in '/home/cc/pg-ros/4_ROS2_Beginners/project_followerdolly_ws/build/dolly_follow' returned '0': CMAKE_PREFIX_PATH=${CMAKE_PREFIX_PATH}:/home/cc/pg-ros/4_ROS2_Beginners/ros2nodes_ws/install/nodes_pkg:/home/cc/ros2_ws/install/my_py_pkg:/opt/ros/foxy /usr/bin/cmake --build /home/cc/pg-ros/4_ROS2_Beginners/project_followerdolly_ws/build/dolly_follow -- -j16 -l16
[4.455s] DEBUG:colcon.colcon_core.event_handler.log_command:Invoking command in '/home/cc/pg-ros/4_ROS2_Beginners/project_followerdolly_ws/build/dolly_follow': CMAKE_PREFIX_PATH=${CMAKE_PREFIX_PATH}:/home/cc/pg-ros/4_ROS2_Beginners/ros2nodes_ws/install/nodes_pkg:/home/cc/ros2_ws/install/my_py_pkg:/opt/ros/foxy /usr/bin/cmake --install /home/cc/pg-ros/4_ROS2_Beginners/project_followerdolly_ws/build/dolly_follow
[4.462s] Level 1:colcon.colcon_core.environment:create_environment_scripts_only(dolly_follow)
[4.463s] DEBUG:colcon.colcon_core.event_handler.log_command:Invoked command in '/home/cc/pg-ros/4_ROS2_Beginners/project_followerdolly_ws/build/dolly_follow' returned '0': CMAKE_PREFIX_PATH=${CMAKE_PREFIX_PATH}:/home/cc/pg-ros/4_ROS2_Beginners/ros2nodes_ws/install/nodes_pkg:/home/cc/ros2_ws/install/my_py_pkg:/opt/ros/foxy /usr/bin/cmake --install /home/cc/pg-ros/4_ROS2_Beginners/project_followerdolly_ws/build/dolly_follow
[4.465s] Level 1:colcon.colcon_core.environment:checking '/home/cc/pg-ros/4_ROS2_Beginners/project_followerdolly_ws/install/dolly_follow' for CMake module files
[4.465s] Level 1:colcon.colcon_core.environment:checking '/home/cc/pg-ros/4_ROS2_Beginners/project_followerdolly_ws/install/dolly_follow' for CMake config files
[4.465s] Level 1:colcon.colcon_core.shell:create_environment_hook('dolly_follow', 'cmake_prefix_path')
[4.465s] INFO:colcon.colcon_core.shell:Creating environment hook '/home/cc/pg-ros/4_ROS2_Beginners/project_followerdolly_ws/install/dolly_follow/share/dolly_follow/hook/cmake_prefix_path.ps1'
[4.466s] INFO:colcon.colcon_core.shell:Creating environment descriptor '/home/cc/pg-ros/4_ROS2_Beginners/project_followerdolly_ws/install/dolly_follow/share/dolly_follow/hook/cmake_prefix_path.dsv'
[4.466s] INFO:colcon.colcon_core.shell:Creating environment hook '/home/cc/pg-ros/4_ROS2_Beginners/project_followerdolly_ws/install/dolly_follow/share/dolly_follow/hook/cmake_prefix_path.sh'
[4.467s] Level 1:colcon.colcon_core.environment:checking '/home/cc/pg-ros/4_ROS2_Beginners/project_followerdolly_ws/install/dolly_follow/lib'
[4.467s] Level 1:colcon.colcon_core.environment:checking '/home/cc/pg-ros/4_ROS2_Beginners/project_followerdolly_ws/install/dolly_follow/bin'
[4.467s] Level 1:colcon.colcon_core.environment:checking '/home/cc/pg-ros/4_ROS2_Beginners/project_followerdolly_ws/install/dolly_follow/lib/pkgconfig/dolly_follow.pc'
[4.467s] Level 1:colcon.colcon_core.environment:checking '/home/cc/pg-ros/4_ROS2_Beginners/project_followerdolly_ws/install/dolly_follow/lib/python3.8/site-packages'
[4.467s] Level 1:colcon.colcon_core.environment:checking '/home/cc/pg-ros/4_ROS2_Beginners/project_followerdolly_ws/install/dolly_follow/bin'
[4.467s] INFO:colcon.colcon_core.shell:Creating package script '/home/cc/pg-ros/4_ROS2_Beginners/project_followerdolly_ws/install/dolly_follow/share/dolly_follow/package.ps1'
[4.468s] INFO:colcon.colcon_core.shell:Creating package descriptor '/home/cc/pg-ros/4_ROS2_Beginners/project_followerdolly_ws/install/dolly_follow/share/dolly_follow/package.dsv'
[4.468s] INFO:colcon.colcon_core.shell:Creating package script '/home/cc/pg-ros/4_ROS2_Beginners/project_followerdolly_ws/install/dolly_follow/share/dolly_follow/package.sh'
[4.468s] INFO:colcon.colcon_core.shell:Creating package script '/home/cc/pg-ros/4_ROS2_Beginners/project_followerdolly_ws/install/dolly_follow/share/dolly_follow/package.bash'
[4.469s] INFO:colcon.colcon_core.shell:Creating package script '/home/cc/pg-ros/4_ROS2_Beginners/project_followerdolly_ws/install/dolly_follow/share/dolly_follow/package.zsh'
[4.469s] Level 1:colcon.colcon_core.environment:create_file_with_runtime_dependencies(/home/cc/pg-ros/4_ROS2_Beginners/project_followerdolly_ws/install/dolly_follow/share/colcon-core/packages/dolly_follow)
[4.482s] Level 1:colcon.colcon_core.environment:create_environment_scripts_only(dolly_follow)
[4.482s] Level 1:colcon.colcon_core.environment:checking '/home/cc/pg-ros/4_ROS2_Beginners/project_followerdolly_ws/install/dolly_follow' for CMake module files
[4.482s] Level 1:colcon.colcon_core.environment:checking '/home/cc/pg-ros/4_ROS2_Beginners/project_followerdolly_ws/install/dolly_follow' for CMake config files
[4.482s] Level 1:colcon.colcon_core.shell:create_environment_hook('dolly_follow', 'cmake_prefix_path')
[4.483s] INFO:colcon.colcon_core.shell:Creating environment hook '/home/cc/pg-ros/4_ROS2_Beginners/project_followerdolly_ws/install/dolly_follow/share/dolly_follow/hook/cmake_prefix_path.ps1'
[4.483s] INFO:colcon.colcon_core.shell:Creating environment descriptor '/home/cc/pg-ros/4_ROS2_Beginners/project_followerdolly_ws/install/dolly_follow/share/dolly_follow/hook/cmake_prefix_path.dsv'
[4.483s] INFO:colcon.colcon_core.shell:Creating environment hook '/home/cc/pg-ros/4_ROS2_Beginners/project_followerdolly_ws/install/dolly_follow/share/dolly_follow/hook/cmake_prefix_path.sh'
[4.484s] Level 1:colcon.colcon_core.environment:checking '/home/cc/pg-ros/4_ROS2_Beginners/project_followerdolly_ws/install/dolly_follow/lib'
[4.484s] Level 1:colcon.colcon_core.environment:checking '/home/cc/pg-ros/4_ROS2_Beginners/project_followerdolly_ws/install/dolly_follow/bin'
[4.484s] Level 1:colcon.colcon_core.environment:checking '/home/cc/pg-ros/4_ROS2_Beginners/project_followerdolly_ws/install/dolly_follow/lib/pkgconfig/dolly_follow.pc'
[4.484s] Level 1:colcon.colcon_core.environment:checking '/home/cc/pg-ros/4_ROS2_Beginners/project_followerdolly_ws/install/dolly_follow/lib/python3.8/site-packages'
[4.484s] Level 1:colcon.colcon_core.environment:checking '/home/cc/pg-ros/4_ROS2_Beginners/project_followerdolly_ws/install/dolly_follow/bin'
[4.484s] INFO:colcon.colcon_core.shell:Creating package script '/home/cc/pg-ros/4_ROS2_Beginners/project_followerdolly_ws/install/dolly_follow/share/dolly_follow/package.ps1'
[4.484s] INFO:colcon.colcon_core.shell:Creating package descriptor '/home/cc/pg-ros/4_ROS2_Beginners/project_followerdolly_ws/install/dolly_follow/share/dolly_follow/package.dsv'
[4.485s] INFO:colcon.colcon_core.shell:Creating package script '/home/cc/pg-ros/4_ROS2_Beginners/project_followerdolly_ws/install/dolly_follow/share/dolly_follow/package.sh'
[4.485s] INFO:colcon.colcon_core.shell:Creating package script '/home/cc/pg-ros/4_ROS2_Beginners/project_followerdolly_ws/install/dolly_follow/share/dolly_follow/package.bash'
[4.485s] INFO:colcon.colcon_core.shell:Creating package script '/home/cc/pg-ros/4_ROS2_Beginners/project_followerdolly_ws/install/dolly_follow/share/dolly_follow/package.zsh'
[4.485s] Level 1:colcon.colcon_core.environment:create_file_with_runtime_dependencies(/home/cc/pg-ros/4_ROS2_Beginners/project_followerdolly_ws/install/dolly_follow/share/colcon-core/packages/dolly_follow)
[4.485s] INFO:colcon.colcon_ros.task.ament_cmake.build:Building ROS package in '/home/cc/pg-ros/4_ROS2_Beginners/project_followerdolly_ws/src/dolly_ignition' with build type 'ament_cmake'
[4.486s] INFO:colcon.colcon_cmake.task.cmake.build:Building CMake package in '/home/cc/pg-ros/4_ROS2_Beginners/project_followerdolly_ws/src/dolly_ignition'
[4.486s] INFO:colcon.colcon_core.shell:Skip shell extension 'powershell' for command environment: Not usable outside of PowerShell
[4.486s] DEBUG:colcon.colcon_core.shell:Skip shell extension 'dsv' for command environment
[4.489s] INFO:colcon.colcon_ros.task.ament_cmake.build:Building ROS package in '/home/cc/pg-ros/4_ROS2_Beginners/project_followerdolly_ws/src/dolly_gazebo' with build type 'ament_cmake'
[4.489s] INFO:colcon.colcon_cmake.task.cmake.build:Building CMake package in '/home/cc/pg-ros/4_ROS2_Beginners/project_followerdolly_ws/src/dolly_gazebo'
[4.490s] INFO:colcon.colcon_core.shell:Skip shell extension 'powershell' for command environment: Not usable outside of PowerShell
[4.490s] DEBUG:colcon.colcon_core.shell:Skip shell extension 'dsv' for command environment
[4.495s] DEBUG:colcon.colcon_core.event_handler.log_command:Invoking command in '/home/cc/pg-ros/4_ROS2_Beginners/project_followerdolly_ws/build/dolly_ignition': AMENT_PREFIX_PATH=/home/cc/pg-ros/4_ROS2_Beginners/project_followerdolly_ws/install/dolly_follow:${AMENT_PREFIX_PATH} CMAKE_PREFIX_PATH=/home/cc/pg-ros/4_ROS2_Beginners/project_followerdolly_ws/install/dolly_follow:/home/cc/ros2_ws/install/my_cpp_pkg:/home/cc/pg-ros/4_ROS2_Beginners/ros2nodes_ws/install/nodes_pkg:/home/cc/ros2_ws/install/my_py_pkg:/opt/ros/foxy /usr/bin/cmake /home/cc/pg-ros/4_ROS2_Beginners/project_followerdolly_ws/src/dolly_ignition -DCMAKE_INSTALL_PREFIX=/home/cc/pg-ros/4_ROS2_Beginners/project_followerdolly_ws/install/dolly_ignition
[4.497s] DEBUG:colcon.colcon_core.event_handler.log_command:Invoking command in '/home/cc/pg-ros/4_ROS2_Beginners/project_followerdolly_ws/build/dolly_gazebo': AMENT_PREFIX_PATH=/home/cc/pg-ros/4_ROS2_Beginners/project_followerdolly_ws/install/dolly_follow:${AMENT_PREFIX_PATH} CMAKE_PREFIX_PATH=/home/cc/pg-ros/4_ROS2_Beginners/project_followerdolly_ws/install/dolly_follow:/home/cc/ros2_ws/install/my_cpp_pkg:/home/cc/pg-ros/4_ROS2_Beginners/ros2nodes_ws/install/nodes_pkg:/home/cc/ros2_ws/install/my_py_pkg:/opt/ros/foxy /usr/bin/cmake /home/cc/pg-ros/4_ROS2_Beginners/project_followerdolly_ws/src/dolly_gazebo -DCMAKE_INSTALL_PREFIX=/home/cc/pg-ros/4_ROS2_Beginners/project_followerdolly_ws/install/dolly_gazebo
[4.737s] DEBUG:colcon.colcon_core.event_handler.log_command:Invoked command in '/home/cc/pg-ros/4_ROS2_Beginners/project_followerdolly_ws/build/dolly_ignition' returned '0': AMENT_PREFIX_PATH=/home/cc/pg-ros/4_ROS2_Beginners/project_followerdolly_ws/install/dolly_follow:${AMENT_PREFIX_PATH} CMAKE_PREFIX_PATH=/home/cc/pg-ros/4_ROS2_Beginners/project_followerdolly_ws/install/dolly_follow:/home/cc/ros2_ws/install/my_cpp_pkg:/home/cc/pg-ros/4_ROS2_Beginners/ros2nodes_ws/install/nodes_pkg:/home/cc/ros2_ws/install/my_py_pkg:/opt/ros/foxy /usr/bin/cmake /home/cc/pg-ros/4_ROS2_Beginners/project_followerdolly_ws/src/dolly_ignition -DCMAKE_INSTALL_PREFIX=/home/cc/pg-ros/4_ROS2_Beginners/project_followerdolly_ws/install/dolly_ignition
[4.738s] DEBUG:colcon.colcon_core.event_handler.log_command:Invoking command in '/home/cc/pg-ros/4_ROS2_Beginners/project_followerdolly_ws/build/dolly_ignition': AMENT_PREFIX_PATH=/home/cc/pg-ros/4_ROS2_Beginners/project_followerdolly_ws/install/dolly_follow:${AMENT_PREFIX_PATH} CMAKE_PREFIX_PATH=/home/cc/pg-ros/4_ROS2_Beginners/project_followerdolly_ws/install/dolly_follow:/home/cc/ros2_ws/install/my_cpp_pkg:/home/cc/pg-ros/4_ROS2_Beginners/ros2nodes_ws/install/nodes_pkg:/home/cc/ros2_ws/install/my_py_pkg:/opt/ros/foxy /usr/bin/cmake --build /home/cc/pg-ros/4_ROS2_Beginners/project_followerdolly_ws/build/dolly_ignition -- -j16 -l16
[4.758s] DEBUG:colcon.colcon_core.event_handler.log_command:Invoked command in '/home/cc/pg-ros/4_ROS2_Beginners/project_followerdolly_ws/build/dolly_ignition' returned '0': AMENT_PREFIX_PATH=/home/cc/pg-ros/4_ROS2_Beginners/project_followerdolly_ws/install/dolly_follow:${AMENT_PREFIX_PATH} CMAKE_PREFIX_PATH=/home/cc/pg-ros/4_ROS2_Beginners/project_followerdolly_ws/install/dolly_follow:/home/cc/ros2_ws/install/my_cpp_pkg:/home/cc/pg-ros/4_ROS2_Beginners/ros2nodes_ws/install/nodes_pkg:/home/cc/ros2_ws/install/my_py_pkg:/opt/ros/foxy /usr/bin/cmake --build /home/cc/pg-ros/4_ROS2_Beginners/project_followerdolly_ws/build/dolly_ignition -- -j16 -l16
[4.767s] WARNING:colcon.colcon_cmake.task.cmake.build:Could not run installation step for package 'dolly_ignition' because it has no 'install' target
[4.768s] Level 1:colcon.colcon_core.environment:create_environment_scripts_only(dolly_ignition)
[4.768s] Level 1:colcon.colcon_core.environment:checking '/home/cc/pg-ros/4_ROS2_Beginners/project_followerdolly_ws/install/dolly_ignition' for CMake module files
[4.768s] Level 1:colcon.colcon_core.environment:checking '/home/cc/pg-ros/4_ROS2_Beginners/project_followerdolly_ws/install/dolly_ignition' for CMake config files
[4.769s] Level 1:colcon.colcon_core.environment:checking '/home/cc/pg-ros/4_ROS2_Beginners/project_followerdolly_ws/install/dolly_ignition/bin'
[4.769s] Level 1:colcon.colcon_core.environment:checking '/home/cc/pg-ros/4_ROS2_Beginners/project_followerdolly_ws/install/dolly_ignition/lib/pkgconfig/dolly_ignition.pc'
[4.769s] Level 1:colcon.colcon_core.environment:checking '/home/cc/pg-ros/4_ROS2_Beginners/project_followerdolly_ws/install/dolly_ignition/lib/python3.8/site-packages'
[4.769s] Level 1:colcon.colcon_core.environment:checking '/home/cc/pg-ros/4_ROS2_Beginners/project_followerdolly_ws/install/dolly_ignition/bin'
[4.769s] INFO:colcon.colcon_core.shell:Creating package script '/home/cc/pg-ros/4_ROS2_Beginners/project_followerdolly_ws/install/dolly_ignition/share/dolly_ignition/package.ps1'
[4.770s] INFO:colcon.colcon_core.shell:Creating package descriptor '/home/cc/pg-ros/4_ROS2_Beginners/project_followerdolly_ws/install/dolly_ignition/share/dolly_ignition/package.dsv'
[4.770s] INFO:colcon.colcon_core.shell:Creating package script '/home/cc/pg-ros/4_ROS2_Beginners/project_followerdolly_ws/install/dolly_ignition/share/dolly_ignition/package.sh'
[4.770s] INFO:colcon.colcon_core.shell:Creating package script '/home/cc/pg-ros/4_ROS2_Beginners/project_followerdolly_ws/install/dolly_ignition/share/dolly_ignition/package.bash'
[4.770s] INFO:colcon.colcon_core.shell:Creating package script '/home/cc/pg-ros/4_ROS2_Beginners/project_followerdolly_ws/install/dolly_ignition/share/dolly_ignition/package.zsh'
[4.770s] Level 1:colcon.colcon_core.environment:create_file_with_runtime_dependencies(/home/cc/pg-ros/4_ROS2_Beginners/project_followerdolly_ws/install/dolly_ignition/share/colcon-core/packages/dolly_ignition)
[4.779s] Level 1:colcon.colcon_core.environment:create_environment_scripts_only(dolly_ignition)
[4.780s] Level 1:colcon.colcon_core.environment:checking '/home/cc/pg-ros/4_ROS2_Beginners/project_followerdolly_ws/install/dolly_ignition' for CMake module files
[4.780s] Level 1:colcon.colcon_core.environment:checking '/home/cc/pg-ros/4_ROS2_Beginners/project_followerdolly_ws/install/dolly_ignition' for CMake config files
[4.780s] Level 1:colcon.colcon_core.environment:checking '/home/cc/pg-ros/4_ROS2_Beginners/project_followerdolly_ws/install/dolly_ignition/bin'
[4.780s] Level 1:colcon.colcon_core.environment:checking '/home/cc/pg-ros/4_ROS2_Beginners/project_followerdolly_ws/install/dolly_ignition/lib/pkgconfig/dolly_ignition.pc'
[4.780s] Level 1:colcon.colcon_core.environment:checking '/home/cc/pg-ros/4_ROS2_Beginners/project_followerdolly_ws/install/dolly_ignition/lib/python3.8/site-packages'
[4.780s] Level 1:colcon.colcon_core.environment:checking '/home/cc/pg-ros/4_ROS2_Beginners/project_followerdolly_ws/install/dolly_ignition/bin'
[4.781s] INFO:colcon.colcon_core.shell:Creating package script '/home/cc/pg-ros/4_ROS2_Beginners/project_followerdolly_ws/install/dolly_ignition/share/dolly_ignition/package.ps1'
[4.781s] INFO:colcon.colcon_core.shell:Creating package descriptor '/home/cc/pg-ros/4_ROS2_Beginners/project_followerdolly_ws/install/dolly_ignition/share/dolly_ignition/package.dsv'
[4.781s] INFO:colcon.colcon_core.shell:Creating package script '/home/cc/pg-ros/4_ROS2_Beginners/project_followerdolly_ws/install/dolly_ignition/share/dolly_ignition/package.sh'
[4.781s] INFO:colcon.colcon_core.shell:Creating package script '/home/cc/pg-ros/4_ROS2_Beginners/project_followerdolly_ws/install/dolly_ignition/share/dolly_ignition/package.bash'
[4.781s] INFO:colcon.colcon_core.shell:Creating package script '/home/cc/pg-ros/4_ROS2_Beginners/project_followerdolly_ws/install/dolly_ignition/share/dolly_ignition/package.zsh'
[4.782s] Level 1:colcon.colcon_core.environment:create_file_with_runtime_dependencies(/home/cc/pg-ros/4_ROS2_Beginners/project_followerdolly_ws/install/dolly_ignition/share/colcon-core/packages/dolly_ignition)
[4.782s] INFO:colcon.colcon_ros.task.ament_cmake.build:Building ROS package in '/home/cc/pg-ros/4_ROS2_Beginners/project_followerdolly_ws/src/dolly_tests' with build type 'ament_cmake'
[4.782s] INFO:colcon.colcon_cmake.task.cmake.build:Building CMake package in '/home/cc/pg-ros/4_ROS2_Beginners/project_followerdolly_ws/src/dolly_tests'
[4.782s] INFO:colcon.colcon_core.shell:Skip shell extension 'powershell' for command environment: Not usable outside of PowerShell
[4.782s] DEBUG:colcon.colcon_core.shell:Skip shell extension 'dsv' for command environment
[4.788s] DEBUG:colcon.colcon_core.event_handler.log_command:Invoking command in '/home/cc/pg-ros/4_ROS2_Beginners/project_followerdolly_ws/build/dolly_tests': AMENT_PREFIX_PATH=/home/cc/pg-ros/4_ROS2_Beginners/project_followerdolly_ws/install/dolly_follow:${AMENT_PREFIX_PATH} CMAKE_PREFIX_PATH=/home/cc/pg-ros/4_ROS2_Beginners/project_followerdolly_ws/install/dolly_follow:/home/cc/ros2_ws/install/my_cpp_pkg:/home/cc/pg-ros/4_ROS2_Beginners/ros2nodes_ws/install/nodes_pkg:/home/cc/ros2_ws/install/my_py_pkg:/opt/ros/foxy /usr/bin/cmake /home/cc/pg-ros/4_ROS2_Beginners/project_followerdolly_ws/src/dolly_tests -DCMAKE_INSTALL_PREFIX=/home/cc/pg-ros/4_ROS2_Beginners/project_followerdolly_ws/install/dolly_tests
[5.032s] DEBUG:colcon.colcon_core.event_handler.log_command:Invoked command in '/home/cc/pg-ros/4_ROS2_Beginners/project_followerdolly_ws/build/dolly_tests' returned '0': AMENT_PREFIX_PATH=/home/cc/pg-ros/4_ROS2_Beginners/project_followerdolly_ws/install/dolly_follow:${AMENT_PREFIX_PATH} CMAKE_PREFIX_PATH=/home/cc/pg-ros/4_ROS2_Beginners/project_followerdolly_ws/install/dolly_follow:/home/cc/ros2_ws/install/my_cpp_pkg:/home/cc/pg-ros/4_ROS2_Beginners/ros2nodes_ws/install/nodes_pkg:/home/cc/ros2_ws/install/my_py_pkg:/opt/ros/foxy /usr/bin/cmake /home/cc/pg-ros/4_ROS2_Beginners/project_followerdolly_ws/src/dolly_tests -DCMAKE_INSTALL_PREFIX=/home/cc/pg-ros/4_ROS2_Beginners/project_followerdolly_ws/install/dolly_tests
[5.033s] DEBUG:colcon.colcon_core.event_handler.log_command:Invoking command in '/home/cc/pg-ros/4_ROS2_Beginners/project_followerdolly_ws/build/dolly_tests': AMENT_PREFIX_PATH=/home/cc/pg-ros/4_ROS2_Beginners/project_followerdolly_ws/install/dolly_follow:${AMENT_PREFIX_PATH} CMAKE_PREFIX_PATH=/home/cc/pg-ros/4_ROS2_Beginners/project_followerdolly_ws/install/dolly_follow:/home/cc/ros2_ws/install/my_cpp_pkg:/home/cc/pg-ros/4_ROS2_Beginners/ros2nodes_ws/install/nodes_pkg:/home/cc/ros2_ws/install/my_py_pkg:/opt/ros/foxy /usr/bin/cmake --build /home/cc/pg-ros/4_ROS2_Beginners/project_followerdolly_ws/build/dolly_tests -- -j16 -l16
[5.053s] DEBUG:colcon.colcon_core.event_handler.log_command:Invoked command in '/home/cc/pg-ros/4_ROS2_Beginners/project_followerdolly_ws/build/dolly_tests' returned '0': AMENT_PREFIX_PATH=/home/cc/pg-ros/4_ROS2_Beginners/project_followerdolly_ws/install/dolly_follow:${AMENT_PREFIX_PATH} CMAKE_PREFIX_PATH=/home/cc/pg-ros/4_ROS2_Beginners/project_followerdolly_ws/install/dolly_follow:/home/cc/ros2_ws/install/my_cpp_pkg:/home/cc/pg-ros/4_ROS2_Beginners/ros2nodes_ws/install/nodes_pkg:/home/cc/ros2_ws/install/my_py_pkg:/opt/ros/foxy /usr/bin/cmake --build /home/cc/pg-ros/4_ROS2_Beginners/project_followerdolly_ws/build/dolly_tests -- -j16 -l16
[5.061s] WARNING:colcon.colcon_cmake.task.cmake.build:Could not run installation step for package 'dolly_tests' because it has no 'install' target
[5.061s] Level 1:colcon.colcon_core.environment:create_environment_scripts_only(dolly_tests)
[5.062s] Level 1:colcon.colcon_core.environment:checking '/home/cc/pg-ros/4_ROS2_Beginners/project_followerdolly_ws/install/dolly_tests' for CMake module files
[5.062s] Level 1:colcon.colcon_core.environment:checking '/home/cc/pg-ros/4_ROS2_Beginners/project_followerdolly_ws/install/dolly_tests' for CMake config files
[5.062s] Level 1:colcon.colcon_core.environment:checking '/home/cc/pg-ros/4_ROS2_Beginners/project_followerdolly_ws/install/dolly_tests/bin'
[5.062s] Level 1:colcon.colcon_core.environment:checking '/home/cc/pg-ros/4_ROS2_Beginners/project_followerdolly_ws/install/dolly_tests/lib/pkgconfig/dolly_tests.pc'
[5.063s] Level 1:colcon.colcon_core.environment:checking '/home/cc/pg-ros/4_ROS2_Beginners/project_followerdolly_ws/install/dolly_tests/lib/python3.8/site-packages'
[5.063s] Level 1:colcon.colcon_core.environment:checking '/home/cc/pg-ros/4_ROS2_Beginners/project_followerdolly_ws/install/dolly_tests/bin'
[5.063s] INFO:colcon.colcon_core.shell:Creating package script '/home/cc/pg-ros/4_ROS2_Beginners/project_followerdolly_ws/install/dolly_tests/share/dolly_tests/package.ps1'
[5.063s] INFO:colcon.colcon_core.shell:Creating package descriptor '/home/cc/pg-ros/4_ROS2_Beginners/project_followerdolly_ws/install/dolly_tests/share/dolly_tests/package.dsv'
[5.063s] INFO:colcon.colcon_core.shell:Creating package script '/home/cc/pg-ros/4_ROS2_Beginners/project_followerdolly_ws/install/dolly_tests/share/dolly_tests/package.sh'
[5.064s] INFO:colcon.colcon_core.shell:Creating package script '/home/cc/pg-ros/4_ROS2_Beginners/project_followerdolly_ws/install/dolly_tests/share/dolly_tests/package.bash'
[5.064s] INFO:colcon.colcon_core.shell:Creating package script '/home/cc/pg-ros/4_ROS2_Beginners/project_followerdolly_ws/install/dolly_tests/share/dolly_tests/package.zsh'
[5.064s] Level 1:colcon.colcon_core.environment:create_file_with_runtime_dependencies(/home/cc/pg-ros/4_ROS2_Beginners/project_followerdolly_ws/install/dolly_tests/share/colcon-core/packages/dolly_tests)
[5.073s] Level 1:colcon.colcon_core.environment:create_environment_scripts_only(dolly_tests)
[5.074s] Level 1:colcon.colcon_core.environment:checking '/home/cc/pg-ros/4_ROS2_Beginners/project_followerdolly_ws/install/dolly_tests' for CMake module files
[5.074s] Level 1:colcon.colcon_core.environment:checking '/home/cc/pg-ros/4_ROS2_Beginners/project_followerdolly_ws/install/dolly_tests' for CMake config files
[5.074s] Level 1:colcon.colcon_core.environment:checking '/home/cc/pg-ros/4_ROS2_Beginners/project_followerdolly_ws/install/dolly_tests/bin'
[5.074s] Level 1:colcon.colcon_core.environment:checking '/home/cc/pg-ros/4_ROS2_Beginners/project_followerdolly_ws/install/dolly_tests/lib/pkgconfig/dolly_tests.pc'
[5.074s] Level 1:colcon.colcon_core.environment:checking '/home/cc/pg-ros/4_ROS2_Beginners/project_followerdolly_ws/install/dolly_tests/lib/python3.8/site-packages'
[5.074s] Level 1:colcon.colcon_core.environment:checking '/home/cc/pg-ros/4_ROS2_Beginners/project_followerdolly_ws/install/dolly_tests/bin'
[5.075s] INFO:colcon.colcon_core.shell:Creating package script '/home/cc/pg-ros/4_ROS2_Beginners/project_followerdolly_ws/install/dolly_tests/share/dolly_tests/package.ps1'
[5.075s] INFO:colcon.colcon_core.shell:Creating package descriptor '/home/cc/pg-ros/4_ROS2_Beginners/project_followerdolly_ws/install/dolly_tests/share/dolly_tests/package.dsv'
[5.075s] INFO:colcon.colcon_core.shell:Creating package script '/home/cc/pg-ros/4_ROS2_Beginners/project_followerdolly_ws/install/dolly_tests/share/dolly_tests/package.sh'
[5.075s] INFO:colcon.colcon_core.shell:Creating package script '/home/cc/pg-ros/4_ROS2_Beginners/project_followerdolly_ws/install/dolly_tests/share/dolly_tests/package.bash'
[5.075s] INFO:colcon.colcon_core.shell:Creating package script '/home/cc/pg-ros/4_ROS2_Beginners/project_followerdolly_ws/install/dolly_tests/share/dolly_tests/package.zsh'
[5.076s] Level 1:colcon.colcon_core.environment:create_file_with_runtime_dependencies(/home/cc/pg-ros/4_ROS2_Beginners/project_followerdolly_ws/install/dolly_tests/share/colcon-core/packages/dolly_tests)
[5.673s] DEBUG:colcon.colcon_core.event_handler.log_command:Invoked command in '/home/cc/pg-ros/4_ROS2_Beginners/project_followerdolly_ws/build/dolly_gazebo' returned '0': AMENT_PREFIX_PATH=/home/cc/pg-ros/4_ROS2_Beginners/project_followerdolly_ws/install/dolly_follow:${AMENT_PREFIX_PATH} CMAKE_PREFIX_PATH=/home/cc/pg-ros/4_ROS2_Beginners/project_followerdolly_ws/install/dolly_follow:/home/cc/ros2_ws/install/my_cpp_pkg:/home/cc/pg-ros/4_ROS2_Beginners/ros2nodes_ws/install/nodes_pkg:/home/cc/ros2_ws/install/my_py_pkg:/opt/ros/foxy /usr/bin/cmake /home/cc/pg-ros/4_ROS2_Beginners/project_followerdolly_ws/src/dolly_gazebo -DCMAKE_INSTALL_PREFIX=/home/cc/pg-ros/4_ROS2_Beginners/project_followerdolly_ws/install/dolly_gazebo
[5.674s] DEBUG:colcon.colcon_core.event_handler.log_command:Invoking command in '/home/cc/pg-ros/4_ROS2_Beginners/project_followerdolly_ws/build/dolly_gazebo': AMENT_PREFIX_PATH=/home/cc/pg-ros/4_ROS2_Beginners/project_followerdolly_ws/install/dolly_follow:${AMENT_PREFIX_PATH} CMAKE_PREFIX_PATH=/home/cc/pg-ros/4_ROS2_Beginners/project_followerdolly_ws/install/dolly_follow:/home/cc/ros2_ws/install/my_cpp_pkg:/home/cc/pg-ros/4_ROS2_Beginners/ros2nodes_ws/install/nodes_pkg:/home/cc/ros2_ws/install/my_py_pkg:/opt/ros/foxy /usr/bin/cmake --build /home/cc/pg-ros/4_ROS2_Beginners/project_followerdolly_ws/build/dolly_gazebo -- -j16 -l16
[5.698s] DEBUG:colcon.colcon_core.event_handler.log_command:Invoked command in '/home/cc/pg-ros/4_ROS2_Beginners/project_followerdolly_ws/build/dolly_gazebo' returned '0': AMENT_PREFIX_PATH=/home/cc/pg-ros/4_ROS2_Beginners/project_followerdolly_ws/install/dolly_follow:${AMENT_PREFIX_PATH} CMAKE_PREFIX_PATH=/home/cc/pg-ros/4_ROS2_Beginners/project_followerdolly_ws/install/dolly_follow:/home/cc/ros2_ws/install/my_cpp_pkg:/home/cc/pg-ros/4_ROS2_Beginners/ros2nodes_ws/install/nodes_pkg:/home/cc/ros2_ws/install/my_py_pkg:/opt/ros/foxy /usr/bin/cmake --build /home/cc/pg-ros/4_ROS2_Beginners/project_followerdolly_ws/build/dolly_gazebo -- -j16 -l16
[5.712s] DEBUG:colcon.colcon_core.event_handler.log_command:Invoking command in '/home/cc/pg-ros/4_ROS2_Beginners/project_followerdolly_ws/build/dolly_gazebo': AMENT_PREFIX_PATH=/home/cc/pg-ros/4_ROS2_Beginners/project_followerdolly_ws/install/dolly_follow:${AMENT_PREFIX_PATH} CMAKE_PREFIX_PATH=/home/cc/pg-ros/4_ROS2_Beginners/project_followerdolly_ws/install/dolly_follow:/home/cc/ros2_ws/install/my_cpp_pkg:/home/cc/pg-ros/4_ROS2_Beginners/ros2nodes_ws/install/nodes_pkg:/home/cc/ros2_ws/install/my_py_pkg:/opt/ros/foxy /usr/bin/cmake --install /home/cc/pg-ros/4_ROS2_Beginners/project_followerdolly_ws/build/dolly_gazebo
[5.739s] Level 1:colcon.colcon_core.environment:create_environment_scripts_only(dolly_gazebo)
[5.740s] Level 1:colcon.colcon_core.environment:checking '/home/cc/pg-ros/4_ROS2_Beginners/project_followerdolly_ws/install/dolly_gazebo' for CMake module files
[5.740s] DEBUG:colcon.colcon_core.event_handler.log_command:Invoked command in '/home/cc/pg-ros/4_ROS2_Beginners/project_followerdolly_ws/build/dolly_gazebo' returned '0': AMENT_PREFIX_PATH=/home/cc/pg-ros/4_ROS2_Beginners/project_followerdolly_ws/install/dolly_follow:${AMENT_PREFIX_PATH} CMAKE_PREFIX_PATH=/home/cc/pg-ros/4_ROS2_Beginners/project_followerdolly_ws/install/dolly_follow:/home/cc/ros2_ws/install/my_cpp_pkg:/home/cc/pg-ros/4_ROS2_Beginners/ros2nodes_ws/install/nodes_pkg:/home/cc/ros2_ws/install/my_py_pkg:/opt/ros/foxy /usr/bin/cmake --install /home/cc/pg-ros/4_ROS2_Beginners/project_followerdolly_ws/build/dolly_gazebo
[5.740s] Level 1:colcon.colcon_core.environment:checking '/home/cc/pg-ros/4_ROS2_Beginners/project_followerdolly_ws/install/dolly_gazebo' for CMake config files
[5.740s] Level 1:colcon.colcon_core.shell:create_environment_hook('dolly_gazebo', 'cmake_prefix_path')
[5.741s] INFO:colcon.colcon_core.shell:Creating environment hook '/home/cc/pg-ros/4_ROS2_Beginners/project_followerdolly_ws/install/dolly_gazebo/share/dolly_gazebo/hook/cmake_prefix_path.ps1'
[5.741s] INFO:colcon.colcon_core.shell:Creating environment descriptor '/home/cc/pg-ros/4_ROS2_Beginners/project_followerdolly_ws/install/dolly_gazebo/share/dolly_gazebo/hook/cmake_prefix_path.dsv'
[5.741s] INFO:colcon.colcon_core.shell:Creating environment hook '/home/cc/pg-ros/4_ROS2_Beginners/project_followerdolly_ws/install/dolly_gazebo/share/dolly_gazebo/hook/cmake_prefix_path.sh'
[5.741s] Level 1:colcon.colcon_core.environment:checking '/home/cc/pg-ros/4_ROS2_Beginners/project_followerdolly_ws/install/dolly_gazebo/bin'
[5.741s] Level 1:colcon.colcon_core.environment:checking '/home/cc/pg-ros/4_ROS2_Beginners/project_followerdolly_ws/install/dolly_gazebo/lib/pkgconfig/dolly_gazebo.pc'
[5.742s] Level 1:colcon.colcon_core.environment:checking '/home/cc/pg-ros/4_ROS2_Beginners/project_followerdolly_ws/install/dolly_gazebo/lib/python3.8/site-packages'
[5.742s] Level 1:colcon.colcon_core.environment:checking '/home/cc/pg-ros/4_ROS2_Beginners/project_followerdolly_ws/install/dolly_gazebo/bin'
[5.742s] INFO:colcon.colcon_core.shell:Creating package script '/home/cc/pg-ros/4_ROS2_Beginners/project_followerdolly_ws/install/dolly_gazebo/share/dolly_gazebo/package.ps1'
[5.742s] INFO:colcon.colcon_core.shell:Creating package descriptor '/home/cc/pg-ros/4_ROS2_Beginners/project_followerdolly_ws/install/dolly_gazebo/share/dolly_gazebo/package.dsv'
[5.742s] INFO:colcon.colcon_core.shell:Creating package script '/home/cc/pg-ros/4_ROS2_Beginners/project_followerdolly_ws/install/dolly_gazebo/share/dolly_gazebo/package.sh'
[5.743s] INFO:colcon.colcon_core.shell:Creating package script '/home/cc/pg-ros/4_ROS2_Beginners/project_followerdolly_ws/install/dolly_gazebo/share/dolly_gazebo/package.bash'
[5.743s] INFO:colcon.colcon_core.shell:Creating package script '/home/cc/pg-ros/4_ROS2_Beginners/project_followerdolly_ws/install/dolly_gazebo/share/dolly_gazebo/package.zsh'
[5.743s] Level 1:colcon.colcon_core.environment:create_file_with_runtime_dependencies(/home/cc/pg-ros/4_ROS2_Beginners/project_followerdolly_ws/install/dolly_gazebo/share/colcon-core/packages/dolly_gazebo)
[5.755s] Level 1:colcon.colcon_core.environment:create_environment_scripts_only(dolly_gazebo)
[5.756s] Level 1:colcon.colcon_core.environment:checking '/home/cc/pg-ros/4_ROS2_Beginners/project_followerdolly_ws/install/dolly_gazebo' for CMake module files
[5.756s] Level 1:colcon.colcon_core.environment:checking '/home/cc/pg-ros/4_ROS2_Beginners/project_followerdolly_ws/install/dolly_gazebo' for CMake config files
[5.756s] Level 1:colcon.colcon_core.shell:create_environment_hook('dolly_gazebo', 'cmake_prefix_path')
[5.756s] INFO:colcon.colcon_core.shell:Creating environment hook '/home/cc/pg-ros/4_ROS2_Beginners/project_followerdolly_ws/install/dolly_gazebo/share/dolly_gazebo/hook/cmake_prefix_path.ps1'
[5.757s] INFO:colcon.colcon_core.shell:Creating environment descriptor '/home/cc/pg-ros/4_ROS2_Beginners/project_followerdolly_ws/install/dolly_gazebo/share/dolly_gazebo/hook/cmake_prefix_path.dsv'
[5.757s] INFO:colcon.colcon_core.shell:Creating environment hook '/home/cc/pg-ros/4_ROS2_Beginners/project_followerdolly_ws/install/dolly_gazebo/share/dolly_gazebo/hook/cmake_prefix_path.sh'
[5.757s] Level 1:colcon.colcon_core.environment:checking '/home/cc/pg-ros/4_ROS2_Beginners/project_followerdolly_ws/install/dolly_gazebo/bin'
[5.757s] Level 1:colcon.colcon_core.environment:checking '/home/cc/pg-ros/4_ROS2_Beginners/project_followerdolly_ws/install/dolly_gazebo/lib/pkgconfig/dolly_gazebo.pc'
[5.757s] Level 1:colcon.colcon_core.environment:checking '/home/cc/pg-ros/4_ROS2_Beginners/project_followerdolly_ws/install/dolly_gazebo/lib/python3.8/site-packages'
[5.757s] Level 1:colcon.colcon_core.environment:checking '/home/cc/pg-ros/4_ROS2_Beginners/project_followerdolly_ws/install/dolly_gazebo/bin'
[5.758s] INFO:colcon.colcon_core.shell:Creating package script '/home/cc/pg-ros/4_ROS2_Beginners/project_followerdolly_ws/install/dolly_gazebo/share/dolly_gazebo/package.ps1'
[5.758s] INFO:colcon.colcon_core.shell:Creating package descriptor '/home/cc/pg-ros/4_ROS2_Beginners/project_followerdolly_ws/install/dolly_gazebo/share/dolly_gazebo/package.dsv'
[5.758s] INFO:colcon.colcon_core.shell:Creating package script '/home/cc/pg-ros/4_ROS2_Beginners/project_followerdolly_ws/install/dolly_gazebo/share/dolly_gazebo/package.sh'
[5.758s] INFO:colcon.colcon_core.shell:Creating package script '/home/cc/pg-ros/4_ROS2_Beginners/project_followerdolly_ws/install/dolly_gazebo/share/dolly_gazebo/package.bash'
[5.758s] INFO:colcon.colcon_core.shell:Creating package script '/home/cc/pg-ros/4_ROS2_Beginners/project_followerdolly_ws/install/dolly_gazebo/share/dolly_gazebo/package.zsh'
[5.759s] Level 1:colcon.colcon_core.environment:create_file_with_runtime_dependencies(/home/cc/pg-ros/4_ROS2_Beginners/project_followerdolly_ws/install/dolly_gazebo/share/colcon-core/packages/dolly_gazebo)
[5.759s] INFO:colcon.colcon_ros.task.ament_cmake.build:Building ROS package in '/home/cc/pg-ros/4_ROS2_Beginners/project_followerdolly_ws/src/dolly' with build type 'ament_cmake'
[5.759s] INFO:colcon.colcon_cmake.task.cmake.build:Building CMake package in '/home/cc/pg-ros/4_ROS2_Beginners/project_followerdolly_ws/src/dolly'
[5.759s] INFO:colcon.colcon_core.shell:Skip shell extension 'powershell' for command environment: Not usable outside of PowerShell
[5.759s] DEBUG:colcon.colcon_core.shell:Skip shell extension 'dsv' for command environment
[5.766s] DEBUG:colcon.colcon_core.event_handler.log_command:Invoking command in '/home/cc/pg-ros/4_ROS2_Beginners/project_followerdolly_ws/build/dolly': AMENT_PREFIX_PATH=/home/cc/pg-ros/4_ROS2_Beginners/project_followerdolly_ws/install/dolly_gazebo:/home/cc/pg-ros/4_ROS2_Beginners/project_followerdolly_ws/install/dolly_follow:${AMENT_PREFIX_PATH} CMAKE_PREFIX_PATH=/home/cc/pg-ros/4_ROS2_Beginners/project_followerdolly_ws/install/dolly_gazebo:/home/cc/pg-ros/4_ROS2_Beginners/project_followerdolly_ws/install/dolly_follow:/home/cc/ros2_ws/install/my_cpp_pkg:/home/cc/pg-ros/4_ROS2_Beginners/ros2nodes_ws/install/nodes_pkg:/home/cc/ros2_ws/install/my_py_pkg:/opt/ros/foxy GAZEBO_MODEL_PATH=/home/cc/pg-ros/4_ROS2_Beginners/project_followerdolly_ws/install/dolly_gazebo/share/dolly_gazebo/models GAZEBO_RESOURCE_PATH=/home/cc/pg-ros/4_ROS2_Beginners/project_followerdolly_ws/install/dolly_gazebo/share/dolly_gazebo/worlds /usr/bin/cmake /home/cc/pg-ros/4_ROS2_Beginners/project_followerdolly_ws/src/dolly -DCMAKE_INSTALL_PREFIX=/home/cc/pg-ros/4_ROS2_Beginners/project_followerdolly_ws/install/dolly
[6.206s] DEBUG:colcon.colcon_core.event_handler.log_command:Invoked command in '/home/cc/pg-ros/4_ROS2_Beginners/project_followerdolly_ws/build/dolly' returned '0': AMENT_PREFIX_PATH=/home/cc/pg-ros/4_ROS2_Beginners/project_followerdolly_ws/install/dolly_gazebo:/home/cc/pg-ros/4_ROS2_Beginners/project_followerdolly_ws/install/dolly_follow:${AMENT_PREFIX_PATH} CMAKE_PREFIX_PATH=/home/cc/pg-ros/4_ROS2_Beginners/project_followerdolly_ws/install/dolly_gazebo:/home/cc/pg-ros/4_ROS2_Beginners/project_followerdolly_ws/install/dolly_follow:/home/cc/ros2_ws/install/my_cpp_pkg:/home/cc/pg-ros/4_ROS2_Beginners/ros2nodes_ws/install/nodes_pkg:/home/cc/ros2_ws/install/my_py_pkg:/opt/ros/foxy GAZEBO_MODEL_PATH=/home/cc/pg-ros/4_ROS2_Beginners/project_followerdolly_ws/install/dolly_gazebo/share/dolly_gazebo/models GAZEBO_RESOURCE_PATH=/home/cc/pg-ros/4_ROS2_Beginners/project_followerdolly_ws/install/dolly_gazebo/share/dolly_gazebo/worlds /usr/bin/cmake /home/cc/pg-ros/4_ROS2_Beginners/project_followerdolly_ws/src/dolly -DCMAKE_INSTALL_PREFIX=/home/cc/pg-ros/4_ROS2_Beginners/project_followerdolly_ws/install/dolly
[6.208s] DEBUG:colcon.colcon_core.event_handler.log_command:Invoking command in '/home/cc/pg-ros/4_ROS2_Beginners/project_followerdolly_ws/build/dolly': AMENT_PREFIX_PATH=/home/cc/pg-ros/4_ROS2_Beginners/project_followerdolly_ws/install/dolly_gazebo:/home/cc/pg-ros/4_ROS2_Beginners/project_followerdolly_ws/install/dolly_follow:${AMENT_PREFIX_PATH} CMAKE_PREFIX_PATH=/home/cc/pg-ros/4_ROS2_Beginners/project_followerdolly_ws/install/dolly_gazebo:/home/cc/pg-ros/4_ROS2_Beginners/project_followerdolly_ws/install/dolly_follow:/home/cc/ros2_ws/install/my_cpp_pkg:/home/cc/pg-ros/4_ROS2_Beginners/ros2nodes_ws/install/nodes_pkg:/home/cc/ros2_ws/install/my_py_pkg:/opt/ros/foxy GAZEBO_MODEL_PATH=/home/cc/pg-ros/4_ROS2_Beginners/project_followerdolly_ws/install/dolly_gazebo/share/dolly_gazebo/models GAZEBO_RESOURCE_PATH=/home/cc/pg-ros/4_ROS2_Beginners/project_followerdolly_ws/install/dolly_gazebo/share/dolly_gazebo/worlds /usr/bin/cmake --build /home/cc/pg-ros/4_ROS2_Beginners/project_followerdolly_ws/build/dolly -- -j16 -l16
[6.230s] DEBUG:colcon.colcon_core.event_handler.log_command:Invoked command in '/home/cc/pg-ros/4_ROS2_Beginners/project_followerdolly_ws/build/dolly' returned '0': AMENT_PREFIX_PATH=/home/cc/pg-ros/4_ROS2_Beginners/project_followerdolly_ws/install/dolly_gazebo:/home/cc/pg-ros/4_ROS2_Beginners/project_followerdolly_ws/install/dolly_follow:${AMENT_PREFIX_PATH} CMAKE_PREFIX_PATH=/home/cc/pg-ros/4_ROS2_Beginners/project_followerdolly_ws/install/dolly_gazebo:/home/cc/pg-ros/4_ROS2_Beginners/project_followerdolly_ws/install/dolly_follow:/home/cc/ros2_ws/install/my_cpp_pkg:/home/cc/pg-ros/4_ROS2_Beginners/ros2nodes_ws/install/nodes_pkg:/home/cc/ros2_ws/install/my_py_pkg:/opt/ros/foxy GAZEBO_MODEL_PATH=/home/cc/pg-ros/4_ROS2_Beginners/project_followerdolly_ws/install/dolly_gazebo/share/dolly_gazebo/models GAZEBO_RESOURCE_PATH=/home/cc/pg-ros/4_ROS2_Beginners/project_followerdolly_ws/install/dolly_gazebo/share/dolly_gazebo/worlds /usr/bin/cmake --build /home/cc/pg-ros/4_ROS2_Beginners/project_followerdolly_ws/build/dolly -- -j16 -l16
[6.253s] DEBUG:colcon.colcon_core.event_handler.log_command:Invoking command in '/home/cc/pg-ros/4_ROS2_Beginners/project_followerdolly_ws/build/dolly': AMENT_PREFIX_PATH=/home/cc/pg-ros/4_ROS2_Beginners/project_followerdolly_ws/install/dolly_gazebo:/home/cc/pg-ros/4_ROS2_Beginners/project_followerdolly_ws/install/dolly_follow:${AMENT_PREFIX_PATH} CMAKE_PREFIX_PATH=/home/cc/pg-ros/4_ROS2_Beginners/project_followerdolly_ws/install/dolly_gazebo:/home/cc/pg-ros/4_ROS2_Beginners/project_followerdolly_ws/install/dolly_follow:/home/cc/ros2_ws/install/my_cpp_pkg:/home/cc/pg-ros/4_ROS2_Beginners/ros2nodes_ws/install/nodes_pkg:/home/cc/ros2_ws/install/my_py_pkg:/opt/ros/foxy GAZEBO_MODEL_PATH=/home/cc/pg-ros/4_ROS2_Beginners/project_followerdolly_ws/install/dolly_gazebo/share/dolly_gazebo/models GAZEBO_RESOURCE_PATH=/home/cc/pg-ros/4_ROS2_Beginners/project_followerdolly_ws/install/dolly_gazebo/share/dolly_gazebo/worlds /usr/bin/cmake --install /home/cc/pg-ros/4_ROS2_Beginners/project_followerdolly_ws/build/dolly
[6.268s] Level 1:colcon.colcon_core.environment:create_environment_scripts_only(dolly)
[6.269s] Level 1:colcon.colcon_core.environment:checking '/home/cc/pg-ros/4_ROS2_Beginners/project_followerdolly_ws/install/dolly' for CMake module files
[6.269s] DEBUG:colcon.colcon_core.event_handler.log_command:Invoked command in '/home/cc/pg-ros/4_ROS2_Beginners/project_followerdolly_ws/build/dolly' returned '0': AMENT_PREFIX_PATH=/home/cc/pg-ros/4_ROS2_Beginners/project_followerdolly_ws/install/dolly_gazebo:/home/cc/pg-ros/4_ROS2_Beginners/project_followerdolly_ws/install/dolly_follow:${AMENT_PREFIX_PATH} CMAKE_PREFIX_PATH=/home/cc/pg-ros/4_ROS2_Beginners/project_followerdolly_ws/install/dolly_gazebo:/home/cc/pg-ros/4_ROS2_Beginners/project_followerdolly_ws/install/dolly_follow:/home/cc/ros2_ws/install/my_cpp_pkg:/home/cc/pg-ros/4_ROS2_Beginners/ros2nodes_ws/install/nodes_pkg:/home/cc/ros2_ws/install/my_py_pkg:/opt/ros/foxy GAZEBO_MODEL_PATH=/home/cc/pg-ros/4_ROS2_Beginners/project_followerdolly_ws/install/dolly_gazebo/share/dolly_gazebo/models GAZEBO_RESOURCE_PATH=/home/cc/pg-ros/4_ROS2_Beginners/project_followerdolly_ws/install/dolly_gazebo/share/dolly_gazebo/worlds /usr/bin/cmake --install /home/cc/pg-ros/4_ROS2_Beginners/project_followerdolly_ws/build/dolly
[6.269s] Level 1:colcon.colcon_core.environment:checking '/home/cc/pg-ros/4_ROS2_Beginners/project_followerdolly_ws/install/dolly' for CMake config files
[6.269s] Level 1:colcon.colcon_core.shell:create_environment_hook('dolly', 'cmake_prefix_path')
[6.269s] INFO:colcon.colcon_core.shell:Creating environment hook '/home/cc/pg-ros/4_ROS2_Beginners/project_followerdolly_ws/install/dolly/share/dolly/hook/cmake_prefix_path.ps1'
[6.270s] INFO:colcon.colcon_core.shell:Creating environment descriptor '/home/cc/pg-ros/4_ROS2_Beginners/project_followerdolly_ws/install/dolly/share/dolly/hook/cmake_prefix_path.dsv'
[6.270s] INFO:colcon.colcon_core.shell:Creating environment hook '/home/cc/pg-ros/4_ROS2_Beginners/project_followerdolly_ws/install/dolly/share/dolly/hook/cmake_prefix_path.sh'
[6.270s] Level 1:colcon.colcon_core.environment:checking '/home/cc/pg-ros/4_ROS2_Beginners/project_followerdolly_ws/install/dolly/bin'
[6.270s] Level 1:colcon.colcon_core.environment:checking '/home/cc/pg-ros/4_ROS2_Beginners/project_followerdolly_ws/install/dolly/lib/pkgconfig/dolly.pc'
[6.270s] Level 1:colcon.colcon_core.environment:checking '/home/cc/pg-ros/4_ROS2_Beginners/project_followerdolly_ws/install/dolly/lib/python3.8/site-packages'
[6.270s] Level 1:colcon.colcon_core.environment:checking '/home/cc/pg-ros/4_ROS2_Beginners/project_followerdolly_ws/install/dolly/bin'
[6.271s] INFO:colcon.colcon_core.shell:Creating package script '/home/cc/pg-ros/4_ROS2_Beginners/project_followerdolly_ws/install/dolly/share/dolly/package.ps1'
[6.271s] INFO:colcon.colcon_core.shell:Creating package descriptor '/home/cc/pg-ros/4_ROS2_Beginners/project_followerdolly_ws/install/dolly/share/dolly/package.dsv'
[6.271s] INFO:colcon.colcon_core.shell:Creating package script '/home/cc/pg-ros/4_ROS2_Beginners/project_followerdolly_ws/install/dolly/share/dolly/package.sh'
[6.271s] INFO:colcon.colcon_core.shell:Creating package script '/home/cc/pg-ros/4_ROS2_Beginners/project_followerdolly_ws/install/dolly/share/dolly/package.bash'
[6.272s] INFO:colcon.colcon_core.shell:Creating package script '/home/cc/pg-ros/4_ROS2_Beginners/project_followerdolly_ws/install/dolly/share/dolly/package.zsh'
[6.272s] Level 1:colcon.colcon_core.environment:create_file_with_runtime_dependencies(/home/cc/pg-ros/4_ROS2_Beginners/project_followerdolly_ws/install/dolly/share/colcon-core/packages/dolly)
[6.283s] Level 1:colcon.colcon_core.environment:create_environment_scripts_only(dolly)
[6.284s] Level 1:colcon.colcon_core.environment:checking '/home/cc/pg-ros/4_ROS2_Beginners/project_followerdolly_ws/install/dolly' for CMake module files
[6.284s] Level 1:colcon.colcon_core.environment:checking '/home/cc/pg-ros/4_ROS2_Beginners/project_followerdolly_ws/install/dolly' for CMake config files
[6.284s] Level 1:colcon.colcon_core.shell:create_environment_hook('dolly', 'cmake_prefix_path')
[6.284s] INFO:colcon.colcon_core.shell:Creating environment hook '/home/cc/pg-ros/4_ROS2_Beginners/project_followerdolly_ws/install/dolly/share/dolly/hook/cmake_prefix_path.ps1'
[6.285s] INFO:colcon.colcon_core.shell:Creating environment descriptor '/home/cc/pg-ros/4_ROS2_Beginners/project_followerdolly_ws/install/dolly/share/dolly/hook/cmake_prefix_path.dsv'
[6.285s] INFO:colcon.colcon_core.shell:Creating environment hook '/home/cc/pg-ros/4_ROS2_Beginners/project_followerdolly_ws/install/dolly/share/dolly/hook/cmake_prefix_path.sh'
[6.285s] Level 1:colcon.colcon_core.environment:checking '/home/cc/pg-ros/4_ROS2_Beginners/project_followerdolly_ws/install/dolly/bin'
[6.285s] Level 1:colcon.colcon_core.environment:checking '/home/cc/pg-ros/4_ROS2_Beginners/project_followerdolly_ws/install/dolly/lib/pkgconfig/dolly.pc'
[6.285s] Level 1:colcon.colcon_core.environment:checking '/home/cc/pg-ros/4_ROS2_Beginners/project_followerdolly_ws/install/dolly/lib/python3.8/site-packages'
[6.285s] Level 1:colcon.colcon_core.environment:checking '/home/cc/pg-ros/4_ROS2_Beginners/project_followerdolly_ws/install/dolly/bin'
[6.286s] INFO:colcon.colcon_core.shell:Creating package script '/home/cc/pg-ros/4_ROS2_Beginners/project_followerdolly_ws/install/dolly/share/dolly/package.ps1'
[6.286s] INFO:colcon.colcon_core.shell:Creating package descriptor '/home/cc/pg-ros/4_ROS2_Beginners/project_followerdolly_ws/install/dolly/share/dolly/package.dsv'
[6.286s] INFO:colcon.colcon_core.shell:Creating package script '/home/cc/pg-ros/4_ROS2_Beginners/project_followerdolly_ws/install/dolly/share/dolly/package.sh'
[6.286s] INFO:colcon.colcon_core.shell:Creating package script '/home/cc/pg-ros/4_ROS2_Beginners/project_followerdolly_ws/install/dolly/share/dolly/package.bash'
[6.287s] INFO:colcon.colcon_core.shell:Creating package script '/home/cc/pg-ros/4_ROS2_Beginners/project_followerdolly_ws/install/dolly/share/dolly/package.zsh'
[6.287s] Level 1:colcon.colcon_core.environment:create_file_with_runtime_dependencies(/home/cc/pg-ros/4_ROS2_Beginners/project_followerdolly_ws/install/dolly/share/colcon-core/packages/dolly)
[6.287s] DEBUG:colcon.colcon_parallel_executor.executor.parallel:closing loop
[6.287s] DEBUG:colcon.colcon_parallel_executor.executor.parallel:loop closed
[6.287s] DEBUG:colcon.colcon_parallel_executor.executor.parallel:run_until_complete finished with '0'
[6.287s] DEBUG:colcon.colcon_core.event_reactor:joining thread
[6.290s] INFO:colcon.colcon_core.plugin_system:Skipping extension 'colcon_notification.desktop_notification.terminal_notifier': Not used on non-Darwin systems
[6.290s] INFO:colcon.colcon_core.plugin_system:Skipping extension 'colcon_notification.desktop_notification.win32': Not used on non-Windows systems
[6.291s] INFO:colcon.colcon_notification.desktop_notification:Sending desktop notification using 'notify2'
[6.298s] DEBUG:colcon.colcon_core.event_reactor:joined thread
[6.298s] INFO:colcon.colcon_core.shell:Creating prefix script '/home/cc/pg-ros/4_ROS2_Beginners/project_followerdolly_ws/install/local_setup.ps1'
[6.299s] INFO:colcon.colcon_core.shell:Creating prefix util module '/home/cc/pg-ros/4_ROS2_Beginners/project_followerdolly_ws/install/_local_setup_util_ps1.py'
[6.300s] INFO:colcon.colcon_core.shell:Creating prefix chain script '/home/cc/pg-ros/4_ROS2_Beginners/project_followerdolly_ws/install/setup.ps1'
[6.300s] INFO:colcon.colcon_core.shell:Creating prefix script '/home/cc/pg-ros/4_ROS2_Beginners/project_followerdolly_ws/install/local_setup.sh'
[6.300s] INFO:colcon.colcon_core.shell:Creating prefix util module '/home/cc/pg-ros/4_ROS2_Beginners/project_followerdolly_ws/install/_local_setup_util_sh.py'
[6.301s] INFO:colcon.colcon_core.shell:Creating prefix chain script '/home/cc/pg-ros/4_ROS2_Beginners/project_followerdolly_ws/install/setup.sh'
[6.301s] INFO:colcon.colcon_core.shell:Creating prefix script '/home/cc/pg-ros/4_ROS2_Beginners/project_followerdolly_ws/install/local_setup.bash'
[6.301s] INFO:colcon.colcon_core.shell:Creating prefix chain script '/home/cc/pg-ros/4_ROS2_Beginners/project_followerdolly_ws/install/setup.bash'
[6.302s] INFO:colcon.colcon_core.shell:Creating prefix script '/home/cc/pg-ros/4_ROS2_Beginners/project_followerdolly_ws/install/local_setup.zsh'
[6.302s] INFO:colcon.colcon_core.shell:Creating prefix chain script '/home/cc/pg-ros/4_ROS2_Beginners/project_followerdolly_ws/install/setup.zsh'
